Using pre-set license
Built from '2021.3/staging' branch; Version is '2021.3.5f1 (40eb3a945986) revision 4254522'; Using compiler version '192829333'; Build Type 'Release'
OS: 'Windows 11  (10.0.22000) 64bit Professiona' Language: 'en' Physical Memory: 16310 MB
BatchMode: 1, IsHumanControllingUs: 0, StartBugReporterOnCrash: 0, Is64bit: 1, IsPro: 1

COMMAND LINE ARGUMENTS:
C:\Program Files\Unity\Hub\Editor\2021.3.5f1\Editor\Unity.exe
-adb2
-batchMode
-noUpm
-name
AssetImportWorker0
-projectPath
E:/GitRepo/DEDKGH/Dungeon Rush
-logFile
Logs/AssetImportWorker0.log
-srvPort
63687
Successfully changed project path to: E:/GitRepo/DEDKGH/Dungeon Rush
E:/GitRepo/DEDKGH/Dungeon Rush
[UnityMemory] Configuration Parameters - Can be set up in boot.config
    "memorysetup-bucket-allocator-granularity=16"
    "memorysetup-bucket-allocator-bucket-count=8"
    "memorysetup-bucket-allocator-block-size=33554432"
    "memorysetup-bucket-allocator-block-count=8"
    "memorysetup-main-allocator-block-size=16777216"
    "memorysetup-thread-allocator-block-size=16777216"
    "memorysetup-gfx-main-allocator-block-size=16777216"
    "memorysetup-gfx-thread-allocator-block-size=16777216"
    "memorysetup-cache-allocator-block-size=4194304"
    "memorysetup-typetree-allocator-block-size=2097152"
    "memorysetup-profiler-bucket-allocator-granularity=16"
    "memorysetup-profiler-bucket-allocator-bucket-count=8"
    "memorysetup-profiler-bucket-allocator-block-size=33554432"
    "memorysetup-profiler-bucket-allocator-block-count=8"
    "memorysetup-profiler-allocator-block-size=16777216"
    "memorysetup-profiler-editor-allocator-block-size=1048576"
    "memorysetup-temp-allocator-size-main=16777216"
    "memorysetup-job-temp-allocator-block-size=2097152"
    "memorysetup-job-temp-allocator-block-size-background=1048576"
    "memorysetup-job-temp-allocator-reduction-small-platforms=262144"
    "memorysetup-temp-allocator-size-background-worker=32768"
    "memorysetup-temp-allocator-size-job-worker=262144"
    "memorysetup-temp-allocator-size-preload-manager=33554432"
    "memorysetup-temp-allocator-size-nav-mesh-worker=65536"
    "memorysetup-temp-allocator-size-audio-worker=65536"
    "memorysetup-temp-allocator-size-cloud-worker=32768"
    "memorysetup-temp-allocator-size-gi-baking-worker=262144"
    "memorysetup-temp-allocator-size-gfx=262144"
Refreshing native plugins compatible for Editor in 89.92 ms, found 3 plugins.
Preloading 0 native plugins for Editor in 0.00 ms.
Initialize engine version: 2021.3.5f1 (40eb3a945986)
[Subsystems] Discovering subsystems at path C:/Program Files/Unity/Hub/Editor/2021.3.5f1/Editor/Data/Resources/UnitySubsystems
[Subsystems] Discovering subsystems at path E:/GitRepo/DEDKGH/Dungeon Rush/Assets
GfxDevice: creating device client; threaded=0; jobified=0
Direct3D:
    Version:  Direct3D 11.0 [level 11.1]
    Renderer: NVIDIA GeForce RTX 3080 (ID=0x2216)
    Vendor:   NVIDIA
    VRAM:     10078 MB
    Driver:   31.0.15.1640
Initialize mono
Mono path[0] = 'C:/Program Files/Unity/Hub/Editor/2021.3.5f1/Editor/Data/Managed'
Mono path[1] = 'C:/Program Files/Unity/Hub/Editor/2021.3.5f1/Editor/Data/MonoBleedingEdge/lib/mono/unityjit-win32'
Mono config path = 'C:/Program Files/Unity/Hub/Editor/2021.3.5f1/Editor/Data/MonoBleedingEdge/etc'
Using monoOptions --debugger-agent=transport=dt_socket,embedding=1,server=y,suspend=n,address=127.0.0.1:56560
Begin MonoManager ReloadAssembly
Registering precompiled unity dll's ...
Register platform support module: C:/Program Files/Unity/Hub/Editor/2021.3.5f1/Editor/Data/PlaybackEngines/AndroidPlayer/UnityEditor.Android.Extensions.dll
Register platform support module: C:/Program Files/Unity/Hub/Editor/2021.3.5f1/Editor/Data/PlaybackEngines/WindowsStandaloneSupport/UnityEditor.WindowsStandalone.Extensions.dll
Registered in 0.004402 seconds.
Native extension for WindowsStandalone target not found
Native extension for Android target not found
Refreshing native plugins compatible for Editor in 82.82 ms, found 3 plugins.
Preloading 0 native plugins for Editor in 0.00 ms.
Mono: successfully reloaded assembly
- Completed reload, in  0.598 seconds
Domain Reload Profiling:
	ReloadAssembly (598ms)
		BeginReloadAssembly (64ms)
			ExecutionOrderSort (0ms)
			DisableScriptedObjects (0ms)
			BackupInstance (0ms)
			ReleaseScriptingObjects (0ms)
			CreateAndSetChildDomain (1ms)
		EndReloadAssembly (436ms)
			LoadAssemblies (62ms)
			RebuildTransferFunctionScriptingTraits (0ms)
			SetupTypeCache (99ms)
			ReleaseScriptCaches (0ms)
			RebuildScriptCaches (25ms)
			SetupLoadedEditorAssemblies (266ms)
				LogAssemblyErrors (0ms)
				InitializePlatformSupportModulesInManaged (50ms)
				SetLoadedEditorAssemblies (0ms)
				RefreshPlugins (83ms)
				BeforeProcessingInitializeOnLoad (3ms)
				ProcessInitializeOnLoadAttributes (88ms)
				ProcessInitializeOnLoadMethodAttributes (41ms)
				AfterProcessingInitializeOnLoad (0ms)
				EditorAssembliesLoaded (0ms)
			ExecutionOrderSort2 (0ms)
			AwakeInstancesAfterBackupRestoration (0ms)
Platform modules already initialized, skipping
Registering precompiled user dll's ...
Registered in 0.005052 seconds.
Begin MonoManager ReloadAssembly
Native extension for WindowsStandalone target not found
Native extension for Android target not found
Refreshing native plugins compatible for Editor in 88.91 ms, found 3 plugins.
Preloading 0 native plugins for Editor in 0.00 ms.
Mono: successfully reloaded assembly
- Completed reload, in  1.288 seconds
Domain Reload Profiling:
	ReloadAssembly (1288ms)
		BeginReloadAssembly (217ms)
			ExecutionOrderSort (0ms)
			DisableScriptedObjects (6ms)
			BackupInstance (0ms)
			ReleaseScriptingObjects (0ms)
			CreateAndSetChildDomain (132ms)
		EndReloadAssembly (965ms)
			LoadAssemblies (79ms)
			RebuildTransferFunctionScriptingTraits (0ms)
			SetupTypeCache (235ms)
			ReleaseScriptCaches (1ms)
			RebuildScriptCaches (71ms)
			SetupLoadedEditorAssemblies (534ms)
				LogAssemblyErrors (0ms)
				InitializePlatformSupportModulesInManaged (11ms)
				SetLoadedEditorAssemblies (0ms)
				RefreshPlugins (89ms)
				BeforeProcessingInitializeOnLoad (93ms)
				ProcessInitializeOnLoadAttributes (246ms)
				ProcessInitializeOnLoadMethodAttributes (89ms)
				AfterProcessingInitializeOnLoad (6ms)
				EditorAssembliesLoaded (0ms)
			ExecutionOrderSort2 (0ms)
			AwakeInstancesAfterBackupRestoration (7ms)
Platform modules already initialized, skipping
========================================================================
Worker process is ready to serve import requests
Launched and connected shader compiler UnityShaderCompiler.exe after 0.07 seconds
Refreshing native plugins compatible for Editor in 1.63 ms, found 3 plugins.
Preloading 0 native plugins for Editor in 0.00 ms.
Unloading 4262 Unused Serialized files (Serialized files now loaded: 0)
Unloading 50 unused Assets / (0.7 MB). Loaded Objects now: 4740.
Memory consumption went from 203.1 MB to 202.4 MB.
Total: 4.866800 ms (FindLiveObjects: 0.387600 ms CreateObjectMapping: 0.132900 ms MarkObjects: 4.052500 ms  DeleteObjects: 0.292500 ms)

AssetImportParameters requested are different than current active one (requested -> active):
  custom:video-decoder-ogg-theora: a1e56fd34408186e4bbccfd4996cb3dc -> 
  custom:container-muxer-webm: aa71ff27fc2769a1b78a27578f13a17b -> 
  custom:container-demuxer-webm: 4f35f7cbe854078d1ac9338744f61a02 -> 
  custom:video-encoder-webm-vp8: eb34c28f22e8b96e1ab97ce403110664 -> 
  custom:audio-encoder-webm-vorbis: bf7c407c2cedff20999df2af8eb42d56 -> 
  custom:framework-win-MediaFoundation: 216162199b28c13a410421893ffa2e32 -> 
  custom:container-demuxer-ogg: 62fdf1f143b41e24485cea50d1cbac27 -> 
  custom:video-decoder-webm-vp8: 9c59270c3fd7afecdb556c50c9e8de78 -> 
  custom:audio-decoder-ogg-vorbis: bf7c407c2cedff20999df2af8eb42d56 -> 
========================================================================
Received Import Request.
  Time since last request: 54768.110145 seconds.
  path: Assets/Scenes/Test
  artifactKey: Guid(e2e84025df4f4404ea0ec43a3d74388b) Importer(815301076,1909f56bfc062723c751e8b465ee728b)
Start importing Assets/Scenes/Test using Guid(e2e84025df4f4404ea0ec43a3d74388b) Importer(815301076,1909f56bfc062723c751e8b465ee728b)  -> (artifact id: 'cec46ccd66288ab286f1362271fd391f') in 0.043049 seconds 
========================================================================
Received Import Request.
  Time since last request: 524.378150 seconds.
  path: Assets/Scripts
  artifactKey: Guid(c6a87817550150a44b5a7b9d20cc3789) Importer(815301076,1909f56bfc062723c751e8b465ee728b)
Start importing Assets/Scripts using Guid(c6a87817550150a44b5a7b9d20cc3789) Importer(815301076,1909f56bfc062723c751e8b465ee728b)  -> (artifact id: 'fcda99e56724f7acb440957056011c6d') in 0.005258 seconds 
========================================================================
Received Import Request.
  Time since last request: 11.093755 seconds.
  path: Assets/Scripts/Codemonkey
  artifactKey: Guid(7ca149e749a5ee949bc6cb6afff3b69e) Importer(815301076,1909f56bfc062723c751e8b465ee728b)
Start importing Assets/Scripts/Codemonkey using Guid(7ca149e749a5ee949bc6cb6afff3b69e) Importer(815301076,1909f56bfc062723c751e8b465ee728b)  -> (artifact id: 'b4b033a3586702d6eb655a6a36b6b34e') in 0.005307 seconds 
========================================================================
Received Import Request.
  Time since last request: 1309.444394 seconds.
  path: Assets/_
  artifactKey: Guid(4ad70f11d566df74ea78e615ab4e6803) Importer(815301076,1909f56bfc062723c751e8b465ee728b)
Start importing Assets/_ using Guid(4ad70f11d566df74ea78e615ab4e6803) Importer(815301076,1909f56bfc062723c751e8b465ee728b)  -> (artifact id: 'a1ec7eac75220c00e50d5c9a07d599c6') in 0.005136 seconds 
========================================================================
Received Import Request.
  Time since last request: 0.893997 seconds.
  path: Assets/_/Stuff
  artifactKey: Guid(5a1f5de3e19072249a9182176764c31e) Importer(815301076,1909f56bfc062723c751e8b465ee728b)
Start importing Assets/_/Stuff using Guid(5a1f5de3e19072249a9182176764c31e) Importer(815301076,1909f56bfc062723c751e8b465ee728b)  -> (artifact id: 'a4db34eaa6abb38793b5ff8eefced13d') in 0.004974 seconds 
========================================================================
Received Import Request.
  Time since last request: 18.359923 seconds.
  path: Assets/_/Base
  artifactKey: Guid(e923061033aaf52448541b662297f701) Importer(815301076,1909f56bfc062723c751e8b465ee728b)
Start importing Assets/_/Base using Guid(e923061033aaf52448541b662297f701) Importer(815301076,1909f56bfc062723c751e8b465ee728b)  -> (artifact id: '9304c2033c92fba4ef7c38a706616cf9') in 0.004692 seconds 
========================================================================
Received Import Request.
  Time since last request: 0.035726 seconds.
  path: Assets/_/Base/2DRenderer.asset
  artifactKey: Guid(ed10a5df6f26b374193c068a65e675a7) Importer(815301076,1909f56bfc062723c751e8b465ee728b)
Start importing Assets/_/Base/2DRenderer.asset using Guid(ed10a5df6f26b374193c068a65e675a7) Importer(815301076,1909f56bfc062723c751e8b465ee728b)  -> (artifact id: 'f9f8425fa7782a12c63ba89c369a9714') in 0.031165 seconds 
========================================================================
Received Import Request.
  Time since last request: 1.239985 seconds.
  path: Assets/_/Base/BaseScripts
  artifactKey: Guid(c5240cddbdae0d34b87de0e616a299e4) Importer(815301076,1909f56bfc062723c751e8b465ee728b)
Start importing Assets/_/Base/BaseScripts using Guid(c5240cddbdae0d34b87de0e616a299e4) Importer(815301076,1909f56bfc062723c751e8b465ee728b)  -> (artifact id: 'a1826561961ee10c02811c71653afafb') in 0.005497 seconds 
========================================================================
Received Import Request.
  Time since last request: 16.494046 seconds.
  path: Assets/_/Base/BaseScripts/CharacterAimHandler.cs
  artifactKey: Guid(1ec0bd1be881665458d304a087f60127) Importer(815301076,1909f56bfc062723c751e8b465ee728b)
Start importing Assets/_/Base/BaseScripts/CharacterAimHandler.cs using Guid(1ec0bd1be881665458d304a087f60127) Importer(815301076,1909f56bfc062723c751e8b465ee728b)  -> (artifact id: '6c499ffde6253a9f991ce3d304ebad4c') in 0.015966 seconds 
========================================================================
Received Import Request.
  Time since last request: 6.102545 seconds.
  path: Assets/_/Base/BaseScripts/CharacterWaypointsHandler.cs
  artifactKey: Guid(4567e24f574663b4ba6230a89e43a190) Importer(815301076,1909f56bfc062723c751e8b465ee728b)
Start importing Assets/_/Base/BaseScripts/CharacterWaypointsHandler.cs using Guid(4567e24f574663b4ba6230a89e43a190) Importer(815301076,1909f56bfc062723c751e8b465ee728b)  -> (artifact id: '7aa6a29e56e0d42286d6cc020ff7f847') in 0.005631 seconds 
========================================================================
Received Import Request.
  Time since last request: 0.270106 seconds.
  path: Assets/_/Base/BaseScripts/Enemy.cs
  artifactKey: Guid(e27075ee0046afe40a0f3e99f510f68e) Importer(815301076,1909f56bfc062723c751e8b465ee728b)
Start importing Assets/_/Base/BaseScripts/Enemy.cs using Guid(e27075ee0046afe40a0f3e99f510f68e) Importer(815301076,1909f56bfc062723c751e8b465ee728b)  -> (artifact id: 'fdfb6af061a2e302dab2a2032d78dbf6') in 0.005186 seconds 
========================================================================
Received Import Request.
  Time since last request: 160.439484 seconds.
  path: Assets/Audio/Music/A King's place.mp3
  artifactKey: Guid(1e5bb9e77db3e2d4296e1147b48de05b) Importer(815301076,1909f56bfc062723c751e8b465ee728b)
Start importing Assets/Audio/Music/A King's place.mp3 using Guid(1e5bb9e77db3e2d4296e1147b48de05b) Importer(815301076,1909f56bfc062723c751e8b465ee728b)  -> (artifact id: '00c6a9b39388d113d016710b81969e03') in 0.233000 seconds 
========================================================================
Received Import Request.
  Time since last request: 0.000026 seconds.
  path: Assets/Resourcess/AstarPathfindingProject/Editor/EditorAssets/AstarEditorSkinDark.guiskin
  artifactKey: Guid(8fc713511eb5d4fb9937ab63de6af346) Importer(815301076,1909f56bfc062723c751e8b465ee728b)
Start importing Assets/Resourcess/AstarPathfindingProject/Editor/EditorAssets/AstarEditorSkinDark.guiskin using Guid(8fc713511eb5d4fb9937ab63de6af346) Importer(815301076,1909f56bfc062723c751e8b465ee728b)  -> (artifact id: '14e1c24b1e130e7939d31a9e8808349b') in 0.025434 seconds 
========================================================================
Received Import Request.
  Time since last request: 0.000046 seconds.
  path: Assets/Inventory/Textures/Coin.png
  artifactKey: Guid(cf36dfe8f1a0e82469863e44b6425d50) Importer(815301076,1909f56bfc062723c751e8b465ee728b)
Start importing Assets/Inventory/Textures/Coin.png using Guid(cf36dfe8f1a0e82469863e44b6425d50) Importer(815301076,1909f56bfc062723c751e8b465ee728b)  -> (artifact id: '724fff7a9e3b88445eadc7b6375e02b1') in 0.061001 seconds 
========================================================================
Received Import Request.
  Time since last request: 0.000035 seconds.
  path: Assets/Audio/Coin.wav
  artifactKey: Guid(bb15ca5cc3f2ef040ba587bc0c3f40c2) Importer(815301076,1909f56bfc062723c751e8b465ee728b)
Start importing Assets/Audio/Coin.wav using Guid(bb15ca5cc3f2ef040ba587bc0c3f40c2) Importer(815301076,1909f56bfc062723c751e8b465ee728b)  -> (artifact id: '136959c8a65fc39fec450f89b8ba00e8') in 0.014124 seconds 
========================================================================
Received Import Request.
  Time since last request: 0.000024 seconds.
  path: Assets/Resourcess/TextMesh Pro/Examples & Extras/Resources/Fonts & Materials/Bangers SDF - Outline.mat
  artifactKey: Guid(f629c6e43dba4bf38cb74d8860150664) Importer(815301076,1909f56bfc062723c751e8b465ee728b)
Start importing Assets/Resourcess/TextMesh Pro/Examples & Extras/Resources/Fonts & Materials/Bangers SDF - Outline.mat using Guid(f629c6e43dba4bf38cb74d8860150664) Importer(815301076,1909f56bfc062723c751e8b465ee728b)  -> (artifact id: 'a7c11ae226480a6d989b7de1befd3fb7') in 0.058651 seconds 
========================================================================
Received Import Request.
  Time since last request: 0.000024 seconds.
  path: Assets/Resourcess/AstarPathfindingProject/Editor/EditorAssets/AstarEditorSkinLight.guiskin
  artifactKey: Guid(66428235a3cda4584bd90de6998ad4d2) Importer(815301076,1909f56bfc062723c751e8b465ee728b)
Start importing Assets/Resourcess/AstarPathfindingProject/Editor/EditorAssets/AstarEditorSkinLight.guiskin using Guid(66428235a3cda4584bd90de6998ad4d2) Importer(815301076,1909f56bfc062723c751e8b465ee728b)  -> (artifact id: 'e6b79d7bf1883c127ea1a47a459a28d7') in 0.012266 seconds 
========================================================================
Received Import Request.
  Time since last request: 0.000022 seconds.
  path: Assets/Resourcess/AstarPathfindingProject/Editor/AstarPathfindingProjectEditor.asmdef
  artifactKey: Guid(865575785c1524f888e47306de0c1246) Importer(815301076,1909f56bfc062723c751e8b465ee728b)
Start importing Assets/Resourcess/AstarPathfindingProject/Editor/AstarPathfindingProjectEditor.asmdef using Guid(865575785c1524f888e47306de0c1246) Importer(815301076,1909f56bfc062723c751e8b465ee728b)  -> (artifact id: '88aa6c2bb0a980fb45d5344747b315aa') in 0.006719 seconds 
========================================================================
Received Import Request.
  Time since last request: 0.000034 seconds.
  path: Assets/Resourcess/AstarPathfindingProject/Editor/EditorAssets/LightSkin/colorInterpolationBox.png
  artifactKey: Guid(9bf4f8f9d8795455bb87213dd56ed793) Importer(815301076,1909f56bfc062723c751e8b465ee728b)
Start importing Assets/Resourcess/AstarPathfindingProject/Editor/EditorAssets/LightSkin/colorInterpolationBox.png using Guid(9bf4f8f9d8795455bb87213dd56ed793) Importer(815301076,1909f56bfc062723c751e8b465ee728b)  -> (artifact id: '027757c39ff2b2b5f8fefabf2b5e6863') in 0.015174 seconds 
========================================================================
Received Import Request.
  Time since last request: 0.207842 seconds.
  path: Assets/Prefab/Inventory.prefab
  artifactKey: Guid(28081cd59c64eb147a5b39edd0e43d8e) Importer(815301076,1909f56bfc062723c751e8b465ee728b)
Start importing Assets/Prefab/Inventory.prefab using Guid(28081cd59c64eb147a5b39edd0e43d8e) Importer(815301076,1909f56bfc062723c751e8b465ee728b)  -> (artifact id: '1ea608a12ffac104910fdd3d9c5bae39') in 0.025445 seconds 
========================================================================
Received Import Request.
  Time since last request: 0.000025 seconds.
  path: Assets/UI/inventory ui.psd
  artifactKey: Guid(e627dacc47448ef40ad21e735799e197) Importer(815301076,1909f56bfc062723c751e8b465ee728b)
Start importing Assets/UI/inventory ui.psd using Guid(e627dacc47448ef40ad21e735799e197) Importer(815301076,1909f56bfc062723c751e8b465ee728b)  -> (artifact id: '72c7dd5926e676304441bf0f4fbe40b2') in 0.033303 seconds 
========================================================================
Received Import Request.
  Time since last request: 0.000046 seconds.
  path: Assets/Prefab/inventory_Slot.prefab
  artifactKey: Guid(0c00d12510858e44ba4b240c2397ea2d) Importer(815301076,1909f56bfc062723c751e8b465ee728b)
Start importing Assets/Prefab/inventory_Slot.prefab using Guid(0c00d12510858e44ba4b240c2397ea2d) Importer(815301076,1909f56bfc062723c751e8b465ee728b)  -> (artifact id: 'eee722c51325b3e73060ee019b2c9da4') in 0.008697 seconds 
========================================================================
Received Import Request.
  Time since last request: 1.773380 seconds.
  path: Assets/Inventory/Scripts/Inventory.cs
  artifactKey: Guid(ec78bf983d0718c42ad87c7893bbf77a) Importer(815301076,1909f56bfc062723c751e8b465ee728b)
Start importing Assets/Inventory/Scripts/Inventory.cs using Guid(ec78bf983d0718c42ad87c7893bbf77a) Importer(815301076,1909f56bfc062723c751e8b465ee728b)  -> (artifact id: '02466a086d2faad61aac0d83ad53c9dc') in 1.576757 seconds 
========================================================================
Received Import Request.
  Time since last request: 0.113391 seconds.
  path: Assets/Scripts/Inventory.cs
  artifactKey: Guid(32c681a56e1f3b546aea04626bc75455) Importer(815301076,1909f56bfc062723c751e8b465ee728b)
Start importing Assets/Scripts/Inventory.cs using Guid(32c681a56e1f3b546aea04626bc75455) Importer(815301076,1909f56bfc062723c751e8b465ee728b)  -> (artifact id: 'b33df596740579a7a7cc4183d452479a') in 0.002152 seconds 
========================================================================
Received Prepare
Registering precompiled user dll's ...
Registered in 0.004923 seconds.
Begin MonoManager ReloadAssembly
Native extension for WindowsStandalone target not found
Native extension for Android target not found
Refreshing native plugins compatible for Editor in 1.75 ms, found 3 plugins.
Preloading 0 native plugins for Editor in 0.00 ms.
Mono: successfully reloaded assembly
- Completed reload, in  1.150 seconds
Domain Reload Profiling:
	ReloadAssembly (1151ms)
		BeginReloadAssembly (197ms)
			ExecutionOrderSort (0ms)
			DisableScriptedObjects (9ms)
			BackupInstance (0ms)
			ReleaseScriptingObjects (0ms)
			CreateAndSetChildDomain (81ms)
		EndReloadAssembly (850ms)
			LoadAssemblies (107ms)
			RebuildTransferFunctionScriptingTraits (0ms)
			SetupTypeCache (246ms)
			ReleaseScriptCaches (2ms)
			RebuildScriptCaches (49ms)
			SetupLoadedEditorAssemblies (432ms)
				LogAssemblyErrors (0ms)
				InitializePlatformSupportModulesInManaged (21ms)
				SetLoadedEditorAssemblies (1ms)
				RefreshPlugins (2ms)
				BeforeProcessingInitializeOnLoad (78ms)
				ProcessInitializeOnLoadAttributes (241ms)
				ProcessInitializeOnLoadMethodAttributes (85ms)
				AfterProcessingInitializeOnLoad (5ms)
				EditorAssembliesLoaded (0ms)
			ExecutionOrderSort2 (0ms)
			AwakeInstancesAfterBackupRestoration (7ms)
Platform modules already initialized, skipping
Refreshing native plugins compatible for Editor in 2.17 ms, found 3 plugins.
Preloading 0 native plugins for Editor in 0.00 ms.
Unloading 4162 Unused Serialized files (Serialized files now loaded: 0)
Unloading 28 unused Assets / (0.7 MB). Loaded Objects now: 4808.
Memory consumption went from 199.2 MB to 198.6 MB.
Total: 4.090100 ms (FindLiveObjects: 0.334400 ms CreateObjectMapping: 0.112500 ms MarkObjects: 3.203100 ms  DeleteObjects: 0.438900 ms)

AssetImportParameters requested are different than current active one (requested -> active):
  custom:video-decoder-ogg-theora: a1e56fd34408186e4bbccfd4996cb3dc -> 
  custom:container-muxer-webm: aa71ff27fc2769a1b78a27578f13a17b -> 
  custom:container-demuxer-webm: 4f35f7cbe854078d1ac9338744f61a02 -> 
  custom:video-encoder-webm-vp8: eb34c28f22e8b96e1ab97ce403110664 -> 
  custom:audio-encoder-webm-vorbis: bf7c407c2cedff20999df2af8eb42d56 -> 
  custom:framework-win-MediaFoundation: 216162199b28c13a410421893ffa2e32 -> 
  custom:container-demuxer-ogg: 62fdf1f143b41e24485cea50d1cbac27 -> 
  custom:video-decoder-webm-vp8: 9c59270c3fd7afecdb556c50c9e8de78 -> 
  custom:audio-decoder-ogg-vorbis: bf7c407c2cedff20999df2af8eb42d56 -> 
========================================================================
Received Prepare
Registering precompiled user dll's ...
Registered in 0.005379 seconds.
Begin MonoManager ReloadAssembly
Native extension for WindowsStandalone target not found
Native extension for Android target not found
Refreshing native plugins compatible for Editor in 1.09 ms, found 3 plugins.
Preloading 0 native plugins for Editor in 0.00 ms.
Mono: successfully reloaded assembly
- Completed reload, in  1.151 seconds
Domain Reload Profiling:
	ReloadAssembly (1152ms)
		BeginReloadAssembly (121ms)
			ExecutionOrderSort (0ms)
			DisableScriptedObjects (6ms)
			BackupInstance (0ms)
			ReleaseScriptingObjects (0ms)
			CreateAndSetChildDomain (38ms)
		EndReloadAssembly (933ms)
			LoadAssemblies (88ms)
			RebuildTransferFunctionScriptingTraits (0ms)
			SetupTypeCache (226ms)
			ReleaseScriptCaches (2ms)
			RebuildScriptCaches (48ms)
			SetupLoadedEditorAssemblies (521ms)
				LogAssemblyErrors (0ms)
				InitializePlatformSupportModulesInManaged (18ms)
				SetLoadedEditorAssemblies (0ms)
				RefreshPlugins (1ms)
				BeforeProcessingInitializeOnLoad (76ms)
				ProcessInitializeOnLoadAttributes (308ms)
				ProcessInitializeOnLoadMethodAttributes (109ms)
				AfterProcessingInitializeOnLoad (9ms)
				EditorAssembliesLoaded (0ms)
			ExecutionOrderSort2 (0ms)
			AwakeInstancesAfterBackupRestoration (10ms)
Platform modules already initialized, skipping
Refreshing native plugins compatible for Editor in 2.97 ms, found 3 plugins.
Preloading 0 native plugins for Editor in 0.00 ms.
Unloading 4162 Unused Serialized files (Serialized files now loaded: 0)
Unloading 27 unused Assets / (0.7 MB). Loaded Objects now: 4823.
Memory consumption went from 199.3 MB to 198.6 MB.
Total: 4.628100 ms (FindLiveObjects: 0.480300 ms CreateObjectMapping: 0.127000 ms MarkObjects: 3.607400 ms  DeleteObjects: 0.412200 ms)

AssetImportParameters requested are different than current active one (requested -> active):
  custom:video-decoder-ogg-theora: a1e56fd34408186e4bbccfd4996cb3dc -> 
  custom:container-muxer-webm: aa71ff27fc2769a1b78a27578f13a17b -> 
  custom:container-demuxer-webm: 4f35f7cbe854078d1ac9338744f61a02 -> 
  custom:video-encoder-webm-vp8: eb34c28f22e8b96e1ab97ce403110664 -> 
  custom:audio-encoder-webm-vorbis: bf7c407c2cedff20999df2af8eb42d56 -> 
  custom:framework-win-MediaFoundation: 216162199b28c13a410421893ffa2e32 -> 
  custom:container-demuxer-ogg: 62fdf1f143b41e24485cea50d1cbac27 -> 
  custom:video-decoder-webm-vp8: 9c59270c3fd7afecdb556c50c9e8de78 -> 
  custom:audio-decoder-ogg-vorbis: bf7c407c2cedff20999df2af8eb42d56 -> 
========================================================================
Received Prepare
Registering precompiled user dll's ...
Registered in 0.006036 seconds.
Begin MonoManager ReloadAssembly
Native extension for WindowsStandalone target not found
Native extension for Android target not found
Refreshing native plugins compatible for Editor in 1.24 ms, found 3 plugins.
Preloading 0 native plugins for Editor in 0.00 ms.
Mono: successfully reloaded assembly
- Completed reload, in  1.176 seconds
Domain Reload Profiling:
	ReloadAssembly (1176ms)
		BeginReloadAssembly (121ms)
			ExecutionOrderSort (0ms)
			DisableScriptedObjects (6ms)
			BackupInstance (0ms)
			ReleaseScriptingObjects (0ms)
			CreateAndSetChildDomain (33ms)
		EndReloadAssembly (956ms)
			LoadAssemblies (83ms)
			RebuildTransferFunctionScriptingTraits (0ms)
			SetupTypeCache (262ms)
			ReleaseScriptCaches (2ms)
			RebuildScriptCaches (53ms)
			SetupLoadedEditorAssemblies (506ms)
				LogAssemblyErrors (0ms)
				InitializePlatformSupportModulesInManaged (22ms)
				SetLoadedEditorAssemblies (1ms)
				RefreshPlugins (1ms)
				BeforeProcessingInitializeOnLoad (83ms)
				ProcessInitializeOnLoadAttributes (291ms)
				ProcessInitializeOnLoadMethodAttributes (99ms)
				AfterProcessingInitializeOnLoad (9ms)
				EditorAssembliesLoaded (0ms)
			ExecutionOrderSort2 (0ms)
			AwakeInstancesAfterBackupRestoration (7ms)
Platform modules already initialized, skipping
Refreshing native plugins compatible for Editor in 2.68 ms, found 3 plugins.
Preloading 0 native plugins for Editor in 0.00 ms.
Unloading 4162 Unused Serialized files (Serialized files now loaded: 0)
Unloading 27 unused Assets / (0.7 MB). Loaded Objects now: 4838.
Memory consumption went from 199.3 MB to 198.6 MB.
Total: 5.030500 ms (FindLiveObjects: 0.579900 ms CreateObjectMapping: 0.148500 ms MarkObjects: 3.857200 ms  DeleteObjects: 0.443700 ms)

AssetImportParameters requested are different than current active one (requested -> active):
  custom:video-decoder-ogg-theora: a1e56fd34408186e4bbccfd4996cb3dc -> 
  custom:container-muxer-webm: aa71ff27fc2769a1b78a27578f13a17b -> 
  custom:container-demuxer-webm: 4f35f7cbe854078d1ac9338744f61a02 -> 
  custom:video-encoder-webm-vp8: eb34c28f22e8b96e1ab97ce403110664 -> 
  custom:audio-encoder-webm-vorbis: bf7c407c2cedff20999df2af8eb42d56 -> 
  custom:framework-win-MediaFoundation: 216162199b28c13a410421893ffa2e32 -> 
  custom:container-demuxer-ogg: 62fdf1f143b41e24485cea50d1cbac27 -> 
  custom:video-decoder-webm-vp8: 9c59270c3fd7afecdb556c50c9e8de78 -> 
  custom:audio-decoder-ogg-vorbis: bf7c407c2cedff20999df2af8eb42d56 -> 
========================================================================
Received Prepare
Registering precompiled user dll's ...
Registered in 0.005141 seconds.
Begin MonoManager ReloadAssembly
Native extension for WindowsStandalone target not found
Native extension for Android target not found
Refreshing native plugins compatible for Editor in 1.31 ms, found 3 plugins.
Preloading 0 native plugins for Editor in 0.00 ms.
Mono: successfully reloaded assembly
- Completed reload, in  1.127 seconds
Domain Reload Profiling:
	ReloadAssembly (1127ms)
		BeginReloadAssembly (119ms)
			ExecutionOrderSort (0ms)
			DisableScriptedObjects (6ms)
			BackupInstance (0ms)
			ReleaseScriptingObjects (0ms)
			CreateAndSetChildDomain (37ms)
		EndReloadAssembly (918ms)
			LoadAssemblies (81ms)
			RebuildTransferFunctionScriptingTraits (0ms)
			SetupTypeCache (250ms)
			ReleaseScriptCaches (2ms)
			RebuildScriptCaches (62ms)
			SetupLoadedEditorAssemblies (478ms)
				LogAssemblyErrors (0ms)
				InitializePlatformSupportModulesInManaged (22ms)
				SetLoadedEditorAssemblies (1ms)
				RefreshPlugins (1ms)
				BeforeProcessingInitializeOnLoad (84ms)
				ProcessInitializeOnLoadAttributes (272ms)
				ProcessInitializeOnLoadMethodAttributes (92ms)
				AfterProcessingInitializeOnLoad (6ms)
				EditorAssembliesLoaded (0ms)
			ExecutionOrderSort2 (0ms)
			AwakeInstancesAfterBackupRestoration (7ms)
Platform modules already initialized, skipping
Refreshing native plugins compatible for Editor in 2.86 ms, found 3 plugins.
Preloading 0 native plugins for Editor in 0.00 ms.
Unloading 4162 Unused Serialized files (Serialized files now loaded: 0)
Unloading 27 unused Assets / (0.7 MB). Loaded Objects now: 4853.
Memory consumption went from 199.3 MB to 198.7 MB.
Total: 3.947700 ms (FindLiveObjects: 0.387000 ms CreateObjectMapping: 0.116900 ms MarkObjects: 3.113200 ms  DeleteObjects: 0.329200 ms)

AssetImportParameters requested are different than current active one (requested -> active):
  custom:video-decoder-ogg-theora: a1e56fd34408186e4bbccfd4996cb3dc -> 
  custom:container-muxer-webm: aa71ff27fc2769a1b78a27578f13a17b -> 
  custom:container-demuxer-webm: 4f35f7cbe854078d1ac9338744f61a02 -> 
  custom:video-encoder-webm-vp8: eb34c28f22e8b96e1ab97ce403110664 -> 
  custom:audio-encoder-webm-vorbis: bf7c407c2cedff20999df2af8eb42d56 -> 
  custom:framework-win-MediaFoundation: 216162199b28c13a410421893ffa2e32 -> 
  custom:container-demuxer-ogg: 62fdf1f143b41e24485cea50d1cbac27 -> 
  custom:video-decoder-webm-vp8: 9c59270c3fd7afecdb556c50c9e8de78 -> 
  custom:audio-decoder-ogg-vorbis: bf7c407c2cedff20999df2af8eb42d56 -> 
========================================================================
Received Prepare
Registering precompiled user dll's ...
Registered in 0.004970 seconds.
Begin MonoManager ReloadAssembly
Native extension for WindowsStandalone target not found
Native extension for Android target not found
Refreshing native plugins compatible for Editor in 1.16 ms, found 3 plugins.
Preloading 0 native plugins for Editor in 0.00 ms.
Mono: successfully reloaded assembly
- Completed reload, in  1.125 seconds
Domain Reload Profiling:
	ReloadAssembly (1126ms)
		BeginReloadAssembly (114ms)
			ExecutionOrderSort (0ms)
			DisableScriptedObjects (6ms)
			BackupInstance (0ms)
			ReleaseScriptingObjects (0ms)
			CreateAndSetChildDomain (34ms)
		EndReloadAssembly (915ms)
			LoadAssemblies (77ms)
			RebuildTransferFunctionScriptingTraits (0ms)
			SetupTypeCache (240ms)
			ReleaseScriptCaches (2ms)
			RebuildScriptCaches (53ms)
			SetupLoadedEditorAssemblies (489ms)
				LogAssemblyErrors (0ms)
				InitializePlatformSupportModulesInManaged (23ms)
				SetLoadedEditorAssemblies (1ms)
				RefreshPlugins (1ms)
				BeforeProcessingInitializeOnLoad (90ms)
				ProcessInitializeOnLoadAttributes (272ms)
				ProcessInitializeOnLoadMethodAttributes (96ms)
				AfterProcessingInitializeOnLoad (6ms)
				EditorAssembliesLoaded (0ms)
			ExecutionOrderSort2 (0ms)
			AwakeInstancesAfterBackupRestoration (9ms)
Platform modules already initialized, skipping
Refreshing native plugins compatible for Editor in 2.27 ms, found 3 plugins.
Preloading 0 native plugins for Editor in 0.00 ms.
Unloading 4162 Unused Serialized files (Serialized files now loaded: 0)
Unloading 27 unused Assets / (0.7 MB). Loaded Objects now: 4868.
Memory consumption went from 199.4 MB to 198.7 MB.
Total: 4.508800 ms (FindLiveObjects: 0.494200 ms CreateObjectMapping: 0.142100 ms MarkObjects: 3.485100 ms  DeleteObjects: 0.386300 ms)

AssetImportParameters requested are different than current active one (requested -> active):
  custom:video-decoder-ogg-theora: a1e56fd34408186e4bbccfd4996cb3dc -> 
  custom:container-muxer-webm: aa71ff27fc2769a1b78a27578f13a17b -> 
  custom:container-demuxer-webm: 4f35f7cbe854078d1ac9338744f61a02 -> 
  custom:video-encoder-webm-vp8: eb34c28f22e8b96e1ab97ce403110664 -> 
  custom:audio-encoder-webm-vorbis: bf7c407c2cedff20999df2af8eb42d56 -> 
  custom:framework-win-MediaFoundation: 216162199b28c13a410421893ffa2e32 -> 
  custom:container-demuxer-ogg: 62fdf1f143b41e24485cea50d1cbac27 -> 
  custom:video-decoder-webm-vp8: 9c59270c3fd7afecdb556c50c9e8de78 -> 
  custom:audio-decoder-ogg-vorbis: bf7c407c2cedff20999df2af8eb42d56 -> 
========================================================================
Received Import Request.
  Time since last request: 615.884729 seconds.
  path: Assets/Prefab/Door.prefab
  artifactKey: Guid(5a035887c34cfb141ba76417c1afeb74) Importer(815301076,1909f56bfc062723c751e8b465ee728b)
Start importing Assets/Prefab/Door.prefab using Guid(5a035887c34cfb141ba76417c1afeb74) Importer(815301076,1909f56bfc062723c751e8b465ee728b)  -> (artifact id: '72619afd3f015d22cf8530c5ce2d7f04') in 0.077764 seconds 
========================================================================
Received Import Request.
  Time since last request: 0.000029 seconds.
  path: Assets/Prefab/Health Button.prefab
  artifactKey: Guid(6c1fc52787e548b4bb79fceb5bd2b71f) Importer(815301076,1909f56bfc062723c751e8b465ee728b)
Start importing Assets/Prefab/Health Button.prefab using Guid(6c1fc52787e548b4bb79fceb5bd2b71f) Importer(815301076,1909f56bfc062723c751e8b465ee728b)  -> (artifact id: '1b0276a6d615084854f04530a8e87e9b') in 0.018464 seconds 
========================================================================
Received Import Request.
  Time since last request: 0.000026 seconds.
  path: Assets/Prefab/Health Pickup.prefab
  artifactKey: Guid(956992d2ee75f764e9ff6248449e4040) Importer(815301076,1909f56bfc062723c751e8b465ee728b)
Start importing Assets/Prefab/Health Pickup.prefab using Guid(956992d2ee75f764e9ff6248449e4040) Importer(815301076,1909f56bfc062723c751e8b465ee728b)  -> (artifact id: 'a1ab09b0d385982f6b934e2bee8d157c') in 0.018279 seconds 
========================================================================
Received Import Request.
  Time since last request: 0.000023 seconds.
  path: Assets/Prefab/Weapon Pickup.prefab
  artifactKey: Guid(2091eebb3aca3be4393cf39c48e4a310) Importer(815301076,1909f56bfc062723c751e8b465ee728b)
Start importing Assets/Prefab/Weapon Pickup.prefab using Guid(2091eebb3aca3be4393cf39c48e4a310) Importer(815301076,1909f56bfc062723c751e8b465ee728b)  -> (artifact id: 'efe05d416a505bc573b5e5db61c2fc32') in 0.015712 seconds 
========================================================================
Received Import Request.
  Time since last request: 0.000031 seconds.
  path: Assets/Prefab/UI.prefab
  artifactKey: Guid(30a66e35745e3ba4e9f65fb15e7c101a) Importer(815301076,1909f56bfc062723c751e8b465ee728b)
Start importing Assets/Prefab/UI.prefab using Guid(30a66e35745e3ba4e9f65fb15e7c101a) Importer(815301076,1909f56bfc062723c751e8b465ee728b)  -> (artifact id: '9ced56c432475ee5033c319f54d1d8b3') in 0.015274 seconds 
========================================================================
Received Prepare
Registering precompiled user dll's ...
Registered in 0.005194 seconds.
Begin MonoManager ReloadAssembly
Native extension for WindowsStandalone target not found
Native extension for Android target not found
Refreshing native plugins compatible for Editor in 1.33 ms, found 3 plugins.
Preloading 0 native plugins for Editor in 0.00 ms.
Mono: successfully reloaded assembly
- Completed reload, in  1.267 seconds
Domain Reload Profiling:
	ReloadAssembly (1268ms)
		BeginReloadAssembly (124ms)
			ExecutionOrderSort (0ms)
			DisableScriptedObjects (5ms)
			BackupInstance (0ms)
			ReleaseScriptingObjects (0ms)
			CreateAndSetChildDomain (39ms)
		EndReloadAssembly (1037ms)
			LoadAssemblies (87ms)
			RebuildTransferFunctionScriptingTraits (0ms)
			SetupTypeCache (284ms)
			ReleaseScriptCaches (2ms)
			RebuildScriptCaches (74ms)
			SetupLoadedEditorAssemblies (529ms)
				LogAssemblyErrors (0ms)
				InitializePlatformSupportModulesInManaged (23ms)
				SetLoadedEditorAssemblies (0ms)
				RefreshPlugins (1ms)
				BeforeProcessingInitializeOnLoad (93ms)
				ProcessInitializeOnLoadAttributes (304ms)
				ProcessInitializeOnLoadMethodAttributes (100ms)
				AfterProcessingInitializeOnLoad (6ms)
				EditorAssembliesLoaded (0ms)
			ExecutionOrderSort2 (0ms)
			AwakeInstancesAfterBackupRestoration (7ms)
Platform modules already initialized, skipping
Refreshing native plugins compatible for Editor in 2.68 ms, found 3 plugins.
Preloading 0 native plugins for Editor in 0.00 ms.
Unloading 4162 Unused Serialized files (Serialized files now loaded: 0)
Unloading 29 unused Assets / (0.7 MB). Loaded Objects now: 4883.
Memory consumption went from 199.4 MB to 198.7 MB.
Total: 4.874900 ms (FindLiveObjects: 0.565500 ms CreateObjectMapping: 0.155700 ms MarkObjects: 3.785200 ms  DeleteObjects: 0.366700 ms)

AssetImportParameters requested are different than current active one (requested -> active):
  custom:video-decoder-ogg-theora: a1e56fd34408186e4bbccfd4996cb3dc -> 
  custom:container-muxer-webm: aa71ff27fc2769a1b78a27578f13a17b -> 
  custom:container-demuxer-webm: 4f35f7cbe854078d1ac9338744f61a02 -> 
  custom:video-encoder-webm-vp8: eb34c28f22e8b96e1ab97ce403110664 -> 
  custom:audio-encoder-webm-vorbis: bf7c407c2cedff20999df2af8eb42d56 -> 
  custom:framework-win-MediaFoundation: 216162199b28c13a410421893ffa2e32 -> 
  custom:container-demuxer-ogg: 62fdf1f143b41e24485cea50d1cbac27 -> 
  custom:video-decoder-webm-vp8: 9c59270c3fd7afecdb556c50c9e8de78 -> 
  custom:audio-decoder-ogg-vorbis: bf7c407c2cedff20999df2af8eb42d56 -> 
========================================================================
Received Prepare
Registering precompiled user dll's ...
Registered in 0.004882 seconds.
Begin MonoManager ReloadAssembly
Native extension for WindowsStandalone target not found
Native extension for Android target not found
Refreshing native plugins compatible for Editor in 1.22 ms, found 3 plugins.
Preloading 0 native plugins for Editor in 0.00 ms.
Mono: successfully reloaded assembly
- Completed reload, in  1.178 seconds
Domain Reload Profiling:
	ReloadAssembly (1179ms)
		BeginReloadAssembly (118ms)
			ExecutionOrderSort (0ms)
			DisableScriptedObjects (7ms)
			BackupInstance (0ms)
			ReleaseScriptingObjects (0ms)
			CreateAndSetChildDomain (35ms)
		EndReloadAssembly (950ms)
			LoadAssemblies (82ms)
			RebuildTransferFunctionScriptingTraits (0ms)
			SetupTypeCache (252ms)
			ReleaseScriptCaches (2ms)
			RebuildScriptCaches (65ms)
			SetupLoadedEditorAssemblies (494ms)
				LogAssemblyErrors (0ms)
				InitializePlatformSupportModulesInManaged (22ms)
				SetLoadedEditorAssemblies (0ms)
				RefreshPlugins (1ms)
				BeforeProcessingInitializeOnLoad (86ms)
				ProcessInitializeOnLoadAttributes (276ms)
				ProcessInitializeOnLoadMethodAttributes (101ms)
				AfterProcessingInitializeOnLoad (7ms)
				EditorAssembliesLoaded (0ms)
			ExecutionOrderSort2 (0ms)
			AwakeInstancesAfterBackupRestoration (7ms)
Platform modules already initialized, skipping
Refreshing native plugins compatible for Editor in 2.62 ms, found 3 plugins.
Preloading 0 native plugins for Editor in 0.00 ms.
Unloading 4162 Unused Serialized files (Serialized files now loaded: 0)
Unloading 27 unused Assets / (0.7 MB). Loaded Objects now: 4898.
Memory consumption went from 199.4 MB to 198.7 MB.
Total: 4.215600 ms (FindLiveObjects: 0.415700 ms CreateObjectMapping: 0.108900 ms MarkObjects: 3.316700 ms  DeleteObjects: 0.373100 ms)

AssetImportParameters requested are different than current active one (requested -> active):
  custom:video-decoder-ogg-theora: a1e56fd34408186e4bbccfd4996cb3dc -> 
  custom:container-muxer-webm: aa71ff27fc2769a1b78a27578f13a17b -> 
  custom:container-demuxer-webm: 4f35f7cbe854078d1ac9338744f61a02 -> 
  custom:video-encoder-webm-vp8: eb34c28f22e8b96e1ab97ce403110664 -> 
  custom:audio-encoder-webm-vorbis: bf7c407c2cedff20999df2af8eb42d56 -> 
  custom:framework-win-MediaFoundation: 216162199b28c13a410421893ffa2e32 -> 
  custom:container-demuxer-ogg: 62fdf1f143b41e24485cea50d1cbac27 -> 
  custom:video-decoder-webm-vp8: 9c59270c3fd7afecdb556c50c9e8de78 -> 
  custom:audio-decoder-ogg-vorbis: bf7c407c2cedff20999df2af8eb42d56 -> 
Editor requested this worker to shutdown with reason: Scaling down because of idle timeout
AssetImportWorker is now disconnected from the server
Process exiting
Exiting without the bug reporter. Application will terminate with return code 0