Using pre-set license
Built from '2022.3/release' branch; Version is '2022.3.0f1 (fb119bb0b476) revision 16454043'; Using compiler version '192829333'; Build Type 'Release'
OS: 'Windows 11  (10.0.22621) 64bit Professional' Language: 'en' Physical Memory: 16230 MB
BatchMode: 1, IsHumanControllingUs: 0, StartBugReporterOnCrash: 0, Is64bit: 1, IsPro: 1

COMMAND LINE ARGUMENTS:
E:\Software\2021.3.16f1\Editor\2022.3.0f1\Editor\Unity.exe
-adb2
-batchMode
-noUpm
-name
AssetImportWorker0
-projectPath
E:/GitHub/DEDKGH/TheForgottenAsylum
-logFile
Logs/AssetImportWorker0.log
-srvPort
59668
Successfully changed project path to: E:/GitHub/DEDKGH/TheForgottenAsylum
E:/GitHub/DEDKGH/TheForgottenAsylum
[UnityMemory] Configuration Parameters - Can be set up in boot.config
    "memorysetup-bucket-allocator-granularity=16"
    "memorysetup-bucket-allocator-bucket-count=8"
    "memorysetup-bucket-allocator-block-size=33554432"
    "memorysetup-bucket-allocator-block-count=8"
    "memorysetup-main-allocator-block-size=16777216"
    "memorysetup-thread-allocator-block-size=16777216"
    "memorysetup-gfx-main-allocator-block-size=16777216"
    "memorysetup-gfx-thread-allocator-block-size=16777216"
    "memorysetup-cache-allocator-block-size=4194304"
    "memorysetup-typetree-allocator-block-size=2097152"
    "memorysetup-profiler-bucket-allocator-granularity=16"
    "memorysetup-profiler-bucket-allocator-bucket-count=8"
    "memorysetup-profiler-bucket-allocator-block-size=33554432"
    "memorysetup-profiler-bucket-allocator-block-count=8"
    "memorysetup-profiler-allocator-block-size=16777216"
    "memorysetup-profiler-editor-allocator-block-size=1048576"
    "memorysetup-temp-allocator-size-main=16777216"
    "memorysetup-job-temp-allocator-block-size=2097152"
    "memorysetup-job-temp-allocator-block-size-background=1048576"
    "memorysetup-job-temp-allocator-reduction-small-platforms=262144"
    "memorysetup-allocator-temp-initial-block-size-main=262144"
    "memorysetup-allocator-temp-initial-block-size-worker=262144"
    "memorysetup-temp-allocator-size-background-worker=32768"
    "memorysetup-temp-allocator-size-job-worker=262144"
    "memorysetup-temp-allocator-size-preload-manager=33554432"
    "memorysetup-temp-allocator-size-nav-mesh-worker=65536"
    "memorysetup-temp-allocator-size-audio-worker=65536"
    "memorysetup-temp-allocator-size-cloud-worker=32768"
    "memorysetup-temp-allocator-size-gi-baking-worker=262144"
    "memorysetup-temp-allocator-size-gfx=262144"
Player connection [1716] Host "[IP] 192.168.1.54 [Port] 0 [Flags] 2 [Guid] 2399891097 [EditorId] 2399891097 [Version] 1048832 [Id] WindowsEditor(7,Vishu) [Debug] 1 [PackageName] WindowsEditor [ProjectName] Editor" joined multi-casting on [225.0.0.222:54997]...

Player connection [1716] Host "[IP] 192.168.1.54 [Port] 0 [Flags] 2 [Guid] 2399891097 [EditorId] 2399891097 [Version] 1048832 [Id] WindowsEditor(7,Vishu) [Debug] 1 [PackageName] WindowsEditor [ProjectName] Editor" joined alternative multi-casting on [225.0.0.222:34997]...

Refreshing native plugins compatible for Editor in 40.61 ms, found 4 plugins.
Preloading 0 native plugins for Editor in 0.00 ms.
Initialize engine version: 2022.3.0f1 (fb119bb0b476)
[Subsystems] Discovering subsystems at path E:/Software/2021.3.16f1/Editor/2022.3.0f1/Editor/Data/Resources/UnitySubsystems
[Subsystems] Discovering subsystems at path E:/GitHub/DEDKGH/TheForgottenAsylum/Assets
GfxDevice: creating device client; threaded=0; jobified=0
Direct3D:
    Version:  Direct3D 11.0 [level 11.1]
    Renderer: NVIDIA GeForce GTX 1060 (ID=0x1c20)
    Vendor:   NVIDIA
    VRAM:     6043 MB
    Driver:   31.0.15.3161
Initialize mono
Mono path[0] = 'E:/Software/2021.3.16f1/Editor/2022.3.0f1/Editor/Data/Managed'
Mono path[1] = 'E:/Software/2021.3.16f1/Editor/2022.3.0f1/Editor/Data/MonoBleedingEdge/lib/mono/unityjit-win32'
Mono config path = 'E:/Software/2021.3.16f1/Editor/2022.3.0f1/Editor/Data/MonoBleedingEdge/etc'
Using monoOptions --debugger-agent=transport=dt_socket,embedding=1,server=y,suspend=n,address=127.0.0.1:56956
Begin MonoManager ReloadAssembly
Registering precompiled unity dll's ...
Register platform support module: E:/Software/2021.3.16f1/Editor/2022.3.0f1/Editor/Data/PlaybackEngines/WindowsStandaloneSupport/UnityEditor.WindowsStandalone.Extensions.dll
Registered in 0.004178 seconds.
- Loaded All Assemblies, in  0.698 seconds
Native extension for WindowsStandalone target not found
Mono: successfully reloaded assembly
- Finished resetting the current domain, in  0.441 seconds
Domain Reload Profiling: 1139ms
	BeginReloadAssembly (275ms)
		ExecutionOrderSort (0ms)
		DisableScriptedObjects (0ms)
		BackupInstance (0ms)
		ReleaseScriptingObjects (0ms)
		CreateAndSetChildDomain (1ms)
	RebuildCommonClasses (60ms)
	RebuildNativeTypeToScriptingClass (21ms)
	initialDomainReloadingComplete (75ms)
	LoadAllAssembliesAndSetupDomain (267ms)
		LoadAssemblies (274ms)
		RebuildTransferFunctionScriptingTraits (0ms)
		AnalyzeDomain (264ms)
			TypeCache.Refresh (263ms)
				TypeCache.ScanAssembly (244ms)
			ScanForSourceGeneratedMonoScriptInfo (1ms)
			ResolveRequiredComponents (0ms)
	FinalizeReload (441ms)
		ReleaseScriptCaches (0ms)
		RebuildScriptCaches (0ms)
		SetupLoadedEditorAssemblies (340ms)
			LogAssemblyErrors (0ms)
			InitializePlatformSupportModulesInManaged (12ms)
			SetLoadedEditorAssemblies (19ms)
			RefreshPlugins (0ms)
			BeforeProcessingInitializeOnLoad (4ms)
			ProcessInitializeOnLoadAttributes (242ms)
			ProcessInitializeOnLoadMethodAttributes (62ms)
			AfterProcessingInitializeOnLoad (0ms)
			EditorAssembliesLoaded (0ms)
		ExecutionOrderSort2 (0ms)
		AwakeInstancesAfterBackupRestoration (0ms)
========================================================================
Worker process is ready to serve import requests
Begin MonoManager ReloadAssembly
Symbol file LoadedFromMemory doesn't match image E:\GitHub\DEDKGH\TheForgottenAsylum\Library\PackageCache\com.unity.visualscripting@1.8.0\Editor\VisualScripting.Core\Dependencies\YamlDotNet\Unity.VisualScripting.YamlDotNet.dll
Symbol file LoadedFromMemory doesn't match image E:\GitHub\DEDKGH\TheForgottenAsylum\Library\PackageCache\com.unity.visualscripting@1.8.0\Editor\VisualScripting.Core\Dependencies\DotNetZip\Unity.VisualScripting.IonicZip.dll
- Loaded All Assemblies, in  3.077 seconds
Refreshing native plugins compatible for Editor in 3.37 ms, found 4 plugins.
Native extension for WindowsStandalone target not found
Mono: successfully reloaded assembly
- Finished resetting the current domain, in  0.837 seconds
Domain Reload Profiling: 3914ms
	BeginReloadAssembly (165ms)
		ExecutionOrderSort (0ms)
		DisableScriptedObjects (6ms)
		BackupInstance (0ms)
		ReleaseScriptingObjects (0ms)
		CreateAndSetChildDomain (28ms)
	RebuildCommonClasses (46ms)
	RebuildNativeTypeToScriptingClass (15ms)
	initialDomainReloadingComplete (56ms)
	LoadAllAssembliesAndSetupDomain (2795ms)
		LoadAssemblies (2366ms)
		RebuildTransferFunctionScriptingTraits (0ms)
		AnalyzeDomain (515ms)
			TypeCache.Refresh (453ms)
				TypeCache.ScanAssembly (432ms)
			ScanForSourceGeneratedMonoScriptInfo (43ms)
			ResolveRequiredComponents (19ms)
	FinalizeReload (838ms)
		ReleaseScriptCaches (0ms)
		RebuildScriptCaches (0ms)
		SetupLoadedEditorAssemblies (611ms)
			LogAssemblyErrors (0ms)
			InitializePlatformSupportModulesInManaged (5ms)
			SetLoadedEditorAssemblies (4ms)
			RefreshPlugins (0ms)
			BeforeProcessingInitializeOnLoad (93ms)
			ProcessInitializeOnLoadAttributes (422ms)
			ProcessInitializeOnLoadMethodAttributes (85ms)
			AfterProcessingInitializeOnLoad (2ms)
			EditorAssembliesLoaded (0ms)
		ExecutionOrderSort2 (0ms)
		AwakeInstancesAfterBackupRestoration (8ms)
Launched and connected shader compiler UnityShaderCompiler.exe after 0.07 seconds
Refreshing native plugins compatible for Editor in 6.56 ms, found 4 plugins.
Preloading 0 native plugins for Editor in 0.00 ms.
Unloading 6347 Unused Serialized files (Serialized files now loaded: 0)
Unloading 94 unused Assets / (0.8 MB). Loaded Objects now: 6829.
Memory consumption went from 265.5 MB to 264.7 MB.
Total: 9.327500 ms (FindLiveObjects: 0.880600 ms CreateObjectMapping: 0.958300 ms MarkObjects: 6.661200 ms  DeleteObjects: 0.825800 ms)

AssetImportParameters requested are different than current active one (requested -> active):
  custom:container-demuxer-ogg: 62fdf1f143b41e24485cea50d1cbac27 -> 
  custom:video-codec-MediaFoundation-h265: 746d11721c4dcdbdad8f713fa42b33f4 -> 
  custom:video-decoder-ogg-theora: a1e56fd34408186e4bbccfd4996cb3dc -> 
  custom:framework-win-MediaFoundation: 216162199b28c13a410421893ffa2e32 -> 
  custom:container-demuxer-webm: 4f35f7cbe854078d1ac9338744f61a02 -> 
  custom:container-muxer-webm: aa71ff27fc2769a1b78a27578f13a17b -> 
  custom:video-decoder-webm-vp8: 9c59270c3fd7afecdb556c50c9e8de78 -> 
  custom:AudioImporter_EditorPlatform: d09bf68614088b80899f8185d706f6e7 -> 
  custom:video-encoder-webm-vp8: eb34c28f22e8b96e1ab97ce403110664 -> 
  custom:audio-decoder-ogg-vorbis: bf7c407c2cedff20999df2af8eb42d56 -> 
  custom:audio-encoder-webm-vorbis: bf7c407c2cedff20999df2af8eb42d56 -> 
========================================================================
Received Import Request.
  Time since last request: 748661.479182 seconds.
  path: Assets/Environment
  artifactKey: Guid(14d7e7b81fac6b84b8d1a9ed5cbb8ae6) Importer(815301076,1909f56bfc062723c751e8b465ee728b)
Start importing Assets/Environment using Guid(14d7e7b81fac6b84b8d1a9ed5cbb8ae6) Importer(815301076,1909f56bfc062723c751e8b465ee728b)  -> (artifact id: '46494aeacbe0f10fe3dd5b32d1fc54b9') in 0.004329 seconds
Number of updated asset objects reloaded before import = 0
Number of asset objects unloaded after import = 0
========================================================================
Received Import Request.
  Time since last request: 166.984093 seconds.
  path: Assets/Environment/Prefab
  artifactKey: Guid(3e470067b8e5b474b9efb325e4ff99e8) Importer(815301076,1909f56bfc062723c751e8b465ee728b)
Start importing Assets/Environment/Prefab using Guid(3e470067b8e5b474b9efb325e4ff99e8) Importer(815301076,1909f56bfc062723c751e8b465ee728b)  -> (artifact id: 'd7147af8075d884ee02bee8985cd4899') in 0.000628 seconds
Number of updated asset objects reloaded before import = 0
Number of asset objects unloaded after import = 0
========================================================================
Received Import Request.
  Time since last request: 0.932653 seconds.
  path: Assets/Environment/Prefab/FirstFloor_Room.prefab
  artifactKey: Guid(8bdacecb76acbd24f946d66e2da3ce75) Importer(815301076,1909f56bfc062723c751e8b465ee728b)
Start importing Assets/Environment/Prefab/FirstFloor_Room.prefab using Guid(8bdacecb76acbd24f946d66e2da3ce75) Importer(815301076,1909f56bfc062723c751e8b465ee728b)  -> (artifact id: 'd11cd7199056c9a1d0993022b92dbdf2') in 0.006718 seconds
Number of updated asset objects reloaded before import = 0
Number of asset objects unloaded after import = 105
========================================================================
Received Import Request.
  Time since last request: 1.670002 seconds.
  path: Assets/Environment/Prefab/ThreeWindow (1).prefab
  artifactKey: Guid(7aa1af660c957214598d2669269e7ddc) Importer(815301076,1909f56bfc062723c751e8b465ee728b)
Start importing Assets/Environment/Prefab/ThreeWindow (1).prefab using Guid(7aa1af660c957214598d2669269e7ddc) Importer(815301076,1909f56bfc062723c751e8b465ee728b)  -> (artifact id: '19ee52f534fdcdfd7f2f990e6b79445b') in 0.002415 seconds
Number of updated asset objects reloaded before import = 0
Number of asset objects unloaded after import = 9
========================================================================
Received Import Request.
  Time since last request: 0.818145 seconds.
  path: Assets/Environment/Prefab/Window_FstFloor.prefab
  artifactKey: Guid(6b85e210be2763c478e0f22b0055b801) Importer(815301076,1909f56bfc062723c751e8b465ee728b)
Start importing Assets/Environment/Prefab/Window_FstFloor.prefab using Guid(6b85e210be2763c478e0f22b0055b801) Importer(815301076,1909f56bfc062723c751e8b465ee728b)  -> (artifact id: '793dd41d37a10b595b27e15441da28c6') in 0.002803 seconds
Number of updated asset objects reloaded before import = 0
Number of asset objects unloaded after import = 13
========================================================================
Received Import Request.
  Time since last request: 5.972145 seconds.
  path: Assets/Environment/ThreeWindow_Right.fbx
  artifactKey: Guid(6e02a991c69985a45a63cbcfba060552) Importer(815301076,1909f56bfc062723c751e8b465ee728b)
Start importing Assets/Environment/ThreeWindow_Right.fbx using Guid(6e02a991c69985a45a63cbcfba060552) Importer(815301076,1909f56bfc062723c751e8b465ee728b)  -> (artifact id: '2de6dab3632e09d4f6eecece851ec3cb') in 0.002480 seconds
Number of updated asset objects reloaded before import = 0
Number of asset objects unloaded after import = 11
========================================================================
Received Import Request.
  Time since last request: 0.000099 seconds.
  path: Assets/Environment/SingleWindow_FstFloor_Bottom.fbx
  artifactKey: Guid(90c89bb8f723cc643b860785168dbb96) Importer(815301076,1909f56bfc062723c751e8b465ee728b)
Start importing Assets/Environment/SingleWindow_FstFloor_Bottom.fbx using Guid(90c89bb8f723cc643b860785168dbb96) Importer(815301076,1909f56bfc062723c751e8b465ee728b)  -> (artifact id: 'be8f5d19851689c1cd2a084c6c2f9f56') in 0.003383 seconds
Number of updated asset objects reloaded before import = 0
Number of asset objects unloaded after import = 11
========================================================================
Received Import Request.
  Time since last request: 0.000023 seconds.
  path: Assets/Environment/Window_Bottom.fbx
  artifactKey: Guid(f3140dd27793096449bd30be7f0663a7) Importer(815301076,1909f56bfc062723c751e8b465ee728b)
Start importing Assets/Environment/Window_Bottom.fbx using Guid(f3140dd27793096449bd30be7f0663a7) Importer(815301076,1909f56bfc062723c751e8b465ee728b)  -> (artifact id: '5c1a4b35adf270ecafdd9b215cb5673a') in 0.003406 seconds
Number of updated asset objects reloaded before import = 0
Number of asset objects unloaded after import = 11
========================================================================
Received Import Request.
  Time since last request: 0.000032 seconds.
  path: Assets/Environment/Exterior_SingleWindow_FstFloor_Bottom.fbx
  artifactKey: Guid(5669c6dc7dbae6e4a92eb93c2048aae6) Importer(815301076,1909f56bfc062723c751e8b465ee728b)
Start importing Assets/Environment/Exterior_SingleWindow_FstFloor_Bottom.fbx using Guid(5669c6dc7dbae6e4a92eb93c2048aae6) Importer(815301076,1909f56bfc062723c751e8b465ee728b)  -> (artifact id: 'c7e97a4f927b6664713e7eea26604b86') in 0.002508 seconds
Number of updated asset objects reloaded before import = 0
Number of asset objects unloaded after import = 11
========================================================================
Received Import Request.
  Time since last request: 4.205848 seconds.
  path: Assets/Environment/Two_Window.fbx
  artifactKey: Guid(3b9e49d0c0b8fd24b92ee124a88c7116) Importer(815301076,1909f56bfc062723c751e8b465ee728b)
Start importing Assets/Environment/Two_Window.fbx using Guid(3b9e49d0c0b8fd24b92ee124a88c7116) Importer(815301076,1909f56bfc062723c751e8b465ee728b)  -> (artifact id: '275db1861970f42c343b140f2f96f516') in 0.002224 seconds
Number of updated asset objects reloaded before import = 0
Number of asset objects unloaded after import = 11
========================================================================
Received Import Request.
  Time since last request: 0.129171 seconds.
  path: Assets/Environment/ThreeWindow_Left.fbx
  artifactKey: Guid(e4d87059204f48744a5b41c0b989f893) Importer(815301076,1909f56bfc062723c751e8b465ee728b)
Start importing Assets/Environment/ThreeWindow_Left.fbx using Guid(e4d87059204f48744a5b41c0b989f893) Importer(815301076,1909f56bfc062723c751e8b465ee728b)  -> (artifact id: '1a5f9f22e52639b1a045aa903ce968d6') in 0.002659 seconds
Number of updated asset objects reloaded before import = 0
Number of asset objects unloaded after import = 11
Editor requested this worker to shutdown with reason: Scaling down because of idle timeout
TcpMessagingSession - receive error: operation aborted. errorcode: 995, details: The I/O operation has been aborted because of either a thread exit or an application request.
AssetImportWorker is now disconnected from the server
Process exiting
Exiting without the bug reporter. Application will terminate with return code 0