Using pre-set license
Built from '2022.3/release' branch; Version is '2022.3.0f1 (fb119bb0b476) revision 16454043'; Using compiler version '192829333'; Build Type 'Release'
OS: 'Windows 11  (10.0.22621) 64bit Professional' Language: 'en' Physical Memory: 16230 MB
BatchMode: 1, IsHumanControllingUs: 0, StartBugReporterOnCrash: 0, Is64bit: 1, IsPro: 1

COMMAND LINE ARGUMENTS:
E:\Software\2021.3.16f1\Editor\2022.3.0f1\Editor\Unity.exe
-adb2
-batchMode
-noUpm
-name
AssetImportWorker1
-projectPath
E:/GitHub/DEDKGH/TheForgottenAsylum
-logFile
Logs/AssetImportWorker1.log
-srvPort
59668
Successfully changed project path to: E:/GitHub/DEDKGH/TheForgottenAsylum
E:/GitHub/DEDKGH/TheForgottenAsylum
[UnityMemory] Configuration Parameters - Can be set up in boot.config
    "memorysetup-bucket-allocator-granularity=16"
    "memorysetup-bucket-allocator-bucket-count=8"
    "memorysetup-bucket-allocator-block-size=33554432"
    "memorysetup-bucket-allocator-block-count=8"
    "memorysetup-main-allocator-block-size=16777216"
    "memorysetup-thread-allocator-block-size=16777216"
    "memorysetup-gfx-main-allocator-block-size=16777216"
    "memorysetup-gfx-thread-allocator-block-size=16777216"
    "memorysetup-cache-allocator-block-size=4194304"
    "memorysetup-typetree-allocator-block-size=2097152"
    "memorysetup-profiler-bucket-allocator-granularity=16"
    "memorysetup-profiler-bucket-allocator-bucket-count=8"
    "memorysetup-profiler-bucket-allocator-block-size=33554432"
    "memorysetup-profiler-bucket-allocator-block-count=8"
    "memorysetup-profiler-allocator-block-size=16777216"
    "memorysetup-profiler-editor-allocator-block-size=1048576"
    "memorysetup-temp-allocator-size-main=16777216"
    "memorysetup-job-temp-allocator-block-size=2097152"
    "memorysetup-job-temp-allocator-block-size-background=1048576"
    "memorysetup-job-temp-allocator-reduction-small-platforms=262144"
    "memorysetup-allocator-temp-initial-block-size-main=262144"
    "memorysetup-allocator-temp-initial-block-size-worker=262144"
    "memorysetup-temp-allocator-size-background-worker=32768"
    "memorysetup-temp-allocator-size-job-worker=262144"
    "memorysetup-temp-allocator-size-preload-manager=33554432"
    "memorysetup-temp-allocator-size-nav-mesh-worker=65536"
    "memorysetup-temp-allocator-size-audio-worker=65536"
    "memorysetup-temp-allocator-size-cloud-worker=32768"
    "memorysetup-temp-allocator-size-gi-baking-worker=262144"
    "memorysetup-temp-allocator-size-gfx=262144"
Player connection [20940] Host "[IP] 192.168.1.54 [Port] 0 [Flags] 2 [Guid] 1911499621 [EditorId] 1911499621 [Version] 1048832 [Id] WindowsEditor(7,Vishu) [Debug] 1 [PackageName] WindowsEditor [ProjectName] Editor" joined multi-casting on [225.0.0.222:54997]...

Player connection [20940] Host "[IP] 192.168.1.54 [Port] 0 [Flags] 2 [Guid] 1911499621 [EditorId] 1911499621 [Version] 1048832 [Id] WindowsEditor(7,Vishu) [Debug] 1 [PackageName] WindowsEditor [ProjectName] Editor" joined alternative multi-casting on [225.0.0.222:34997]...

Refreshing native plugins compatible for Editor in 39.34 ms, found 4 plugins.
Preloading 0 native plugins for Editor in 0.00 ms.
Initialize engine version: 2022.3.0f1 (fb119bb0b476)
[Subsystems] Discovering subsystems at path E:/Software/2021.3.16f1/Editor/2022.3.0f1/Editor/Data/Resources/UnitySubsystems
[Subsystems] Discovering subsystems at path E:/GitHub/DEDKGH/TheForgottenAsylum/Assets
GfxDevice: creating device client; threaded=0; jobified=0
Direct3D:
    Version:  Direct3D 11.0 [level 11.1]
    Renderer: NVIDIA GeForce GTX 1060 (ID=0x1c20)
    Vendor:   NVIDIA
    VRAM:     6043 MB
    Driver:   31.0.15.3161
Initialize mono
Mono path[0] = 'E:/Software/2021.3.16f1/Editor/2022.3.0f1/Editor/Data/Managed'
Mono path[1] = 'E:/Software/2021.3.16f1/Editor/2022.3.0f1/Editor/Data/MonoBleedingEdge/lib/mono/unityjit-win32'
Mono config path = 'E:/Software/2021.3.16f1/Editor/2022.3.0f1/Editor/Data/MonoBleedingEdge/etc'
Using monoOptions --debugger-agent=transport=dt_socket,embedding=1,server=y,suspend=n,address=127.0.0.1:56064
Begin MonoManager ReloadAssembly
Registering precompiled unity dll's ...
Register platform support module: E:/Software/2021.3.16f1/Editor/2022.3.0f1/Editor/Data/PlaybackEngines/WindowsStandaloneSupport/UnityEditor.WindowsStandalone.Extensions.dll
Registered in 0.006243 seconds.
- Loaded All Assemblies, in  0.698 seconds
Native extension for WindowsStandalone target not found
Mono: successfully reloaded assembly
- Finished resetting the current domain, in  0.439 seconds
Domain Reload Profiling: 1137ms
	BeginReloadAssembly (270ms)
		ExecutionOrderSort (0ms)
		DisableScriptedObjects (0ms)
		BackupInstance (0ms)
		ReleaseScriptingObjects (0ms)
		CreateAndSetChildDomain (1ms)
	RebuildCommonClasses (60ms)
	RebuildNativeTypeToScriptingClass (15ms)
	initialDomainReloadingComplete (76ms)
	LoadAllAssembliesAndSetupDomain (276ms)
		LoadAssemblies (269ms)
		RebuildTransferFunctionScriptingTraits (0ms)
		AnalyzeDomain (273ms)
			TypeCache.Refresh (271ms)
				TypeCache.ScanAssembly (254ms)
			ScanForSourceGeneratedMonoScriptInfo (1ms)
			ResolveRequiredComponents (1ms)
	FinalizeReload (440ms)
		ReleaseScriptCaches (0ms)
		RebuildScriptCaches (0ms)
		SetupLoadedEditorAssemblies (332ms)
			LogAssemblyErrors (0ms)
			InitializePlatformSupportModulesInManaged (16ms)
			SetLoadedEditorAssemblies (16ms)
			RefreshPlugins (0ms)
			BeforeProcessingInitializeOnLoad (3ms)
			ProcessInitializeOnLoadAttributes (227ms)
			ProcessInitializeOnLoadMethodAttributes (70ms)
			AfterProcessingInitializeOnLoad (0ms)
			EditorAssembliesLoaded (0ms)
		ExecutionOrderSort2 (0ms)
		AwakeInstancesAfterBackupRestoration (0ms)
========================================================================
Worker process is ready to serve import requests
Begin MonoManager ReloadAssembly
Symbol file LoadedFromMemory doesn't match image E:\GitHub\DEDKGH\TheForgottenAsylum\Library\PackageCache\com.unity.visualscripting@1.8.0\Editor\VisualScripting.Core\Dependencies\YamlDotNet\Unity.VisualScripting.YamlDotNet.dll
Symbol file LoadedFromMemory doesn't match image E:\GitHub\DEDKGH\TheForgottenAsylum\Library\PackageCache\com.unity.visualscripting@1.8.0\Editor\VisualScripting.Core\Dependencies\DotNetZip\Unity.VisualScripting.IonicZip.dll
- Loaded All Assemblies, in  3.099 seconds
Refreshing native plugins compatible for Editor in 4.17 ms, found 4 plugins.
Native extension for WindowsStandalone target not found
Mono: successfully reloaded assembly
- Finished resetting the current domain, in  0.823 seconds
Domain Reload Profiling: 3921ms
	BeginReloadAssembly (167ms)
		ExecutionOrderSort (0ms)
		DisableScriptedObjects (6ms)
		BackupInstance (0ms)
		ReleaseScriptingObjects (0ms)
		CreateAndSetChildDomain (27ms)
	RebuildCommonClasses (44ms)
	RebuildNativeTypeToScriptingClass (14ms)
	initialDomainReloadingComplete (55ms)
	LoadAllAssembliesAndSetupDomain (2817ms)
		LoadAssemblies (2365ms)
		RebuildTransferFunctionScriptingTraits (0ms)
		AnalyzeDomain (537ms)
			TypeCache.Refresh (473ms)
				TypeCache.ScanAssembly (456ms)
			ScanForSourceGeneratedMonoScriptInfo (47ms)
			ResolveRequiredComponents (17ms)
	FinalizeReload (823ms)
		ReleaseScriptCaches (0ms)
		RebuildScriptCaches (0ms)
		SetupLoadedEditorAssemblies (598ms)
			LogAssemblyErrors (0ms)
			InitializePlatformSupportModulesInManaged (7ms)
			SetLoadedEditorAssemblies (6ms)
			RefreshPlugins (0ms)
			BeforeProcessingInitializeOnLoad (84ms)
			ProcessInitializeOnLoadAttributes (418ms)
			ProcessInitializeOnLoadMethodAttributes (80ms)
			AfterProcessingInitializeOnLoad (2ms)
			EditorAssembliesLoaded (0ms)
		ExecutionOrderSort2 (0ms)
		AwakeInstancesAfterBackupRestoration (8ms)
Launched and connected shader compiler UnityShaderCompiler.exe after 0.07 seconds
Refreshing native plugins compatible for Editor in 6.98 ms, found 4 plugins.
Preloading 0 native plugins for Editor in 0.00 ms.
Unloading 6347 Unused Serialized files (Serialized files now loaded: 0)
Unloading 94 unused Assets / (0.8 MB). Loaded Objects now: 6829.
Memory consumption went from 265.5 MB to 264.7 MB.
Total: 11.338000 ms (FindLiveObjects: 1.279600 ms CreateObjectMapping: 1.242600 ms MarkObjects: 7.884000 ms  DeleteObjects: 0.929600 ms)

AssetImportParameters requested are different than current active one (requested -> active):
  custom:container-demuxer-ogg: 62fdf1f143b41e24485cea50d1cbac27 -> 
  custom:video-codec-MediaFoundation-h265: 746d11721c4dcdbdad8f713fa42b33f4 -> 
  custom:video-decoder-ogg-theora: a1e56fd34408186e4bbccfd4996cb3dc -> 
  custom:framework-win-MediaFoundation: 216162199b28c13a410421893ffa2e32 -> 
  custom:container-demuxer-webm: 4f35f7cbe854078d1ac9338744f61a02 -> 
  custom:container-muxer-webm: aa71ff27fc2769a1b78a27578f13a17b -> 
  custom:video-decoder-webm-vp8: 9c59270c3fd7afecdb556c50c9e8de78 -> 
  custom:AudioImporter_EditorPlatform: d09bf68614088b80899f8185d706f6e7 -> 
  custom:video-encoder-webm-vp8: eb34c28f22e8b96e1ab97ce403110664 -> 
  custom:audio-decoder-ogg-vorbis: bf7c407c2cedff20999df2af8eb42d56 -> 
  custom:audio-encoder-webm-vorbis: bf7c407c2cedff20999df2af8eb42d56 -> 
========================================================================
Received Import Request.
  Time since last request: 748661.434960 seconds.
  path: Assets/Materials
  artifactKey: Guid(d1136a27414c93848ba1619ff4b69fd5) Importer(815301076,1909f56bfc062723c751e8b465ee728b)
Start importing Assets/Materials using Guid(d1136a27414c93848ba1619ff4b69fd5) Importer(815301076,1909f56bfc062723c751e8b465ee728b)  -> (artifact id: 'b30c71e06ec2d5f3550501a02b5c7ba1') in 0.003753 seconds
Number of updated asset objects reloaded before import = 0
Number of asset objects unloaded after import = 0
========================================================================
Received Import Request.
  Time since last request: 0.000049 seconds.
  path: Assets/Environment/Material
  artifactKey: Guid(1d58bee2b5ba3df4ca2417d865a6c9a6) Importer(815301076,1909f56bfc062723c751e8b465ee728b)
Start importing Assets/Environment/Material using Guid(1d58bee2b5ba3df4ca2417d865a6c9a6) Importer(815301076,1909f56bfc062723c751e8b465ee728b)  -> (artifact id: '36baafafc65fd61488a9249a27b4e052') in 0.000851 seconds
Number of updated asset objects reloaded before import = 0
Number of asset objects unloaded after import = 0
========================================================================
Received Import Request.
  Time since last request: 176.465619 seconds.
  path: Assets/Environment/Window_Top.fbx
  artifactKey: Guid(0e5816aed2c6fea41b8c69f544141bbf) Importer(815301076,1909f56bfc062723c751e8b465ee728b)
Start importing Assets/Environment/Window_Top.fbx using Guid(0e5816aed2c6fea41b8c69f544141bbf) Importer(815301076,1909f56bfc062723c751e8b465ee728b)  -> (artifact id: 'd172c7759b815d6090d42b79ae2611ff') in 0.009563 seconds
Number of updated asset objects reloaded before import = 0
Number of asset objects unloaded after import = 11
========================================================================
Received Import Request.
  Time since last request: 0.006027 seconds.
  path: Assets/Environment/Entrence_top.fbx
  artifactKey: Guid(4530af87c28540e4d8f280d3d69940c2) Importer(815301076,1909f56bfc062723c751e8b465ee728b)
Start importing Assets/Environment/Entrence_top.fbx using Guid(4530af87c28540e4d8f280d3d69940c2) Importer(815301076,1909f56bfc062723c751e8b465ee728b)  -> (artifact id: 'a22b944cce2cb5735bd0c475101b768c') in 0.009936 seconds
Number of updated asset objects reloaded before import = 0
Number of asset objects unloaded after import = 11
========================================================================
Received Import Request.
  Time since last request: 0.000024 seconds.
  path: Assets/OpenFracture/Runtime/Materials/Glass.mat
  artifactKey: Guid(8cdec9ab91388ac47925d7bcd32c2d36) Importer(815301076,1909f56bfc062723c751e8b465ee728b)
Start importing Assets/OpenFracture/Runtime/Materials/Glass.mat using Guid(8cdec9ab91388ac47925d7bcd32c2d36) Importer(815301076,1909f56bfc062723c751e8b465ee728b)  -> (artifact id: 'e140288c5a35773c3af81355e2241365') in 0.001714 seconds
Number of updated asset objects reloaded before import = 0
Number of asset objects unloaded after import = 1
========================================================================
Received Import Request.
  Time since last request: 4.203102 seconds.
  path: Assets/Environment/Material/Glass.mat
  artifactKey: Guid(e66065782fb685f46beb745639a1275a) Importer(815301076,1909f56bfc062723c751e8b465ee728b)
Start importing Assets/Environment/Material/Glass.mat using Guid(e66065782fb685f46beb745639a1275a) Importer(815301076,1909f56bfc062723c751e8b465ee728b)  -> (artifact id: '047d2df0c72535df6c519cdbd2406593') in 0.001266 seconds
Number of updated asset objects reloaded before import = 0
Number of asset objects unloaded after import = 1
========================================================================
Received Import Request.
  Time since last request: 0.130539 seconds.
  path: Assets/Environment/SingleWindow_FstFloor_Top.fbx
  artifactKey: Guid(3ca16f24951dbdf4abb33278bad26bc2) Importer(815301076,1909f56bfc062723c751e8b465ee728b)
Start importing Assets/Environment/SingleWindow_FstFloor_Top.fbx using Guid(3ca16f24951dbdf4abb33278bad26bc2) Importer(815301076,1909f56bfc062723c751e8b465ee728b)  -> (artifact id: '1787dea182773c520e2b4d6216a6d552') in 0.009052 seconds
Number of updated asset objects reloaded before import = 0
Number of asset objects unloaded after import = 11
