Using pre-set license
Built from '2022.3/release' branch; Version is '2022.3.0f1 (fb119bb0b476) revision 16454043'; Using compiler version '192829333'; Build Type 'Release'
OS: 'Windows 11  (10.0.22621) 64bit Professional' Language: 'en' Physical Memory: 32690 MB
BatchMode: 1, IsHumanControllingUs: 0, StartBugReporterOnCrash: 0, Is64bit: 1, IsPro: 1

COMMAND LINE ARGUMENTS:
C:\Program Files\Unity\Hub\Editor\2022.3.0f1\Editor\Unity.exe
-adb2
-batchMode
-noUpm
-name
AssetImportWorker0
-projectPath
X:/Unity/Legacy
-logFile
Logs/AssetImportWorker0.log
-srvPort
50856
Successfully changed project path to: X:/Unity/Legacy
X:/Unity/Legacy
[UnityMemory] Configuration Parameters - Can be set up in boot.config
    "memorysetup-bucket-allocator-granularity=16"
    "memorysetup-bucket-allocator-bucket-count=8"
    "memorysetup-bucket-allocator-block-size=33554432"
    "memorysetup-bucket-allocator-block-count=8"
    "memorysetup-main-allocator-block-size=16777216"
    "memorysetup-thread-allocator-block-size=16777216"
    "memorysetup-gfx-main-allocator-block-size=16777216"
    "memorysetup-gfx-thread-allocator-block-size=16777216"
    "memorysetup-cache-allocator-block-size=4194304"
    "memorysetup-typetree-allocator-block-size=2097152"
    "memorysetup-profiler-bucket-allocator-granularity=16"
    "memorysetup-profiler-bucket-allocator-bucket-count=8"
    "memorysetup-profiler-bucket-allocator-block-size=33554432"
    "memorysetup-profiler-bucket-allocator-block-count=8"
    "memorysetup-profiler-allocator-block-size=16777216"
    "memorysetup-profiler-editor-allocator-block-size=1048576"
    "memorysetup-temp-allocator-size-main=16777216"
    "memorysetup-job-temp-allocator-block-size=2097152"
    "memorysetup-job-temp-allocator-block-size-background=1048576"
    "memorysetup-job-temp-allocator-reduction-small-platforms=262144"
    "memorysetup-allocator-temp-initial-block-size-main=262144"
    "memorysetup-allocator-temp-initial-block-size-worker=262144"
    "memorysetup-temp-allocator-size-background-worker=32768"
    "memorysetup-temp-allocator-size-job-worker=262144"
    "memorysetup-temp-allocator-size-preload-manager=33554432"
    "memorysetup-temp-allocator-size-nav-mesh-worker=65536"
    "memorysetup-temp-allocator-size-audio-worker=65536"
    "memorysetup-temp-allocator-size-cloud-worker=32768"
    "memorysetup-temp-allocator-size-gi-baking-worker=262144"
    "memorysetup-temp-allocator-size-gfx=262144"
Player connection [4140] Host "[IP] 192.168.1.18 [Port] 0 [Flags] 2 [Guid] 18613434 [EditorId] 18613434 [Version] 1048832 [Id] WindowsEditor(7,D3D) [Debug] 1 [PackageName] WindowsEditor [ProjectName] Editor" joined multi-casting on [225.0.0.222:54997]...

Player connection [4140] Host "[IP] 192.168.1.18 [Port] 0 [Flags] 2 [Guid] 18613434 [EditorId] 18613434 [Version] 1048832 [Id] WindowsEditor(7,D3D) [Debug] 1 [PackageName] WindowsEditor [ProjectName] Editor" joined alternative multi-casting on [225.0.0.222:34997]...

Refreshing native plugins compatible for Editor in 4.74 ms, found 3 plugins.
Preloading 0 native plugins for Editor in 0.00 ms.
Initialize engine version: 2022.3.0f1 (fb119bb0b476)
[Subsystems] Discovering subsystems at path C:/Program Files/Unity/Hub/Editor/2022.3.0f1/Editor/Data/Resources/UnitySubsystems
[Subsystems] Discovering subsystems at path X:/Unity/Legacy/Assets
GfxDevice: creating device client; threaded=0; jobified=0
Direct3D:
    Version:  Direct3D 11.0 [level 11.1]
    Renderer: NVIDIA GeForce RTX 3080 (ID=0x2216)
    Vendor:   NVIDIA
    VRAM:     10067 MB
    Driver:   31.0.15.4584
Initialize mono
Mono path[0] = 'C:/Program Files/Unity/Hub/Editor/2022.3.0f1/Editor/Data/Managed'
Mono path[1] = 'C:/Program Files/Unity/Hub/Editor/2022.3.0f1/Editor/Data/MonoBleedingEdge/lib/mono/unityjit-win32'
Mono config path = 'C:/Program Files/Unity/Hub/Editor/2022.3.0f1/Editor/Data/MonoBleedingEdge/etc'
Using monoOptions --debugger-agent=transport=dt_socket,embedding=1,server=y,suspend=n,address=127.0.0.1:56416
Begin MonoManager ReloadAssembly
Registering precompiled unity dll's ...
Register platform support module: C:/Program Files/Unity/Hub/Editor/2022.3.0f1/Editor/Data/PlaybackEngines/WindowsStandaloneSupport/UnityEditor.WindowsStandalone.Extensions.dll
Registered in 0.004031 seconds.
- Loaded All Assemblies, in  0.214 seconds
Native extension for WindowsStandalone target not found
Mono: successfully reloaded assembly
- Finished resetting the current domain, in  0.192 seconds
Domain Reload Profiling: 405ms
	BeginReloadAssembly (57ms)
		ExecutionOrderSort (0ms)
		DisableScriptedObjects (0ms)
		BackupInstance (0ms)
		ReleaseScriptingObjects (0ms)
		CreateAndSetChildDomain (1ms)
	RebuildCommonClasses (22ms)
	RebuildNativeTypeToScriptingClass (8ms)
	initialDomainReloadingComplete (39ms)
	LoadAllAssembliesAndSetupDomain (87ms)
		LoadAssemblies (55ms)
		RebuildTransferFunctionScriptingTraits (0ms)
		AnalyzeDomain (83ms)
			TypeCache.Refresh (83ms)
				TypeCache.ScanAssembly (76ms)
			ScanForSourceGeneratedMonoScriptInfo (0ms)
			ResolveRequiredComponents (0ms)
	FinalizeReload (192ms)
		ReleaseScriptCaches (0ms)
		RebuildScriptCaches (0ms)
		SetupLoadedEditorAssemblies (153ms)
			LogAssemblyErrors (0ms)
			InitializePlatformSupportModulesInManaged (5ms)
			SetLoadedEditorAssemblies (6ms)
			RefreshPlugins (0ms)
			BeforeProcessingInitializeOnLoad (2ms)
			ProcessInitializeOnLoadAttributes (104ms)
			ProcessInitializeOnLoadMethodAttributes (36ms)
			AfterProcessingInitializeOnLoad (0ms)
			EditorAssembliesLoaded (0ms)
		ExecutionOrderSort2 (0ms)
		AwakeInstancesAfterBackupRestoration (0ms)
========================================================================
Worker process is ready to serve import requests
Begin MonoManager ReloadAssembly
Symbol file LoadedFromMemory doesn't match image X:\Unity\Legacy\Library\PackageCache\com.unity.visualscripting@1.8.0\Editor\VisualScripting.Core\Dependencies\YamlDotNet\Unity.VisualScripting.YamlDotNet.dll
Symbol file LoadedFromMemory doesn't match image X:\Unity\Legacy\Library\PackageCache\com.unity.visualscripting@1.8.0\Editor\VisualScripting.Core\Dependencies\DotNetZip\Unity.VisualScripting.IonicZip.dll
- Loaded All Assemblies, in  0.563 seconds
Refreshing native plugins compatible for Editor in 1.74 ms, found 3 plugins.
Native extension for WindowsStandalone target not found
Mono: successfully reloaded assembly
- Finished resetting the current domain, in  0.696 seconds
Domain Reload Profiling: 1258ms
	BeginReloadAssembly (96ms)
		ExecutionOrderSort (0ms)
		DisableScriptedObjects (4ms)
		BackupInstance (0ms)
		ReleaseScriptingObjects (0ms)
		CreateAndSetChildDomain (18ms)
	RebuildCommonClasses (24ms)
	RebuildNativeTypeToScriptingClass (7ms)
	initialDomainReloadingComplete (34ms)
	LoadAllAssembliesAndSetupDomain (401ms)
		LoadAssemblies (178ms)
		RebuildTransferFunctionScriptingTraits (0ms)
		AnalyzeDomain (266ms)
			TypeCache.Refresh (236ms)
				TypeCache.ScanAssembly (223ms)
			ScanForSourceGeneratedMonoScriptInfo (20ms)
			ResolveRequiredComponents (9ms)
	FinalizeReload (697ms)
		ReleaseScriptCaches (0ms)
		RebuildScriptCaches (0ms)
		SetupLoadedEditorAssemblies (528ms)
			LogAssemblyErrors (0ms)
			InitializePlatformSupportModulesInManaged (7ms)
			SetLoadedEditorAssemblies (5ms)
			RefreshPlugins (0ms)
			BeforeProcessingInitializeOnLoad (61ms)
			ProcessInitializeOnLoadAttributes (389ms)
			ProcessInitializeOnLoadMethodAttributes (59ms)
			AfterProcessingInitializeOnLoad (7ms)
			EditorAssembliesLoaded (0ms)
		ExecutionOrderSort2 (0ms)
		AwakeInstancesAfterBackupRestoration (6ms)
Launched and connected shader compiler UnityShaderCompiler.exe after 0.05 seconds
Refreshing native plugins compatible for Editor in 2.99 ms, found 3 plugins.
Preloading 0 native plugins for Editor in 0.00 ms.
Unloading 5785 Unused Serialized files (Serialized files now loaded: 0)
Unloading 116 unused Assets / (2.1 MB). Loaded Objects now: 6256.
Memory consumption went from 315.5 MB to 313.4 MB.
Total: 5.212700 ms (FindLiveObjects: 0.749300 ms CreateObjectMapping: 0.201100 ms MarkObjects: 3.584800 ms  DeleteObjects: 0.676700 ms)

AssetImportParameters requested are different than current active one (requested -> active):
  custom:container-demuxer-ogg: 62fdf1f143b41e24485cea50d1cbac27 -> 
  custom:video-codec-MediaFoundation-h265: 746d11721c4dcdbdad8f713fa42b33f4 -> 
  custom:video-decoder-ogg-theora: a1e56fd34408186e4bbccfd4996cb3dc -> 
  custom:framework-win-MediaFoundation: 216162199b28c13a410421893ffa2e32 -> 
  custom:container-demuxer-webm: 4f35f7cbe854078d1ac9338744f61a02 -> 
  custom:container-muxer-webm: aa71ff27fc2769a1b78a27578f13a17b -> 
  custom:video-decoder-webm-vp8: 9c59270c3fd7afecdb556c50c9e8de78 -> 
  custom:AudioImporter_EditorPlatform: d09bf68614088b80899f8185d706f6e7 -> 
  custom:video-encoder-webm-vp8: eb34c28f22e8b96e1ab97ce403110664 -> 
  custom:audio-decoder-ogg-vorbis: bf7c407c2cedff20999df2af8eb42d56 -> 
  custom:audio-encoder-webm-vorbis: bf7c407c2cedff20999df2af8eb42d56 -> 
========================================================================
Received Prepare
Begin MonoManager ReloadAssembly
Symbol file LoadedFromMemory doesn't match image X:\Unity\Legacy\Library\PackageCache\com.unity.visualscripting@1.8.0\Editor\VisualScripting.Core\Dependencies\YamlDotNet\Unity.VisualScripting.YamlDotNet.dll
Symbol file LoadedFromMemory doesn't match image X:\Unity\Legacy\Library\PackageCache\com.unity.visualscripting@1.8.0\Editor\VisualScripting.Core\Dependencies\DotNetZip\Unity.VisualScripting.IonicZip.dll
- Loaded All Assemblies, in  0.466 seconds
Refreshing native plugins compatible for Editor in 1.51 ms, found 3 plugins.
Native extension for WindowsStandalone target not found
Mono: successfully reloaded assembly
- Finished resetting the current domain, in  0.706 seconds
Domain Reload Profiling: 1170ms
	BeginReloadAssembly (105ms)
		ExecutionOrderSort (0ms)
		DisableScriptedObjects (4ms)
		BackupInstance (0ms)
		ReleaseScriptingObjects (0ms)
		CreateAndSetChildDomain (33ms)
	RebuildCommonClasses (23ms)
	RebuildNativeTypeToScriptingClass (8ms)
	initialDomainReloadingComplete (22ms)
	LoadAllAssembliesAndSetupDomain (307ms)
		LoadAssemblies (155ms)
		RebuildTransferFunctionScriptingTraits (0ms)
		AnalyzeDomain (193ms)
			TypeCache.Refresh (181ms)
				TypeCache.ScanAssembly (172ms)
			ScanForSourceGeneratedMonoScriptInfo (4ms)
			ResolveRequiredComponents (8ms)
	FinalizeReload (706ms)
		ReleaseScriptCaches (0ms)
		RebuildScriptCaches (0ms)
		SetupLoadedEditorAssemblies (341ms)
			LogAssemblyErrors (0ms)
			InitializePlatformSupportModulesInManaged (4ms)
			SetLoadedEditorAssemblies (2ms)
			RefreshPlugins (0ms)
			BeforeProcessingInitializeOnLoad (48ms)
			ProcessInitializeOnLoadAttributes (243ms)
			ProcessInitializeOnLoadMethodAttributes (40ms)
			AfterProcessingInitializeOnLoad (4ms)
			EditorAssembliesLoaded (0ms)
		ExecutionOrderSort2 (0ms)
		AwakeInstancesAfterBackupRestoration (11ms)
Refreshing native plugins compatible for Editor in 1.59 ms, found 3 plugins.
Preloading 0 native plugins for Editor in 0.00 ms.
Unloading 5558 Unused Serialized files (Serialized files now loaded: 0)
Unloading 63 unused Assets / (2.0 MB). Loaded Objects now: 6272.
Memory consumption went from 271.7 MB to 269.7 MB.
Total: 3.591500 ms (FindLiveObjects: 0.393200 ms CreateObjectMapping: 0.142600 ms MarkObjects: 2.528100 ms  DeleteObjects: 0.527000 ms)

Prepare: number of updated asset objects reloaded= 0
AssetImportParameters requested are different than current active one (requested -> active):
  custom:container-demuxer-ogg: 62fdf1f143b41e24485cea50d1cbac27 -> 
  custom:video-codec-MediaFoundation-h265: 746d11721c4dcdbdad8f713fa42b33f4 -> 
  custom:video-decoder-ogg-theora: a1e56fd34408186e4bbccfd4996cb3dc -> 
  custom:framework-win-MediaFoundation: 216162199b28c13a410421893ffa2e32 -> 
  custom:container-demuxer-webm: 4f35f7cbe854078d1ac9338744f61a02 -> 
  custom:container-muxer-webm: aa71ff27fc2769a1b78a27578f13a17b -> 
  custom:video-decoder-webm-vp8: 9c59270c3fd7afecdb556c50c9e8de78 -> 
  custom:AudioImporter_EditorPlatform: d09bf68614088b80899f8185d706f6e7 -> 
  custom:video-encoder-webm-vp8: eb34c28f22e8b96e1ab97ce403110664 -> 
  custom:audio-decoder-ogg-vorbis: bf7c407c2cedff20999df2af8eb42d56 -> 
  custom:audio-encoder-webm-vorbis: bf7c407c2cedff20999df2af8eb42d56 -> 
========================================================================
Received Import Request.
  Time since last request: 562.896725 seconds.
  path: Assets/Scripts/Projetile
  artifactKey: Guid(e4a1606502c3ac04e970c3f877ff0896) Importer(815301076,1909f56bfc062723c751e8b465ee728b)
Start importing Assets/Scripts/Projetile using Guid(e4a1606502c3ac04e970c3f877ff0896) Importer(815301076,1909f56bfc062723c751e8b465ee728b)  -> (artifact id: '0bb458cbd125f588ccf140b72933da40') in 0.001545 seconds
Number of updated asset objects reloaded before import = 0
Number of asset objects unloaded after import = 0
========================================================================
Received Import Request.
  Time since last request: 5.223888 seconds.
  path: Assets/Scripts/Projectile
  artifactKey: Guid(e4a1606502c3ac04e970c3f877ff0896) Importer(815301076,1909f56bfc062723c751e8b465ee728b)
Start importing Assets/Scripts/Projectile using Guid(e4a1606502c3ac04e970c3f877ff0896) Importer(815301076,1909f56bfc062723c751e8b465ee728b)  -> (artifact id: '02ee6c0451a54b908db4d7fff11a87de') in 0.000352 seconds
Number of updated asset objects reloaded before import = 0
Number of asset objects unloaded after import = 0
========================================================================
Received Import Request.
  Time since last request: 7.360275 seconds.
  path: Assets/Scripts/Projectile/MagicBullet.cs
  artifactKey: Guid(b27e1ee9fc181b149932e17e4db7aacf) Importer(815301076,1909f56bfc062723c751e8b465ee728b)
Start importing Assets/Scripts/Projectile/MagicBullet.cs using Guid(b27e1ee9fc181b149932e17e4db7aacf) Importer(815301076,1909f56bfc062723c751e8b465ee728b)  -> (artifact id: 'cec8a2b236b2a63c3549c690e686ab57') in 0.000471 seconds
Number of updated asset objects reloaded before import = 0
Number of asset objects unloaded after import = 0
========================================================================
Received Prepare
Begin MonoManager ReloadAssembly
Symbol file LoadedFromMemory doesn't match image X:\Unity\Legacy\Library\PackageCache\com.unity.visualscripting@1.8.0\Editor\VisualScripting.Core\Dependencies\YamlDotNet\Unity.VisualScripting.YamlDotNet.dll
Symbol file LoadedFromMemory doesn't match image X:\Unity\Legacy\Library\PackageCache\com.unity.visualscripting@1.8.0\Editor\VisualScripting.Core\Dependencies\DotNetZip\Unity.VisualScripting.IonicZip.dll
- Loaded All Assemblies, in  0.477 seconds
Refreshing native plugins compatible for Editor in 1.51 ms, found 3 plugins.
Native extension for WindowsStandalone target not found
Mono: successfully reloaded assembly
- Finished resetting the current domain, in  0.671 seconds
Domain Reload Profiling: 1147ms
	BeginReloadAssembly (105ms)
		ExecutionOrderSort (0ms)
		DisableScriptedObjects (3ms)
		BackupInstance (0ms)
		ReleaseScriptingObjects (0ms)
		CreateAndSetChildDomain (32ms)
	RebuildCommonClasses (25ms)
	RebuildNativeTypeToScriptingClass (8ms)
	initialDomainReloadingComplete (21ms)
	LoadAllAssembliesAndSetupDomain (317ms)
		LoadAssemblies (158ms)
		RebuildTransferFunctionScriptingTraits (0ms)
		AnalyzeDomain (201ms)
			TypeCache.Refresh (189ms)
				TypeCache.ScanAssembly (181ms)
			ScanForSourceGeneratedMonoScriptInfo (4ms)
			ResolveRequiredComponents (8ms)
	FinalizeReload (671ms)
		ReleaseScriptCaches (0ms)
		RebuildScriptCaches (0ms)
		SetupLoadedEditorAssemblies (338ms)
			LogAssemblyErrors (0ms)
			InitializePlatformSupportModulesInManaged (4ms)
			SetLoadedEditorAssemblies (2ms)
			RefreshPlugins (0ms)
			BeforeProcessingInitializeOnLoad (50ms)
			ProcessInitializeOnLoadAttributes (240ms)
			ProcessInitializeOnLoadMethodAttributes (39ms)
			AfterProcessingInitializeOnLoad (3ms)
			EditorAssembliesLoaded (0ms)
		ExecutionOrderSort2 (0ms)
		AwakeInstancesAfterBackupRestoration (11ms)
Refreshing native plugins compatible for Editor in 3.44 ms, found 3 plugins.
Preloading 0 native plugins for Editor in 0.00 ms.
Unloading 5559 Unused Serialized files (Serialized files now loaded: 0)
Unloading 63 unused Assets / (2.0 MB). Loaded Objects now: 6289.
Memory consumption went from 271.7 MB to 269.7 MB.
Total: 4.592800 ms (FindLiveObjects: 0.510100 ms CreateObjectMapping: 0.188300 ms MarkObjects: 3.229600 ms  DeleteObjects: 0.663800 ms)

Prepare: number of updated asset objects reloaded= 0
AssetImportParameters requested are different than current active one (requested -> active):
  custom:container-demuxer-ogg: 62fdf1f143b41e24485cea50d1cbac27 -> 
  custom:video-codec-MediaFoundation-h265: 746d11721c4dcdbdad8f713fa42b33f4 -> 
  custom:video-decoder-ogg-theora: a1e56fd34408186e4bbccfd4996cb3dc -> 
  custom:framework-win-MediaFoundation: 216162199b28c13a410421893ffa2e32 -> 
  custom:container-demuxer-webm: 4f35f7cbe854078d1ac9338744f61a02 -> 
  custom:container-muxer-webm: aa71ff27fc2769a1b78a27578f13a17b -> 
  custom:video-decoder-webm-vp8: 9c59270c3fd7afecdb556c50c9e8de78 -> 
  custom:AudioImporter_EditorPlatform: d09bf68614088b80899f8185d706f6e7 -> 
  custom:video-encoder-webm-vp8: eb34c28f22e8b96e1ab97ce403110664 -> 
  custom:audio-decoder-ogg-vorbis: bf7c407c2cedff20999df2af8eb42d56 -> 
  custom:audio-encoder-webm-vorbis: bf7c407c2cedff20999df2af8eb42d56 -> 
========================================================================
Received Import Request.
  Time since last request: 6.154641 seconds.
  path: Assets/Scripts/Projectile/MagicBullet.cs
  artifactKey: Guid(b27e1ee9fc181b149932e17e4db7aacf) Importer(815301076,1909f56bfc062723c751e8b465ee728b)
Start importing Assets/Scripts/Projectile/MagicBullet.cs using Guid(b27e1ee9fc181b149932e17e4db7aacf) Importer(815301076,1909f56bfc062723c751e8b465ee728b)  -> (artifact id: '885431ef8879c0457bb77afd7e86bc2d') in 0.009820 seconds
Number of updated asset objects reloaded before import = 0
Number of asset objects unloaded after import = 0
========================================================================
Received Prepare
Begin MonoManager ReloadAssembly
Symbol file LoadedFromMemory doesn't match image X:\Unity\Legacy\Library\PackageCache\com.unity.visualscripting@1.8.0\Editor\VisualScripting.Core\Dependencies\YamlDotNet\Unity.VisualScripting.YamlDotNet.dll
Symbol file LoadedFromMemory doesn't match image X:\Unity\Legacy\Library\PackageCache\com.unity.visualscripting@1.8.0\Editor\VisualScripting.Core\Dependencies\DotNetZip\Unity.VisualScripting.IonicZip.dll
- Loaded All Assemblies, in  1.734 seconds
Refreshing native plugins compatible for Editor in 1.34 ms, found 3 plugins.
Native extension for WindowsStandalone target not found
Mono: successfully reloaded assembly
- Finished resetting the current domain, in  9.180 seconds
Domain Reload Profiling: 10914ms
	BeginReloadAssembly (101ms)
		ExecutionOrderSort (0ms)
		DisableScriptedObjects (4ms)
		BackupInstance (0ms)
		ReleaseScriptingObjects (0ms)
		CreateAndSetChildDomain (32ms)
	RebuildCommonClasses (87ms)
	RebuildNativeTypeToScriptingClass (8ms)
	initialDomainReloadingComplete (20ms)
	LoadAllAssembliesAndSetupDomain (1517ms)
		LoadAssemblies (1266ms)
		RebuildTransferFunctionScriptingTraits (0ms)
		AnalyzeDomain (290ms)
			TypeCache.Refresh (279ms)
				TypeCache.ScanAssembly (270ms)
			ScanForSourceGeneratedMonoScriptInfo (4ms)
			ResolveRequiredComponents (8ms)
	FinalizeReload (9181ms)
		ReleaseScriptCaches (0ms)
		RebuildScriptCaches (0ms)
		SetupLoadedEditorAssemblies (333ms)
			LogAssemblyErrors (0ms)
			InitializePlatformSupportModulesInManaged (4ms)
			SetLoadedEditorAssemblies (2ms)
			RefreshPlugins (0ms)
			BeforeProcessingInitializeOnLoad (48ms)
			ProcessInitializeOnLoadAttributes (236ms)
			ProcessInitializeOnLoadMethodAttributes (39ms)
			AfterProcessingInitializeOnLoad (4ms)
			EditorAssembliesLoaded (0ms)
		ExecutionOrderSort2 (0ms)
		AwakeInstancesAfterBackupRestoration (10ms)
Refreshing native plugins compatible for Editor in 1.53 ms, found 3 plugins.
Preloading 0 native plugins for Editor in 0.00 ms.
Unloading 5559 Unused Serialized files (Serialized files now loaded: 0)
Unloading 63 unused Assets / (2.0 MB). Loaded Objects now: 6305.
Memory consumption went from 271.8 MB to 269.7 MB.
Total: 3.546500 ms (FindLiveObjects: 0.341700 ms CreateObjectMapping: 0.142100 ms MarkObjects: 2.520300 ms  DeleteObjects: 0.541800 ms)

Prepare: number of updated asset objects reloaded= 0
AssetImportParameters requested are different than current active one (requested -> active):
  custom:container-demuxer-ogg: 62fdf1f143b41e24485cea50d1cbac27 -> 
  custom:video-codec-MediaFoundation-h265: 746d11721c4dcdbdad8f713fa42b33f4 -> 
  custom:video-decoder-ogg-theora: a1e56fd34408186e4bbccfd4996cb3dc -> 
  custom:framework-win-MediaFoundation: 216162199b28c13a410421893ffa2e32 -> 
  custom:container-demuxer-webm: 4f35f7cbe854078d1ac9338744f61a02 -> 
  custom:container-muxer-webm: aa71ff27fc2769a1b78a27578f13a17b -> 
  custom:video-decoder-webm-vp8: 9c59270c3fd7afecdb556c50c9e8de78 -> 
  custom:AudioImporter_EditorPlatform: d09bf68614088b80899f8185d706f6e7 -> 
  custom:video-encoder-webm-vp8: eb34c28f22e8b96e1ab97ce403110664 -> 
  custom:audio-decoder-ogg-vorbis: bf7c407c2cedff20999df2af8eb42d56 -> 
  custom:audio-encoder-webm-vorbis: bf7c407c2cedff20999df2af8eb42d56 -> 
========================================================================
Received Import Request.
  Time since last request: 88.653006 seconds.
  path: Assets/Prefab/Projectile
  artifactKey: Guid(55be549b59a375340a66145ea4abca76) Importer(815301076,1909f56bfc062723c751e8b465ee728b)
Start importing Assets/Prefab/Projectile using Guid(55be549b59a375340a66145ea4abca76) Importer(815301076,1909f56bfc062723c751e8b465ee728b)  -> (artifact id: '7a43733ebf3965780fe3a839c4a6fef8') in 0.008742 seconds
Number of updated asset objects reloaded before import = 0
Number of asset objects unloaded after import = 0
========================================================================
Received Import Request.
  Time since last request: 2.533268 seconds.
  path: Assets/Prefab/Projectile/MagicBullet.prefab
  artifactKey: Guid(ddd383d371e371a41a42561a4cfb7eea) Importer(815301076,1909f56bfc062723c751e8b465ee728b)
Start importing Assets/Prefab/Projectile/MagicBullet.prefab using Guid(ddd383d371e371a41a42561a4cfb7eea) Importer(815301076,1909f56bfc062723c751e8b465ee728b)  -> (artifact id: '3ec18004020b612338463183e3e3d2cd') in 0.001512 seconds
Number of updated asset objects reloaded before import = 0
Number of asset objects unloaded after import = 4
========================================================================
Received Prepare
Begin MonoManager ReloadAssembly
Symbol file LoadedFromMemory doesn't match image X:\Unity\Legacy\Library\PackageCache\com.unity.visualscripting@1.8.0\Editor\VisualScripting.Core\Dependencies\YamlDotNet\Unity.VisualScripting.YamlDotNet.dll
Symbol file LoadedFromMemory doesn't match image X:\Unity\Legacy\Library\PackageCache\com.unity.visualscripting@1.8.0\Editor\VisualScripting.Core\Dependencies\DotNetZip\Unity.VisualScripting.IonicZip.dll
- Loaded All Assemblies, in  0.459 seconds
Refreshing native plugins compatible for Editor in 1.32 ms, found 3 plugins.
Native extension for WindowsStandalone target not found
Mono: successfully reloaded assembly
- Finished resetting the current domain, in  0.790 seconds
Domain Reload Profiling: 1248ms
	BeginReloadAssembly (104ms)
		ExecutionOrderSort (0ms)
		DisableScriptedObjects (4ms)
		BackupInstance (0ms)
		ReleaseScriptingObjects (0ms)
		CreateAndSetChildDomain (33ms)
	RebuildCommonClasses (23ms)
	RebuildNativeTypeToScriptingClass (7ms)
	initialDomainReloadingComplete (20ms)
	LoadAllAssembliesAndSetupDomain (303ms)
		LoadAssemblies (157ms)
		RebuildTransferFunctionScriptingTraits (0ms)
		AnalyzeDomain (186ms)
			TypeCache.Refresh (178ms)
				TypeCache.ScanAssembly (170ms)
			ScanForSourceGeneratedMonoScriptInfo (0ms)
			ResolveRequiredComponents (8ms)
	FinalizeReload (790ms)
		ReleaseScriptCaches (0ms)
		RebuildScriptCaches (0ms)
		SetupLoadedEditorAssemblies (424ms)
			LogAssemblyErrors (0ms)
			InitializePlatformSupportModulesInManaged (4ms)
			SetLoadedEditorAssemblies (2ms)
			RefreshPlugins (0ms)
			BeforeProcessingInitializeOnLoad (56ms)
			ProcessInitializeOnLoadAttributes (302ms)
			ProcessInitializeOnLoadMethodAttributes (56ms)
			AfterProcessingInitializeOnLoad (5ms)
			EditorAssembliesLoaded (0ms)
		ExecutionOrderSort2 (0ms)
		AwakeInstancesAfterBackupRestoration (14ms)
Refreshing native plugins compatible for Editor in 1.90 ms, found 3 plugins.
Preloading 0 native plugins for Editor in 0.00 ms.
Unloading 5559 Unused Serialized files (Serialized files now loaded: 0)
Unloading 63 unused Assets / (2.0 MB). Loaded Objects now: 6322.
Memory consumption went from 271.8 MB to 269.7 MB.
Total: 4.182200 ms (FindLiveObjects: 0.439500 ms CreateObjectMapping: 0.320200 ms MarkObjects: 2.851000 ms  DeleteObjects: 0.570900 ms)

Prepare: number of updated asset objects reloaded= 0
AssetImportParameters requested are different than current active one (requested -> active):
  custom:container-demuxer-ogg: 62fdf1f143b41e24485cea50d1cbac27 -> 
  custom:video-codec-MediaFoundation-h265: 746d11721c4dcdbdad8f713fa42b33f4 -> 
  custom:video-decoder-ogg-theora: a1e56fd34408186e4bbccfd4996cb3dc -> 
  custom:framework-win-MediaFoundation: 216162199b28c13a410421893ffa2e32 -> 
  custom:container-demuxer-webm: 4f35f7cbe854078d1ac9338744f61a02 -> 
  custom:container-muxer-webm: aa71ff27fc2769a1b78a27578f13a17b -> 
  custom:video-decoder-webm-vp8: 9c59270c3fd7afecdb556c50c9e8de78 -> 
  custom:AudioImporter_EditorPlatform: d09bf68614088b80899f8185d706f6e7 -> 
  custom:video-encoder-webm-vp8: eb34c28f22e8b96e1ab97ce403110664 -> 
  custom:audio-decoder-ogg-vorbis: bf7c407c2cedff20999df2af8eb42d56 -> 
  custom:audio-encoder-webm-vorbis: bf7c407c2cedff20999df2af8eb42d56 -> 
========================================================================
Received Import Request.
  Time since last request: 73.180079 seconds.
  path: Assets/Prefab/Projectile/MagicBullet.prefab
  artifactKey: Guid(ddd383d371e371a41a42561a4cfb7eea) Importer(815301076,1909f56bfc062723c751e8b465ee728b)
Start importing Assets/Prefab/Projectile/MagicBullet.prefab using Guid(ddd383d371e371a41a42561a4cfb7eea) Importer(815301076,1909f56bfc062723c751e8b465ee728b)  -> (artifact id: 'a63ce5fa3ff1e0ff5ed7313876887cba') in 0.018181 seconds
Number of updated asset objects reloaded before import = 0
Number of asset objects unloaded after import = 5
========================================================================
Received Prepare
Begin MonoManager ReloadAssembly
Symbol file LoadedFromMemory doesn't match image X:\Unity\Legacy\Library\PackageCache\com.unity.visualscripting@1.8.0\Editor\VisualScripting.Core\Dependencies\YamlDotNet\Unity.VisualScripting.YamlDotNet.dll
Symbol file LoadedFromMemory doesn't match image X:\Unity\Legacy\Library\PackageCache\com.unity.visualscripting@1.8.0\Editor\VisualScripting.Core\Dependencies\DotNetZip\Unity.VisualScripting.IonicZip.dll
- Loaded All Assemblies, in  0.450 seconds
Refreshing native plugins compatible for Editor in 1.61 ms, found 3 plugins.
Native extension for WindowsStandalone target not found
Mono: successfully reloaded assembly
- Finished resetting the current domain, in  0.792 seconds
Domain Reload Profiling: 1241ms
	BeginReloadAssembly (102ms)
		ExecutionOrderSort (0ms)
		DisableScriptedObjects (4ms)
		BackupInstance (0ms)
		ReleaseScriptingObjects (0ms)
		CreateAndSetChildDomain (34ms)
	RebuildCommonClasses (22ms)
	RebuildNativeTypeToScriptingClass (7ms)
	initialDomainReloadingComplete (19ms)
	LoadAllAssembliesAndSetupDomain (299ms)
		LoadAssemblies (151ms)
		RebuildTransferFunctionScriptingTraits (0ms)
		AnalyzeDomain (183ms)
			TypeCache.Refresh (176ms)
				TypeCache.ScanAssembly (167ms)
			ScanForSourceGeneratedMonoScriptInfo (0ms)
			ResolveRequiredComponents (8ms)
	FinalizeReload (792ms)
		ReleaseScriptCaches (0ms)
		RebuildScriptCaches (0ms)
		SetupLoadedEditorAssemblies (426ms)
			LogAssemblyErrors (0ms)
			InitializePlatformSupportModulesInManaged (5ms)
			SetLoadedEditorAssemblies (3ms)
			RefreshPlugins (0ms)
			BeforeProcessingInitializeOnLoad (60ms)
			ProcessInitializeOnLoadAttributes (298ms)
			ProcessInitializeOnLoadMethodAttributes (54ms)
			AfterProcessingInitializeOnLoad (6ms)
			EditorAssembliesLoaded (0ms)
		ExecutionOrderSort2 (0ms)
		AwakeInstancesAfterBackupRestoration (14ms)
Refreshing native plugins compatible for Editor in 2.16 ms, found 3 plugins.
Preloading 0 native plugins for Editor in 0.00 ms.
Unloading 5559 Unused Serialized files (Serialized files now loaded: 0)
Unloading 63 unused Assets / (2.0 MB). Loaded Objects now: 6338.
Memory consumption went from 271.8 MB to 269.8 MB.
Total: 4.496100 ms (FindLiveObjects: 0.499500 ms CreateObjectMapping: 0.156600 ms MarkObjects: 3.162200 ms  DeleteObjects: 0.676600 ms)

Prepare: number of updated asset objects reloaded= 0
AssetImportParameters requested are different than current active one (requested -> active):
  custom:container-demuxer-ogg: 62fdf1f143b41e24485cea50d1cbac27 -> 
  custom:video-codec-MediaFoundation-h265: 746d11721c4dcdbdad8f713fa42b33f4 -> 
  custom:video-decoder-ogg-theora: a1e56fd34408186e4bbccfd4996cb3dc -> 
  custom:framework-win-MediaFoundation: 216162199b28c13a410421893ffa2e32 -> 
  custom:container-demuxer-webm: 4f35f7cbe854078d1ac9338744f61a02 -> 
  custom:container-muxer-webm: aa71ff27fc2769a1b78a27578f13a17b -> 
  custom:video-decoder-webm-vp8: 9c59270c3fd7afecdb556c50c9e8de78 -> 
  custom:AudioImporter_EditorPlatform: d09bf68614088b80899f8185d706f6e7 -> 
  custom:video-encoder-webm-vp8: eb34c28f22e8b96e1ab97ce403110664 -> 
  custom:audio-decoder-ogg-vorbis: bf7c407c2cedff20999df2af8eb42d56 -> 
  custom:audio-encoder-webm-vorbis: bf7c407c2cedff20999df2af8eb42d56 -> 
========================================================================
Received Import Request.
  Time since last request: 474.281099 seconds.
  path: Assets/Prefab/Projectile/MagicBullet.prefab
  artifactKey: Guid(ddd383d371e371a41a42561a4cfb7eea) Importer(815301076,1909f56bfc062723c751e8b465ee728b)
Start importing Assets/Prefab/Projectile/MagicBullet.prefab using Guid(ddd383d371e371a41a42561a4cfb7eea) Importer(815301076,1909f56bfc062723c751e8b465ee728b)  -> (artifact id: 'c40d33613cd2d632bdbe50bcefab9509') in 0.023411 seconds
Number of updated asset objects reloaded before import = 0
Number of asset objects unloaded after import = 11
========================================================================
Received Prepare
Begin MonoManager ReloadAssembly
Symbol file LoadedFromMemory doesn't match image X:\Unity\Legacy\Library\PackageCache\com.unity.visualscripting@1.8.0\Editor\VisualScripting.Core\Dependencies\YamlDotNet\Unity.VisualScripting.YamlDotNet.dll
Symbol file LoadedFromMemory doesn't match image X:\Unity\Legacy\Library\PackageCache\com.unity.visualscripting@1.8.0\Editor\VisualScripting.Core\Dependencies\DotNetZip\Unity.VisualScripting.IonicZip.dll
- Loaded All Assemblies, in  0.466 seconds
Refreshing native plugins compatible for Editor in 1.42 ms, found 3 plugins.
Native extension for WindowsStandalone target not found
Mono: successfully reloaded assembly
- Finished resetting the current domain, in  0.754 seconds
Domain Reload Profiling: 1220ms
	BeginReloadAssembly (104ms)
		ExecutionOrderSort (0ms)
		DisableScriptedObjects (4ms)
		BackupInstance (0ms)
		ReleaseScriptingObjects (0ms)
		CreateAndSetChildDomain (33ms)
	RebuildCommonClasses (23ms)
	RebuildNativeTypeToScriptingClass (12ms)
	initialDomainReloadingComplete (20ms)
	LoadAllAssembliesAndSetupDomain (307ms)
		LoadAssemblies (152ms)
		RebuildTransferFunctionScriptingTraits (0ms)
		AnalyzeDomain (195ms)
			TypeCache.Refresh (187ms)
				TypeCache.ScanAssembly (179ms)
			ScanForSourceGeneratedMonoScriptInfo (0ms)
			ResolveRequiredComponents (8ms)
	FinalizeReload (755ms)
		ReleaseScriptCaches (0ms)
		RebuildScriptCaches (0ms)
		SetupLoadedEditorAssemblies (410ms)
			LogAssemblyErrors (0ms)
			InitializePlatformSupportModulesInManaged (4ms)
			SetLoadedEditorAssemblies (2ms)
			RefreshPlugins (0ms)
			BeforeProcessingInitializeOnLoad (50ms)
			ProcessInitializeOnLoadAttributes (297ms)
			ProcessInitializeOnLoadMethodAttributes (53ms)
			AfterProcessingInitializeOnLoad (4ms)
			EditorAssembliesLoaded (0ms)
		ExecutionOrderSort2 (0ms)
		AwakeInstancesAfterBackupRestoration (15ms)
Refreshing native plugins compatible for Editor in 1.78 ms, found 3 plugins.
Preloading 0 native plugins for Editor in 0.00 ms.
Unloading 5559 Unused Serialized files (Serialized files now loaded: 0)
Unloading 63 unused Assets / (2.0 MB). Loaded Objects now: 6354.
Memory consumption went from 271.8 MB to 269.8 MB.
Total: 4.103100 ms (FindLiveObjects: 0.439400 ms CreateObjectMapping: 0.158300 ms MarkObjects: 2.804100 ms  DeleteObjects: 0.700500 ms)

Prepare: number of updated asset objects reloaded= 0
AssetImportParameters requested are different than current active one (requested -> active):
  custom:container-demuxer-ogg: 62fdf1f143b41e24485cea50d1cbac27 -> 
  custom:video-codec-MediaFoundation-h265: 746d11721c4dcdbdad8f713fa42b33f4 -> 
  custom:video-decoder-ogg-theora: a1e56fd34408186e4bbccfd4996cb3dc -> 
  custom:framework-win-MediaFoundation: 216162199b28c13a410421893ffa2e32 -> 
  custom:container-demuxer-webm: 4f35f7cbe854078d1ac9338744f61a02 -> 
  custom:container-muxer-webm: aa71ff27fc2769a1b78a27578f13a17b -> 
  custom:video-decoder-webm-vp8: 9c59270c3fd7afecdb556c50c9e8de78 -> 
  custom:AudioImporter_EditorPlatform: d09bf68614088b80899f8185d706f6e7 -> 
  custom:video-encoder-webm-vp8: eb34c28f22e8b96e1ab97ce403110664 -> 
  custom:audio-decoder-ogg-vorbis: bf7c407c2cedff20999df2af8eb42d56 -> 
  custom:audio-encoder-webm-vorbis: bf7c407c2cedff20999df2af8eb42d56 -> 
========================================================================
Received Import Request.
  Time since last request: 292.520554 seconds.
  path: Packages/com.unity.render-pipelines.universal/Runtime/Materials/Decal.mat
  artifactKey: Guid(31d0dcc6f2dd4e4408d18036a2c93862) Importer(815301076,1909f56bfc062723c751e8b465ee728b)
Start importing Packages/com.unity.render-pipelines.universal/Runtime/Materials/Decal.mat using Guid(31d0dcc6f2dd4e4408d18036a2c93862) Importer(815301076,1909f56bfc062723c751e8b465ee728b)  -> (artifact id: 'ed13709ab23a0f11b1c9ec8217956ef7') in 0.013860 seconds
Number of updated asset objects reloaded before import = 0
Number of asset objects unloaded after import = 0
========================================================================
Received Import Request.
  Time since last request: 0.000018 seconds.
  path: Packages/com.unity.render-pipelines.universal/Runtime/Materials/SimpleLit.mat
  artifactKey: Guid(6a1143ee683302f4aa628c052723efc1) Importer(815301076,1909f56bfc062723c751e8b465ee728b)
Start importing Packages/com.unity.render-pipelines.universal/Runtime/Materials/SimpleLit.mat using Guid(6a1143ee683302f4aa628c052723efc1) Importer(815301076,1909f56bfc062723c751e8b465ee728b)  -> (artifact id: '74c4208964c000dd758bbeba590f191d') in 0.000905 seconds
Number of updated asset objects reloaded before import = 0
Number of asset objects unloaded after import = 1
========================================================================
Received Import Request.
  Time since last request: 0.000011 seconds.
  path: Packages/com.unity.render-pipelines.universal/Runtime/Materials/Lit.mat
  artifactKey: Guid(31321ba15b8f8eb4c954353edc038b1d) Importer(815301076,1909f56bfc062723c751e8b465ee728b)
Start importing Packages/com.unity.render-pipelines.universal/Runtime/Materials/Lit.mat using Guid(31321ba15b8f8eb4c954353edc038b1d) Importer(815301076,1909f56bfc062723c751e8b465ee728b)  -> (artifact id: '000685667114c4427648f9c3a94c4887') in 0.000437 seconds
Number of updated asset objects reloaded before import = 0
Number of asset objects unloaded after import = 0
========================================================================
Received Import Request.
  Time since last request: 0.328464 seconds.
  path: Packages/com.unity.render-pipelines.universal/Runtime/Materials/Sprite-Lit-Default.mat
  artifactKey: Guid(a97c105638bdf8b4a8650670310a4cd3) Importer(815301076,1909f56bfc062723c751e8b465ee728b)
Start importing Packages/com.unity.render-pipelines.universal/Runtime/Materials/Sprite-Lit-Default.mat using Guid(a97c105638bdf8b4a8650670310a4cd3) Importer(815301076,1909f56bfc062723c751e8b465ee728b)  -> (artifact id: '9dfd2d89b80c421109477d7044bca72a') in 0.000796 seconds
Number of updated asset objects reloaded before import = 0
Number of asset objects unloaded after import = 1
========================================================================
Received Import Request.
  Time since last request: 0.454821 seconds.
  path: Packages/com.unity.render-pipelines.universal/Runtime/Materials/Sprite-Unlit-Default.mat
  artifactKey: Guid(9dfc825aed78fcd4ba02077103263b40) Importer(815301076,1909f56bfc062723c751e8b465ee728b)
Start importing Packages/com.unity.render-pipelines.universal/Runtime/Materials/Sprite-Unlit-Default.mat using Guid(9dfc825aed78fcd4ba02077103263b40) Importer(815301076,1909f56bfc062723c751e8b465ee728b)  -> (artifact id: '456fa86412dbaba5b93f8479dc3a9637') in 0.000728 seconds
Number of updated asset objects reloaded before import = 0
Number of asset objects unloaded after import = 1
========================================================================
Received Import Request.
  Time since last request: 0.000011 seconds.
  path: Packages/com.unity.render-pipelines.universal/Runtime/Materials/TerrainLit.mat
  artifactKey: Guid(594ea882c5a793440b60ff72d896021e) Importer(815301076,1909f56bfc062723c751e8b465ee728b)
Start importing Packages/com.unity.render-pipelines.universal/Runtime/Materials/TerrainLit.mat using Guid(594ea882c5a793440b60ff72d896021e) Importer(815301076,1909f56bfc062723c751e8b465ee728b)  -> (artifact id: '0e0834121565bb0218e493920a39a446') in 0.000525 seconds
Number of updated asset objects reloaded before import = 0
Number of asset objects unloaded after import = 0
========================================================================
Received Import Request.
  Time since last request: 356.264254 seconds.
  path: Assets/Prefab/Projectile/ParticlesUnlit.mat
  artifactKey: Guid(25a8fa5b59469874e948911170a73c07) Importer(815301076,1909f56bfc062723c751e8b465ee728b)
Start importing Assets/Prefab/Projectile/ParticlesUnlit.mat using Guid(25a8fa5b59469874e948911170a73c07) Importer(815301076,1909f56bfc062723c751e8b465ee728b)  -> (artifact id: '5acc5ae8f1578f3bb1e0dd69d6288850') in 0.000952 seconds
Number of updated asset objects reloaded before import = 0
Number of asset objects unloaded after import = 1
========================================================================
Received Import Request.
  Time since last request: 69.172846 seconds.
  path: Assets/Prefab/spark_05_rotated.png
  artifactKey: Guid(556a79beef080cd4b8ec77aad76d211b) Importer(815301076,1909f56bfc062723c751e8b465ee728b)
Start importing Assets/Prefab/spark_05_rotated.png using Guid(556a79beef080cd4b8ec77aad76d211b) Importer(815301076,1909f56bfc062723c751e8b465ee728b)  -> (artifact id: '3810114c63349e25d1e40b736019c91d') in 0.001422 seconds
Number of updated asset objects reloaded before import = 0
Number of asset objects unloaded after import = 1
========================================================================
Received Import Request.
  Time since last request: 18.237035 seconds.
  path: Assets/Prefab/Projectile/Thunder particle.mat
  artifactKey: Guid(25a8fa5b59469874e948911170a73c07) Importer(815301076,1909f56bfc062723c751e8b465ee728b)
Start importing Assets/Prefab/Projectile/Thunder particle.mat using Guid(25a8fa5b59469874e948911170a73c07) Importer(815301076,1909f56bfc062723c751e8b465ee728b)  -> (artifact id: 'd404b7529c79ff7a5308ae64723aed83') in 0.000931 seconds
Number of updated asset objects reloaded before import = 0
Number of asset objects unloaded after import = 1
========================================================================
Received Import Request.
  Time since last request: 58.158301 seconds.
  path: Assets/Prefab/Projectile/Particles
  artifactKey: Guid(ae833ef8f3c4aea4a83c0540e219a942) Importer(815301076,1909f56bfc062723c751e8b465ee728b)
Start importing Assets/Prefab/Projectile/Particles using Guid(ae833ef8f3c4aea4a83c0540e219a942) Importer(815301076,1909f56bfc062723c751e8b465ee728b)  -> (artifact id: '6de1c7930c4d2cfd72f77f390ffe2b7b') in 0.000374 seconds
Number of updated asset objects reloaded before import = 0
Number of asset objects unloaded after import = 0
========================================================================
Received Import Request.
  Time since last request: 8.643401 seconds.
  path: Assets/Prefab/Projectile/Particles/trace_07_rotated.png
  artifactKey: Guid(8272311545dd6b74bb2ad395d1960e99) Importer(815301076,1909f56bfc062723c751e8b465ee728b)
Start importing Assets/Prefab/Projectile/Particles/trace_07_rotated.png using Guid(8272311545dd6b74bb2ad395d1960e99) Importer(815301076,1909f56bfc062723c751e8b465ee728b)  -> (artifact id: '5d9d6e3c97d8ef3e5d219cb6032731a4') in 0.001059 seconds
Number of updated asset objects reloaded before import = 0
Number of asset objects unloaded after import = 1
========================================================================
Received Import Request.
  Time since last request: 9.649251 seconds.
  path: Assets/Prefab/Projectile/Thunder particle 1.mat
  artifactKey: Guid(3a475acceb0b0944cb58860256b2db92) Importer(815301076,1909f56bfc062723c751e8b465ee728b)
Start importing Assets/Prefab/Projectile/Thunder particle 1.mat using Guid(3a475acceb0b0944cb58860256b2db92) Importer(815301076,1909f56bfc062723c751e8b465ee728b)  -> (artifact id: '583d549273abbd94cc13624483e40008') in 0.000991 seconds
Number of updated asset objects reloaded before import = 0
Number of asset objects unloaded after import = 1
========================================================================
Received Import Request.
  Time since last request: 4.224486 seconds.
  path: Assets/Prefab/Projectile/LightLine.mat
  artifactKey: Guid(3a475acceb0b0944cb58860256b2db92) Importer(815301076,1909f56bfc062723c751e8b465ee728b)
Start importing Assets/Prefab/Projectile/LightLine.mat using Guid(3a475acceb0b0944cb58860256b2db92) Importer(815301076,1909f56bfc062723c751e8b465ee728b)  -> (artifact id: '8561da71b51ccb2efac5bce8392e35e6') in 0.000785 seconds
Number of updated asset objects reloaded before import = 0
Number of asset objects unloaded after import = 1
========================================================================
Received Import Request.
  Time since last request: 111.269402 seconds.
  path: Assets/Prefab/Projectile/Particles/trace_07_rotated.png
  artifactKey: Guid(8272311545dd6b74bb2ad395d1960e99) Importer(815301076,1909f56bfc062723c751e8b465ee728b)
Start importing Assets/Prefab/Projectile/Particles/trace_07_rotated.png using Guid(8272311545dd6b74bb2ad395d1960e99) Importer(815301076,1909f56bfc062723c751e8b465ee728b)  -> (artifact id: '9a624940c3a7bbde5c0f7d7346003c48') in 0.001155 seconds
Number of updated asset objects reloaded before import = 0
Number of asset objects unloaded after import = 2
========================================================================
Received Import Request.
  Time since last request: 5.237349 seconds.
  path: Assets/TextMesh Pro/Resources/Fonts & Materials/LiberationSans SDF - Fallback.asset
  artifactKey: Guid(2e498d1c8094910479dc3e1b768306a4) Importer(815301076,1909f56bfc062723c751e8b465ee728b)
Start importing Assets/TextMesh Pro/Resources/Fonts & Materials/LiberationSans SDF - Fallback.asset using Guid(2e498d1c8094910479dc3e1b768306a4) Importer(815301076,1909f56bfc062723c751e8b465ee728b)  -> (artifact id: 'a8e6600c2bbfee344c8d8bc63eed143a') in 0.009017 seconds
Number of updated asset objects reloaded before import = 0
Number of asset objects unloaded after import = 5
========================================================================
Received Import Request.
  Time since last request: 0.000010 seconds.
  path: Assets/OToon- URP Toon Shading/Demo(Can be delete)/Scenes/1 Tutorials/Materials/Lit.mat
  artifactKey: Guid(2a828c548b639104f86a42b4867545b5) Importer(815301076,1909f56bfc062723c751e8b465ee728b)
Start importing Assets/OToon- URP Toon Shading/Demo(Can be delete)/Scenes/1 Tutorials/Materials/Lit.mat using Guid(2a828c548b639104f86a42b4867545b5) Importer(815301076,1909f56bfc062723c751e8b465ee728b)  -> (artifact id: 'd83c10e4e44059d1ee3b8ff0eb1da551') in 0.000968 seconds
Number of updated asset objects reloaded before import = 0
Number of asset objects unloaded after import = 1
========================================================================
Received Import Request.
  Time since last request: 0.000013 seconds.
  path: Assets/Hovl Studio/HSFiles/Materials/LineDistort1cg.mat
  artifactKey: Guid(7d16bb6aa52cb704b9c34540e4c3a9aa) Importer(815301076,1909f56bfc062723c751e8b465ee728b)
Start importing Assets/Hovl Studio/HSFiles/Materials/LineDistort1cg.mat using Guid(7d16bb6aa52cb704b9c34540e4c3a9aa) Importer(815301076,1909f56bfc062723c751e8b465ee728b)  -> (artifact id: '9319bfb0153e8170ea05e99f025dcb53') in 0.000849 seconds
Number of updated asset objects reloaded before import = 0
Number of asset objects unloaded after import = 1
========================================================================
Received Import Request.
  Time since last request: 0.000068 seconds.
  path: Assets/OToon- URP Toon Shading/Demo(Can be delete)/Plugins/UnityChanSSU/Materials/Logo.mat
  artifactKey: Guid(f70cfa638a49fb04ea818fa9322b0311) Importer(815301076,1909f56bfc062723c751e8b465ee728b)
Start importing Assets/OToon- URP Toon Shading/Demo(Can be delete)/Plugins/UnityChanSSU/Materials/Logo.mat using Guid(f70cfa638a49fb04ea818fa9322b0311) Importer(815301076,1909f56bfc062723c751e8b465ee728b)  -> (artifact id: '553ea376e921fa72aceec857ac7b6760') in 0.000617 seconds
Number of updated asset objects reloaded before import = 0
Number of asset objects unloaded after import = 1
========================================================================
Received Import Request.
  Time since last request: 0.025754 seconds.
  path: Assets/Hovl Studio/HSFiles/Materials/MagicCircle23bcg.mat
  artifactKey: Guid(4473021d276d6f541874d74fa86176df) Importer(815301076,1909f56bfc062723c751e8b465ee728b)
Start importing Assets/Hovl Studio/HSFiles/Materials/MagicCircle23bcg.mat using Guid(4473021d276d6f541874d74fa86176df) Importer(815301076,1909f56bfc062723c751e8b465ee728b)  -> (artifact id: 'ee5a7d0d64449cb3f7a3ccc407ef4cd6') in 0.000967 seconds
Number of updated asset objects reloaded before import = 0
Number of asset objects unloaded after import = 1
========================================================================
Received Import Request.
  Time since last request: 2.100153 seconds.
  path: Assets/Hovl Studio/HSFiles/Materials/MagicCircle26bcg.mat
  artifactKey: Guid(71f3a29fde4372348814330cd6907d07) Importer(815301076,1909f56bfc062723c751e8b465ee728b)
Start importing Assets/Hovl Studio/HSFiles/Materials/MagicCircle26bcg.mat using Guid(71f3a29fde4372348814330cd6907d07) Importer(815301076,1909f56bfc062723c751e8b465ee728b)  -> (artifact id: '96de0f1c62524b21b477d30437f52f63') in 0.000836 seconds
Number of updated asset objects reloaded before import = 0
Number of asset objects unloaded after import = 1
========================================================================
Received Import Request.
  Time since last request: 0.055577 seconds.
  path: Assets/Hovl Studio/HSFiles/Materials/MagicCircle28bcg.mat
  artifactKey: Guid(d30370e4694cfe541b2f51be90a9f11d) Importer(815301076,1909f56bfc062723c751e8b465ee728b)
Start importing Assets/Hovl Studio/HSFiles/Materials/MagicCircle28bcg.mat using Guid(d30370e4694cfe541b2f51be90a9f11d) Importer(815301076,1909f56bfc062723c751e8b465ee728b)  -> (artifact id: '200d028a5c9006f7e9747373d6de87ac') in 0.000881 seconds
Number of updated asset objects reloaded before import = 0
Number of asset objects unloaded after import = 1
========================================================================
Received Import Request.
  Time since last request: 0.026400 seconds.
  path: Assets/Hovl Studio/HSFiles/Materials/MagicCircle31bcg.mat
  artifactKey: Guid(484ca6693678d664092bcb9f49cb9e01) Importer(815301076,1909f56bfc062723c751e8b465ee728b)
Start importing Assets/Hovl Studio/HSFiles/Materials/MagicCircle31bcg.mat using Guid(484ca6693678d664092bcb9f49cb9e01) Importer(815301076,1909f56bfc062723c751e8b465ee728b)  -> (artifact id: '49410ea220ca51325224f10e16429d63') in 0.000765 seconds
Number of updated asset objects reloaded before import = 0
Number of asset objects unloaded after import = 1
========================================================================
Received Import Request.
  Time since last request: 0.039935 seconds.
  path: Assets/Hovl Studio/HSFiles/Materials/MagicCircle33cg.mat
  artifactKey: Guid(238167bba4c704142974cb847f741b22) Importer(815301076,1909f56bfc062723c751e8b465ee728b)
Start importing Assets/Hovl Studio/HSFiles/Materials/MagicCircle33cg.mat using Guid(238167bba4c704142974cb847f741b22) Importer(815301076,1909f56bfc062723c751e8b465ee728b)  -> (artifact id: '555bdb13b7083a39f0144d976facd2d0') in 0.000812 seconds
Number of updated asset objects reloaded before import = 0
Number of asset objects unloaded after import = 1
========================================================================
Received Import Request.
  Time since last request: 7.888034 seconds.
  path: Assets/Hovl Studio/HSFiles/Materials/MagicCircle37bcg.mat
  artifactKey: Guid(88aff1d5a8660544cb706d2e7d3414ac) Importer(815301076,1909f56bfc062723c751e8b465ee728b)
Start importing Assets/Hovl Studio/HSFiles/Materials/MagicCircle37bcg.mat using Guid(88aff1d5a8660544cb706d2e7d3414ac) Importer(815301076,1909f56bfc062723c751e8b465ee728b)  -> (artifact id: '83f96b96b0ffe0106eaee3bf0ace483e') in 0.000810 seconds
Number of updated asset objects reloaded before import = 0
Number of asset objects unloaded after import = 1
========================================================================
Received Import Request.
  Time since last request: 0.070695 seconds.
  path: Assets/Hovl Studio/HSFiles/Materials/MagicCircle50bcg.mat
  artifactKey: Guid(30c424462325f0f4fa38fcc7ddc6798d) Importer(815301076,1909f56bfc062723c751e8b465ee728b)
Start importing Assets/Hovl Studio/HSFiles/Materials/MagicCircle50bcg.mat using Guid(30c424462325f0f4fa38fcc7ddc6798d) Importer(815301076,1909f56bfc062723c751e8b465ee728b)  -> (artifact id: 'f3eedad00035983904157f44513cb6a3') in 0.000819 seconds
Number of updated asset objects reloaded before import = 0
Number of asset objects unloaded after import = 1
========================================================================
Received Import Request.
  Time since last request: 0.232499 seconds.
  path: Assets/Hovl Studio/HSFiles/Materials/MagicCircle70bcg.mat
  artifactKey: Guid(4c4a98984b278eb4e9c18ff9ef924d75) Importer(815301076,1909f56bfc062723c751e8b465ee728b)
Start importing Assets/Hovl Studio/HSFiles/Materials/MagicCircle70bcg.mat using Guid(4c4a98984b278eb4e9c18ff9ef924d75) Importer(815301076,1909f56bfc062723c751e8b465ee728b)  -> (artifact id: '58686b1570f21e41ca2793ea801f65f1') in 0.000895 seconds
Number of updated asset objects reloaded before import = 0
Number of asset objects unloaded after import = 1
========================================================================
Received Import Request.
  Time since last request: 0.045783 seconds.
  path: Assets/Hovl Studio/HSFiles/Materials/Marker1bcg.mat
  artifactKey: Guid(88c24ed64102632468dc768f610134a6) Importer(815301076,1909f56bfc062723c751e8b465ee728b)
Start importing Assets/Hovl Studio/HSFiles/Materials/Marker1bcg.mat using Guid(88c24ed64102632468dc768f610134a6) Importer(815301076,1909f56bfc062723c751e8b465ee728b)  -> (artifact id: 'ef6467b65ddfb025469606ef3976fa2b') in 0.000810 seconds
Number of updated asset objects reloaded before import = 0
Number of asset objects unloaded after import = 1
========================================================================
Received Import Request.
  Time since last request: 0.037669 seconds.
  path: Assets/Hovl Studio/HSFiles/Materials/Mask23bcg2.mat
  artifactKey: Guid(38f885e4ae2b4e74b85ed321e5394417) Importer(815301076,1909f56bfc062723c751e8b465ee728b)
Start importing Assets/Hovl Studio/HSFiles/Materials/Mask23bcg2.mat using Guid(38f885e4ae2b4e74b85ed321e5394417) Importer(815301076,1909f56bfc062723c751e8b465ee728b)  -> (artifact id: '4ae3cf0d4c3c484035d343c09655252d') in 0.000774 seconds
Number of updated asset objects reloaded before import = 0
Number of asset objects unloaded after import = 1
========================================================================
Received Import Request.
  Time since last request: 0.284165 seconds.
  path: Assets/Hovl Studio/HSFiles/Materials/Mask29cg.mat
  artifactKey: Guid(a59567205a04c6b439beb2b7b80c0d8e) Importer(815301076,1909f56bfc062723c751e8b465ee728b)
Start importing Assets/Hovl Studio/HSFiles/Materials/Mask29cg.mat using Guid(a59567205a04c6b439beb2b7b80c0d8e) Importer(815301076,1909f56bfc062723c751e8b465ee728b)  -> (artifact id: '403b91e5cb868b32eafaaec032c1994f') in 0.000848 seconds
Number of updated asset objects reloaded before import = 0
Number of asset objects unloaded after import = 1
========================================================================
Received Import Request.
  Time since last request: 0.052800 seconds.
  path: Assets/Hovl Studio/HSFiles/Materials/Mask31cg.mat
  artifactKey: Guid(ff35361f97911be438f83196315394d5) Importer(815301076,1909f56bfc062723c751e8b465ee728b)
Start importing Assets/Hovl Studio/HSFiles/Materials/Mask31cg.mat using Guid(ff35361f97911be438f83196315394d5) Importer(815301076,1909f56bfc062723c751e8b465ee728b)  -> (artifact id: 'f43b69127552bb286e99c848448941cf') in 0.000812 seconds
Number of updated asset objects reloaded before import = 0
Number of asset objects unloaded after import = 1
========================================================================
Received Import Request.
  Time since last request: 0.547273 seconds.
  path: Assets/OToon- URP Toon Shading/Demo(Can be delete)/Plugins/unity-chan!/Unity-chan! Model/Art/Materials/Left.mat
  artifactKey: Guid(00cf17fb11d4e76448c2096f7ee6aa4f) Importer(815301076,1909f56bfc062723c751e8b465ee728b)
Start importing Assets/OToon- URP Toon Shading/Demo(Can be delete)/Plugins/unity-chan!/Unity-chan! Model/Art/Materials/Left.mat using Guid(00cf17fb11d4e76448c2096f7ee6aa4f) Importer(815301076,1909f56bfc062723c751e8b465ee728b)  -> (artifact id: '730870f9b40a806e10d4ad1ab068c1ae') in 0.000812 seconds
Number of updated asset objects reloaded before import = 0
Number of asset objects unloaded after import = 1
========================================================================
Received Import Request.
  Time since last request: 0.001525 seconds.
  path: Assets/TextMesh Pro/Examples & Extras/Resources/Fonts & Materials/LiberationSans SDF - Metalic Green.mat
  artifactKey: Guid(8b29aaa3eec7468097ff07adfcf29ac9) Importer(815301076,1909f56bfc062723c751e8b465ee728b)
Start importing Assets/TextMesh Pro/Examples & Extras/Resources/Fonts & Materials/LiberationSans SDF - Metalic Green.mat using Guid(8b29aaa3eec7468097ff07adfcf29ac9) Importer(815301076,1909f56bfc062723c751e8b465ee728b)  -> (artifact id: 'e86061bcf477ffbdb74925f1cc8e4e66') in 0.000817 seconds
Number of updated asset objects reloaded before import = 0
Number of asset objects unloaded after import = 1
========================================================================
Received Import Request.
  Time since last request: 0.717445 seconds.
  path: Assets/TextMesh Pro/Resources/Fonts & Materials/LiberationSans SDF - Outline.mat
  artifactKey: Guid(79459efec17a4d00a321bdcc27bbc385) Importer(815301076,1909f56bfc062723c751e8b465ee728b)
Start importing Assets/TextMesh Pro/Resources/Fonts & Materials/LiberationSans SDF - Outline.mat using Guid(79459efec17a4d00a321bdcc27bbc385) Importer(815301076,1909f56bfc062723c751e8b465ee728b)  -> (artifact id: 'ddc4d759ec55ec47fa937258aff8c70c') in 0.000835 seconds
Number of updated asset objects reloaded before import = 0
Number of asset objects unloaded after import = 1
========================================================================
Received Import Request.
  Time since last request: 0.139964 seconds.
  path: Assets/TextMesh Pro/Examples & Extras/Resources/Fonts & Materials/LiberationSans SDF - Overlay.mat
  artifactKey: Guid(9ad269c99dcf42b7aedefd83dd5a7b9d) Importer(815301076,1909f56bfc062723c751e8b465ee728b)
Start importing Assets/TextMesh Pro/Examples & Extras/Resources/Fonts & Materials/LiberationSans SDF - Overlay.mat using Guid(9ad269c99dcf42b7aedefd83dd5a7b9d) Importer(815301076,1909f56bfc062723c751e8b465ee728b)  -> (artifact id: 'd0563d93d43fe5868c4f5b863b1ef443') in 0.000880 seconds
Number of updated asset objects reloaded before import = 0
Number of asset objects unloaded after import = 1
========================================================================
Received Import Request.
  Time since last request: 0.029675 seconds.
  path: Assets/TextMesh Pro/Examples & Extras/Resources/Fonts & Materials/LiberationSans SDF - Soft Mask.mat
  artifactKey: Guid(42df1c7856584b6b8db9a509b6b10074) Importer(815301076,1909f56bfc062723c751e8b465ee728b)
Start importing Assets/TextMesh Pro/Examples & Extras/Resources/Fonts & Materials/LiberationSans SDF - Soft Mask.mat using Guid(42df1c7856584b6b8db9a509b6b10074) Importer(815301076,1909f56bfc062723c751e8b465ee728b)  -> (artifact id: 'ba982522d522a9ac04a39606317f6eaf') in 0.000814 seconds
Number of updated asset objects reloaded before import = 0
Number of asset objects unloaded after import = 1
========================================================================
Received Import Request.
  Time since last request: 0.030839 seconds.
  path: Assets/OToon- URP Toon Shading/Demo(Can be delete)/Scenes/1 Tutorials/Materials/2Gradient.mat
  artifactKey: Guid(c34c71bf631e07d45913f276b3d0d5c8) Importer(815301076,1909f56bfc062723c751e8b465ee728b)
Start importing Assets/OToon- URP Toon Shading/Demo(Can be delete)/Scenes/1 Tutorials/Materials/2Gradient.mat using Guid(c34c71bf631e07d45913f276b3d0d5c8) Importer(815301076,1909f56bfc062723c751e8b465ee728b)  -> (artifact id: '9ff45a29a161240ede9a9106182fffe3') in 0.001082 seconds
Number of updated asset objects reloaded before import = 0
Number of asset objects unloaded after import = 1
========================================================================
Received Import Request.
  Time since last request: 0.002140 seconds.
  path: Assets/OToon- URP Toon Shading/Demo(Can be delete)/Scenes/1 Tutorials/Materials/2Tone.mat
  artifactKey: Guid(7e9130d5f5e985f408b8b225781a498b) Importer(815301076,1909f56bfc062723c751e8b465ee728b)
Start importing Assets/OToon- URP Toon Shading/Demo(Can be delete)/Scenes/1 Tutorials/Materials/2Tone.mat using Guid(7e9130d5f5e985f408b8b225781a498b) Importer(815301076,1909f56bfc062723c751e8b465ee728b)  -> (artifact id: '5182d0ed1ccbd09c0ca29785063f1b19') in 0.000834 seconds
Number of updated asset objects reloaded before import = 0
Number of asset objects unloaded after import = 1
========================================================================
Received Import Request.
  Time since last request: 0.700453 seconds.
  path: Assets/OToon- URP Toon Shading/Demo(Can be delete)/Scenes/1 Tutorials/Materials/2Tone&Custom Shadow.mat
  artifactKey: Guid(aa82b3a1a5c4e564dbf7a9f31702e87e) Importer(815301076,1909f56bfc062723c751e8b465ee728b)
Start importing Assets/OToon- URP Toon Shading/Demo(Can be delete)/Scenes/1 Tutorials/Materials/2Tone&Custom Shadow.mat using Guid(aa82b3a1a5c4e564dbf7a9f31702e87e) Importer(815301076,1909f56bfc062723c751e8b465ee728b)  -> (artifact id: '2815adb68c9514e041fd385b70d9870b') in 0.001132 seconds
Number of updated asset objects reloaded before import = 0
Number of asset objects unloaded after import = 1
========================================================================
Received Import Request.
  Time since last request: 0.013610 seconds.
  path: Assets/OToon- URP Toon Shading/Demo(Can be delete)/Scenes/1 Tutorials/Materials/2ToneCustom.mat
  artifactKey: Guid(e80b8466ac6f6fd4299911d0bf5b0f56) Importer(815301076,1909f56bfc062723c751e8b465ee728b)
Start importing Assets/OToon- URP Toon Shading/Demo(Can be delete)/Scenes/1 Tutorials/Materials/2ToneCustom.mat using Guid(e80b8466ac6f6fd4299911d0bf5b0f56) Importer(815301076,1909f56bfc062723c751e8b465ee728b)  -> (artifact id: 'de7a5bde896a22f6513e141e12a09e19') in 0.000823 seconds
Number of updated asset objects reloaded before import = 0
Number of asset objects unloaded after import = 1
========================================================================
Received Import Request.
  Time since last request: 0.424244 seconds.
  path: Assets/OToon- URP Toon Shading/Demo(Can be delete)/Scenes/1 Tutorials/Materials/3Gradient.mat
  artifactKey: Guid(7f17688d85495824cbb5cf85a0e99acc) Importer(815301076,1909f56bfc062723c751e8b465ee728b)
Start importing Assets/OToon- URP Toon Shading/Demo(Can be delete)/Scenes/1 Tutorials/Materials/3Gradient.mat using Guid(7f17688d85495824cbb5cf85a0e99acc) Importer(815301076,1909f56bfc062723c751e8b465ee728b)  -> (artifact id: 'bc65f79c0aaad5d7de472759019722af') in 0.001038 seconds
Number of updated asset objects reloaded before import = 0
Number of asset objects unloaded after import = 1
========================================================================
Received Import Request.
  Time since last request: 0.671813 seconds.
  path: Assets/OToon- URP Toon Shading/Demo(Can be delete)/Scenes/1 Tutorials/Materials/3Gradient&Custom Shadow.mat
  artifactKey: Guid(17ecff4a61bcaa546b7dd992efbd606a) Importer(815301076,1909f56bfc062723c751e8b465ee728b)
Start importing Assets/OToon- URP Toon Shading/Demo(Can be delete)/Scenes/1 Tutorials/Materials/3Gradient&Custom Shadow.mat using Guid(17ecff4a61bcaa546b7dd992efbd606a) Importer(815301076,1909f56bfc062723c751e8b465ee728b)  -> (artifact id: '2b73f6aea884beb82e977d72a460abc6') in 0.000843 seconds
Number of updated asset objects reloaded before import = 0
Number of asset objects unloaded after import = 1
========================================================================
Received Import Request.
  Time since last request: 0.004143 seconds.
  path: Assets/OToon- URP Toon Shading/Demo(Can be delete)/Scenes/1 Tutorials/Materials/3Tone.mat
  artifactKey: Guid(bd893a1609a35fa4a973bb717778de1f) Importer(815301076,1909f56bfc062723c751e8b465ee728b)
Start importing Assets/OToon- URP Toon Shading/Demo(Can be delete)/Scenes/1 Tutorials/Materials/3Tone.mat using Guid(bd893a1609a35fa4a973bb717778de1f) Importer(815301076,1909f56bfc062723c751e8b465ee728b)  -> (artifact id: '78146292dbd398c7dd271cf7f89426ba') in 0.001047 seconds
Number of updated asset objects reloaded before import = 0
Number of asset objects unloaded after import = 1
========================================================================
Received Import Request.
  Time since last request: 0.731672 seconds.
  path: Assets/OToon- URP Toon Shading/Demo(Can be delete)/Scenes/1 Tutorials/Materials/3Tone ColorRampOverrideShadowColor.mat
  artifactKey: Guid(9e96832b37788b245ae7fea9c336984b) Importer(815301076,1909f56bfc062723c751e8b465ee728b)
Start importing Assets/OToon- URP Toon Shading/Demo(Can be delete)/Scenes/1 Tutorials/Materials/3Tone ColorRampOverrideShadowColor.mat using Guid(9e96832b37788b245ae7fea9c336984b) Importer(815301076,1909f56bfc062723c751e8b465ee728b)  -> (artifact id: 'fd9e79ac5730777e99c9756566e94e20') in 0.000860 seconds
Number of updated asset objects reloaded before import = 0
Number of asset objects unloaded after import = 1
========================================================================
Received Import Request.
  Time since last request: 0.001893 seconds.
  path: Assets/OToon- URP Toon Shading/Demo(Can be delete)/Scenes/1 Tutorials/Materials/3Tone&Custom Shadow.mat
  artifactKey: Guid(56a1a4ae12d70df4dae743091f782a2b) Importer(815301076,1909f56bfc062723c751e8b465ee728b)
Start importing Assets/OToon- URP Toon Shading/Demo(Can be delete)/Scenes/1 Tutorials/Materials/3Tone&Custom Shadow.mat using Guid(56a1a4ae12d70df4dae743091f782a2b) Importer(815301076,1909f56bfc062723c751e8b465ee728b)  -> (artifact id: '360eb0f3965a1de9f8c61694184b9d69') in 0.000958 seconds
Number of updated asset objects reloaded before import = 0
Number of asset objects unloaded after import = 1
========================================================================
Received Import Request.
  Time since last request: 0.004323 seconds.
  path: Assets/OToon- URP Toon Shading/Demo(Can be delete)/Scenes/1 Tutorials/Materials/3Tone&Custom Shadow_Alpha0.mat
  artifactKey: Guid(5599cc68b15386d4d86f9513a8c843b0) Importer(815301076,1909f56bfc062723c751e8b465ee728b)
Start importing Assets/OToon- URP Toon Shading/Demo(Can be delete)/Scenes/1 Tutorials/Materials/3Tone&Custom Shadow_Alpha0.mat using Guid(5599cc68b15386d4d86f9513a8c843b0) Importer(815301076,1909f56bfc062723c751e8b465ee728b)  -> (artifact id: '54756249795d91e6c7434abc1def4c7f') in 0.000947 seconds
Number of updated asset objects reloaded before import = 0
Number of asset objects unloaded after import = 1
========================================================================
Received Import Request.
  Time since last request: 3.127490 seconds.
  path: Assets/Hovl Studio/HSFiles/Materials/Laser6.mat
  artifactKey: Guid(d2f80ea13476e65469213a0ac0960e86) Importer(815301076,1909f56bfc062723c751e8b465ee728b)
Start importing Assets/Hovl Studio/HSFiles/Materials/Laser6.mat using Guid(d2f80ea13476e65469213a0ac0960e86) Importer(815301076,1909f56bfc062723c751e8b465ee728b)  -> (artifact id: '9440868c4c1d92bed4d854f9c25ee178') in 0.000981 seconds
Number of updated asset objects reloaded before import = 0
Number of asset objects unloaded after import = 1
========================================================================
Received Import Request.
  Time since last request: 0.000015 seconds.
  path: Assets/Hovl Studio/HSFiles/Materials/Leaf2bcg.mat
  artifactKey: Guid(fb8968d635192de48b0093a90853adfc) Importer(815301076,1909f56bfc062723c751e8b465ee728b)
Start importing Assets/Hovl Studio/HSFiles/Materials/Leaf2bcg.mat using Guid(fb8968d635192de48b0093a90853adfc) Importer(815301076,1909f56bfc062723c751e8b465ee728b)  -> (artifact id: '6f33bc43065a51c0c214762d10227565') in 0.000541 seconds
Number of updated asset objects reloaded before import = 0
Number of asset objects unloaded after import = 1
========================================================================
Received Import Request.
  Time since last request: 0.054742 seconds.
  path: Assets/OToon- URP Toon Shading/Demo(Can be delete)/Scenes/2 NPRStyles RobotKyle/Material/Inverse.mat
  artifactKey: Guid(f151175c7db90dd44b0defff133e72c0) Importer(815301076,1909f56bfc062723c751e8b465ee728b)
Start importing Assets/OToon- URP Toon Shading/Demo(Can be delete)/Scenes/2 NPRStyles RobotKyle/Material/Inverse.mat using Guid(f151175c7db90dd44b0defff133e72c0) Importer(815301076,1909f56bfc062723c751e8b465ee728b)  -> (artifact id: '56792966ec0dedd8682654beee96a6b9') in 0.000793 seconds
Number of updated asset objects reloaded before import = 0
Number of asset objects unloaded after import = 1
========================================================================
Received Import Request.
  Time since last request: 0.001306 seconds.
  path: Assets/OToon- URP Toon Shading/Demo(Can be delete)/Scenes/6 ShaderGraph RobotKyle/Material/Inverse.mat
  artifactKey: Guid(84fcab5445a51614b84c5bd7877c02c8) Importer(815301076,1909f56bfc062723c751e8b465ee728b)
Start importing Assets/OToon- URP Toon Shading/Demo(Can be delete)/Scenes/6 ShaderGraph RobotKyle/Material/Inverse.mat using Guid(84fcab5445a51614b84c5bd7877c02c8) Importer(815301076,1909f56bfc062723c751e8b465ee728b)  -> (artifact id: 'eefe04cd60e399ce714c398d05b47e27') in 0.001686 seconds
Number of updated asset objects reloaded before import = 0
Number of asset objects unloaded after import = 2
========================================================================
Received Import Request.
  Time since last request: 0.403006 seconds.
  path: Assets/OToon- URP Toon Shading/Demo(Can be delete)/Scenes/3 NPRStyles ShaderBall/Materials/Kirby.mat
  artifactKey: Guid(f84ecdec9aaa01d45a5cdc716d800b34) Importer(815301076,1909f56bfc062723c751e8b465ee728b)
Start importing Assets/OToon- URP Toon Shading/Demo(Can be delete)/Scenes/3 NPRStyles ShaderBall/Materials/Kirby.mat using Guid(f84ecdec9aaa01d45a5cdc716d800b34) Importer(815301076,1909f56bfc062723c751e8b465ee728b)  -> (artifact id: 'c449c500315da6bd6b5696a615e78ec4') in 0.000793 seconds
Number of updated asset objects reloaded before import = 0
Number of asset objects unloaded after import = 1
========================================================================
Received Import Request.
  Time since last request: 0.961665 seconds.
  path: Assets/OToon- URP Toon Shading/Demo(Can be delete)/Models/shaderBall.fbx
  artifactKey: Guid(1a8930b70cd269241acdf2b134ec2b04) Importer(815301076,1909f56bfc062723c751e8b465ee728b)
Start importing Assets/OToon- URP Toon Shading/Demo(Can be delete)/Models/shaderBall.fbx using Guid(1a8930b70cd269241acdf2b134ec2b04) Importer(815301076,1909f56bfc062723c751e8b465ee728b)  -> (artifact id: '41b410cf2fd451e2a6285e2e31e2a0f2') in 0.007051 seconds
Number of updated asset objects reloaded before import = 0
Number of asset objects unloaded after import = 37
========================================================================
Received Import Request.
  Time since last request: 0.669626 seconds.
  path: Assets/OToon- URP Toon Shading/Demo(Can be delete)/Scenes/1 Tutorials/Materials/Lamp.mat
  artifactKey: Guid(77b81407069a41044a0d7d2e09523faa) Importer(815301076,1909f56bfc062723c751e8b465ee728b)
Start importing Assets/OToon- URP Toon Shading/Demo(Can be delete)/Scenes/1 Tutorials/Materials/Lamp.mat using Guid(77b81407069a41044a0d7d2e09523faa) Importer(815301076,1909f56bfc062723c751e8b465ee728b)  -> (artifact id: 'd0b0cede07ad729753e90d81044519b7') in 0.000831 seconds
Number of updated asset objects reloaded before import = 0
Number of asset objects unloaded after import = 1
========================================================================
Received Import Request.
  Time since last request: 104.062041 seconds.
  path: Assets/Prefab/Projectile/MagicBullet.prefab
  artifactKey: Guid(ddd383d371e371a41a42561a4cfb7eea) Importer(815301076,1909f56bfc062723c751e8b465ee728b)
Start importing Assets/Prefab/Projectile/MagicBullet.prefab using Guid(ddd383d371e371a41a42561a4cfb7eea) Importer(815301076,1909f56bfc062723c751e8b465ee728b)  -> (artifact id: '50ac29c45962f1d2a6059b8cba0c6b20') in 0.003521 seconds
Number of updated asset objects reloaded before import = 0
Number of asset objects unloaded after import = 11
========================================================================
Received Prepare
Begin MonoManager ReloadAssembly
Symbol file LoadedFromMemory doesn't match image X:\Unity\Legacy\Library\PackageCache\com.unity.visualscripting@1.8.0\Editor\VisualScripting.Core\Dependencies\YamlDotNet\Unity.VisualScripting.YamlDotNet.dll
Symbol file LoadedFromMemory doesn't match image X:\Unity\Legacy\Library\PackageCache\com.unity.visualscripting@1.8.0\Editor\VisualScripting.Core\Dependencies\DotNetZip\Unity.VisualScripting.IonicZip.dll
- Loaded All Assemblies, in  0.463 seconds
Refreshing native plugins compatible for Editor in 1.47 ms, found 3 plugins.
Native extension for WindowsStandalone target not found
Mono: successfully reloaded assembly
- Finished resetting the current domain, in  0.777 seconds
Domain Reload Profiling: 1240ms
	BeginReloadAssembly (107ms)
		ExecutionOrderSort (0ms)
		DisableScriptedObjects (4ms)
		BackupInstance (0ms)
		ReleaseScriptingObjects (0ms)
		CreateAndSetChildDomain (34ms)
	RebuildCommonClasses (23ms)
	RebuildNativeTypeToScriptingClass (7ms)
	initialDomainReloadingComplete (20ms)
	LoadAllAssembliesAndSetupDomain (305ms)
		LoadAssemblies (161ms)
		RebuildTransferFunctionScriptingTraits (0ms)
		AnalyzeDomain (183ms)
			TypeCache.Refresh (176ms)
				TypeCache.ScanAssembly (166ms)
			ScanForSourceGeneratedMonoScriptInfo (0ms)
			ResolveRequiredComponents (8ms)
	FinalizeReload (778ms)
		ReleaseScriptCaches (0ms)
		RebuildScriptCaches (0ms)
		SetupLoadedEditorAssemblies (419ms)
			LogAssemblyErrors (0ms)
			InitializePlatformSupportModulesInManaged (4ms)
			SetLoadedEditorAssemblies (2ms)
			RefreshPlugins (0ms)
			BeforeProcessingInitializeOnLoad (57ms)
			ProcessInitializeOnLoadAttributes (299ms)
			ProcessInitializeOnLoadMethodAttributes (52ms)
			AfterProcessingInitializeOnLoad (5ms)
			EditorAssembliesLoaded (0ms)
		ExecutionOrderSort2 (0ms)
		AwakeInstancesAfterBackupRestoration (13ms)
Refreshing native plugins compatible for Editor in 2.37 ms, found 3 plugins.
Preloading 0 native plugins for Editor in 0.00 ms.
Unloading 5559 Unused Serialized files (Serialized files now loaded: 0)
Unloading 63 unused Assets / (2.0 MB). Loaded Objects now: 6370.
Memory consumption went from 271.9 MB to 269.8 MB.
Total: 4.603100 ms (FindLiveObjects: 0.700400 ms CreateObjectMapping: 0.170800 ms MarkObjects: 3.086400 ms  DeleteObjects: 0.644300 ms)

Prepare: number of updated asset objects reloaded= 0
AssetImportParameters requested are different than current active one (requested -> active):
  custom:container-demuxer-ogg: 62fdf1f143b41e24485cea50d1cbac27 -> 
  custom:video-codec-MediaFoundation-h265: 746d11721c4dcdbdad8f713fa42b33f4 -> 
  custom:video-decoder-ogg-theora: a1e56fd34408186e4bbccfd4996cb3dc -> 
  custom:framework-win-MediaFoundation: 216162199b28c13a410421893ffa2e32 -> 
  custom:container-demuxer-webm: 4f35f7cbe854078d1ac9338744f61a02 -> 
  custom:container-muxer-webm: aa71ff27fc2769a1b78a27578f13a17b -> 
  custom:video-decoder-webm-vp8: 9c59270c3fd7afecdb556c50c9e8de78 -> 
  custom:AudioImporter_EditorPlatform: d09bf68614088b80899f8185d706f6e7 -> 
  custom:video-encoder-webm-vp8: eb34c28f22e8b96e1ab97ce403110664 -> 
  custom:audio-decoder-ogg-vorbis: bf7c407c2cedff20999df2af8eb42d56 -> 
  custom:audio-encoder-webm-vorbis: bf7c407c2cedff20999df2af8eb42d56 -> 
========================================================================
Received Import Request.
  Time since last request: 242.820525 seconds.
  path: Assets/Prefab/Projectile/MagicBullet.prefab
  artifactKey: Guid(ddd383d371e371a41a42561a4cfb7eea) Importer(815301076,1909f56bfc062723c751e8b465ee728b)
Start importing Assets/Prefab/Projectile/MagicBullet.prefab using Guid(ddd383d371e371a41a42561a4cfb7eea) Importer(815301076,1909f56bfc062723c751e8b465ee728b)  -> (artifact id: '22651dcbc7989b067b96dc585b7191c7') in 0.020874 seconds
Number of updated asset objects reloaded before import = 0
Number of asset objects unloaded after import = 11
========================================================================
Received Prepare
Begin MonoManager ReloadAssembly
Symbol file LoadedFromMemory doesn't match image X:\Unity\Legacy\Library\PackageCache\com.unity.visualscripting@1.8.0\Editor\VisualScripting.Core\Dependencies\YamlDotNet\Unity.VisualScripting.YamlDotNet.dll
Symbol file LoadedFromMemory doesn't match image X:\Unity\Legacy\Library\PackageCache\com.unity.visualscripting@1.8.0\Editor\VisualScripting.Core\Dependencies\DotNetZip\Unity.VisualScripting.IonicZip.dll
- Loaded All Assemblies, in  0.442 seconds
Refreshing native plugins compatible for Editor in 1.49 ms, found 3 plugins.
Native extension for WindowsStandalone target not found
Mono: successfully reloaded assembly
- Finished resetting the current domain, in  0.790 seconds
Domain Reload Profiling: 1232ms
	BeginReloadAssembly (103ms)
		ExecutionOrderSort (0ms)
		DisableScriptedObjects (4ms)
		BackupInstance (0ms)
		ReleaseScriptingObjects (0ms)
		CreateAndSetChildDomain (33ms)
	RebuildCommonClasses (22ms)
	RebuildNativeTypeToScriptingClass (7ms)
	initialDomainReloadingComplete (20ms)
	LoadAllAssembliesAndSetupDomain (289ms)
		LoadAssemblies (146ms)
		RebuildTransferFunctionScriptingTraits (0ms)
		AnalyzeDomain (182ms)
			TypeCache.Refresh (175ms)
				TypeCache.ScanAssembly (166ms)
			ScanForSourceGeneratedMonoScriptInfo (0ms)
			ResolveRequiredComponents (8ms)
	FinalizeReload (791ms)
		ReleaseScriptCaches (0ms)
		RebuildScriptCaches (0ms)
		SetupLoadedEditorAssemblies (424ms)
			LogAssemblyErrors (0ms)
			InitializePlatformSupportModulesInManaged (4ms)
			SetLoadedEditorAssemblies (2ms)
			RefreshPlugins (0ms)
			BeforeProcessingInitializeOnLoad (54ms)
			ProcessInitializeOnLoadAttributes (307ms)
			ProcessInitializeOnLoadMethodAttributes (52ms)
			AfterProcessingInitializeOnLoad (5ms)
			EditorAssembliesLoaded (0ms)
		ExecutionOrderSort2 (0ms)
		AwakeInstancesAfterBackupRestoration (14ms)
Refreshing native plugins compatible for Editor in 1.81 ms, found 3 plugins.
Preloading 0 native plugins for Editor in 0.00 ms.
Unloading 5559 Unused Serialized files (Serialized files now loaded: 0)
Unloading 63 unused Assets / (2.0 MB). Loaded Objects now: 6386.
Memory consumption went from 271.9 MB to 269.8 MB.
Total: 4.172400 ms (FindLiveObjects: 0.374200 ms CreateObjectMapping: 0.157500 ms MarkObjects: 2.908700 ms  DeleteObjects: 0.731100 ms)

Prepare: number of updated asset objects reloaded= 0
AssetImportParameters requested are different than current active one (requested -> active):
  custom:container-demuxer-ogg: 62fdf1f143b41e24485cea50d1cbac27 -> 
  custom:video-codec-MediaFoundation-h265: 746d11721c4dcdbdad8f713fa42b33f4 -> 
  custom:video-decoder-ogg-theora: a1e56fd34408186e4bbccfd4996cb3dc -> 
  custom:framework-win-MediaFoundation: 216162199b28c13a410421893ffa2e32 -> 
  custom:container-demuxer-webm: 4f35f7cbe854078d1ac9338744f61a02 -> 
  custom:container-muxer-webm: aa71ff27fc2769a1b78a27578f13a17b -> 
  custom:video-decoder-webm-vp8: 9c59270c3fd7afecdb556c50c9e8de78 -> 
  custom:AudioImporter_EditorPlatform: d09bf68614088b80899f8185d706f6e7 -> 
  custom:video-encoder-webm-vp8: eb34c28f22e8b96e1ab97ce403110664 -> 
  custom:audio-decoder-ogg-vorbis: bf7c407c2cedff20999df2af8eb42d56 -> 
  custom:audio-encoder-webm-vorbis: bf7c407c2cedff20999df2af8eb42d56 -> 
========================================================================
Received Import Request.
  Time since last request: 12.600801 seconds.
  path: Assets/Prefab/Projectile/LightLine.mat
  artifactKey: Guid(3a475acceb0b0944cb58860256b2db92) Importer(815301076,1909f56bfc062723c751e8b465ee728b)
Start importing Assets/Prefab/Projectile/LightLine.mat using Guid(3a475acceb0b0944cb58860256b2db92) Importer(815301076,1909f56bfc062723c751e8b465ee728b)  -> (artifact id: '1b680c35095f0e4290c50fb99c43ee68') in 0.012176 seconds
Number of updated asset objects reloaded before import = 0
Number of asset objects unloaded after import = 1
