Using pre-set license
Built from '2022.3/release' branch; Version is '2022.3.0f1 (fb119bb0b476) revision 16454043'; Using compiler version '192829333'; Build Type 'Release'
OS: 'Windows 11  (10.0.22621) 64bit Professional' Language: 'en' Physical Memory: 32690 MB
BatchMode: 1, IsHumanControllingUs: 0, StartBugReporterOnCrash: 0, Is64bit: 1, IsPro: 1

COMMAND LINE ARGUMENTS:
C:\Program Files\Unity\Hub\Editor\2022.3.0f1\Editor\Unity.exe
-adb2
-batchMode
-noUpm
-name
AssetImportWorker4
-projectPath
X:/Unity/Legacy
-logFile
Logs/AssetImportWorker4.log
-srvPort
52413
Successfully changed project path to: X:/Unity/Legacy
X:/Unity/Legacy
[UnityMemory] Configuration Parameters - Can be set up in boot.config
    "memorysetup-bucket-allocator-granularity=16"
    "memorysetup-bucket-allocator-bucket-count=8"
    "memorysetup-bucket-allocator-block-size=33554432"
    "memorysetup-bucket-allocator-block-count=8"
    "memorysetup-main-allocator-block-size=16777216"
    "memorysetup-thread-allocator-block-size=16777216"
    "memorysetup-gfx-main-allocator-block-size=16777216"
    "memorysetup-gfx-thread-allocator-block-size=16777216"
    "memorysetup-cache-allocator-block-size=4194304"
    "memorysetup-typetree-allocator-block-size=2097152"
    "memorysetup-profiler-bucket-allocator-granularity=16"
    "memorysetup-profiler-bucket-allocator-bucket-count=8"
    "memorysetup-profiler-bucket-allocator-block-size=33554432"
    "memorysetup-profiler-bucket-allocator-block-count=8"
    "memorysetup-profiler-allocator-block-size=16777216"
    "memorysetup-profiler-editor-allocator-block-size=1048576"
    "memorysetup-temp-allocator-size-main=16777216"
    "memorysetup-job-temp-allocator-block-size=2097152"
    "memorysetup-job-temp-allocator-block-size-background=1048576"
    "memorysetup-job-temp-allocator-reduction-small-platforms=262144"
    "memorysetup-allocator-temp-initial-block-size-main=262144"
    "memorysetup-allocator-temp-initial-block-size-worker=262144"
    "memorysetup-temp-allocator-size-background-worker=32768"
    "memorysetup-temp-allocator-size-job-worker=262144"
    "memorysetup-temp-allocator-size-preload-manager=33554432"
    "memorysetup-temp-allocator-size-nav-mesh-worker=65536"
    "memorysetup-temp-allocator-size-audio-worker=65536"
    "memorysetup-temp-allocator-size-cloud-worker=32768"
    "memorysetup-temp-allocator-size-gi-baking-worker=262144"
    "memorysetup-temp-allocator-size-gfx=262144"
Player connection [31256] Host "[IP] 192.168.1.18 [Port] 0 [Flags] 2 [Guid] 3008478867 [EditorId] 3008478867 [Version] 1048832 [Id] WindowsEditor(7,D3D) [Debug] 1 [PackageName] WindowsEditor [ProjectName] Editor" joined multi-casting on [225.0.0.222:54997]...

Player connection [31256] Host "[IP] 192.168.1.18 [Port] 0 [Flags] 2 [Guid] 3008478867 [EditorId] 3008478867 [Version] 1048832 [Id] WindowsEditor(7,D3D) [Debug] 1 [PackageName] WindowsEditor [ProjectName] Editor" joined alternative multi-casting on [225.0.0.222:34997]...

Refreshing native plugins compatible for Editor in 4.61 ms, found 3 plugins.
Preloading 0 native plugins for Editor in 0.00 ms.
Initialize engine version: 2022.3.0f1 (fb119bb0b476)
[Subsystems] Discovering subsystems at path C:/Program Files/Unity/Hub/Editor/2022.3.0f1/Editor/Data/Resources/UnitySubsystems
[Subsystems] Discovering subsystems at path X:/Unity/Legacy/Assets
GfxDevice: creating device client; threaded=0; jobified=0
Direct3D:
    Version:  Direct3D 11.0 [level 11.1]
    Renderer: NVIDIA GeForce RTX 3080 (ID=0x2216)
    Vendor:   NVIDIA
    VRAM:     10067 MB
    Driver:   31.0.15.4584
Initialize mono
Mono path[0] = 'C:/Program Files/Unity/Hub/Editor/2022.3.0f1/Editor/Data/Managed'
Mono path[1] = 'C:/Program Files/Unity/Hub/Editor/2022.3.0f1/Editor/Data/MonoBleedingEdge/lib/mono/unityjit-win32'
Mono config path = 'C:/Program Files/Unity/Hub/Editor/2022.3.0f1/Editor/Data/MonoBleedingEdge/etc'
Using monoOptions --debugger-agent=transport=dt_socket,embedding=1,server=y,suspend=n,address=127.0.0.1:56132
Begin MonoManager ReloadAssembly
Registering precompiled unity dll's ...
Register platform support module: C:/Program Files/Unity/Hub/Editor/2022.3.0f1/Editor/Data/PlaybackEngines/WindowsStandaloneSupport/UnityEditor.WindowsStandalone.Extensions.dll
Registered in 0.004261 seconds.
- Loaded All Assemblies, in  0.214 seconds
Native extension for WindowsStandalone target not found
Mono: successfully reloaded assembly
- Finished resetting the current domain, in  0.183 seconds
Domain Reload Profiling: 396ms
	BeginReloadAssembly (55ms)
		ExecutionOrderSort (0ms)
		DisableScriptedObjects (0ms)
		BackupInstance (0ms)
		ReleaseScriptingObjects (0ms)
		CreateAndSetChildDomain (0ms)
	RebuildCommonClasses (22ms)
	RebuildNativeTypeToScriptingClass (7ms)
	initialDomainReloadingComplete (39ms)
	LoadAllAssembliesAndSetupDomain (89ms)
		LoadAssemblies (54ms)
		RebuildTransferFunctionScriptingTraits (0ms)
		AnalyzeDomain (86ms)
			TypeCache.Refresh (85ms)
				TypeCache.ScanAssembly (78ms)
			ScanForSourceGeneratedMonoScriptInfo (0ms)
			ResolveRequiredComponents (0ms)
	FinalizeReload (183ms)
		ReleaseScriptCaches (0ms)
		RebuildScriptCaches (0ms)
		SetupLoadedEditorAssemblies (144ms)
			LogAssemblyErrors (0ms)
			InitializePlatformSupportModulesInManaged (6ms)
			SetLoadedEditorAssemblies (5ms)
			RefreshPlugins (0ms)
			BeforeProcessingInitializeOnLoad (2ms)
			ProcessInitializeOnLoadAttributes (99ms)
			ProcessInitializeOnLoadMethodAttributes (33ms)
			AfterProcessingInitializeOnLoad (0ms)
			EditorAssembliesLoaded (0ms)
		ExecutionOrderSort2 (0ms)
		AwakeInstancesAfterBackupRestoration (0ms)
========================================================================
Worker process is ready to serve import requests
Begin MonoManager ReloadAssembly
Symbol file LoadedFromMemory doesn't match image X:\Unity\Legacy\Library\PackageCache\com.unity.visualscripting@1.8.0\Editor\VisualScripting.Core\Dependencies\YamlDotNet\Unity.VisualScripting.YamlDotNet.dll
Symbol file LoadedFromMemory doesn't match image X:\Unity\Legacy\Library\PackageCache\com.unity.visualscripting@1.8.0\Editor\VisualScripting.Core\Dependencies\DotNetZip\Unity.VisualScripting.IonicZip.dll
- Loaded All Assemblies, in  0.564 seconds
Refreshing native plugins compatible for Editor in 1.35 ms, found 3 plugins.
Native extension for WindowsStandalone target not found
Mono: successfully reloaded assembly
- Finished resetting the current domain, in  0.579 seconds
Domain Reload Profiling: 1143ms
	BeginReloadAssembly (108ms)
		ExecutionOrderSort (0ms)
		DisableScriptedObjects (4ms)
		BackupInstance (0ms)
		ReleaseScriptingObjects (0ms)
		CreateAndSetChildDomain (27ms)
	RebuildCommonClasses (24ms)
	RebuildNativeTypeToScriptingClass (9ms)
	initialDomainReloadingComplete (38ms)
	LoadAllAssembliesAndSetupDomain (384ms)
		LoadAssemblies (201ms)
		RebuildTransferFunctionScriptingTraits (0ms)
		AnalyzeDomain (233ms)
			TypeCache.Refresh (209ms)
				TypeCache.ScanAssembly (200ms)
			ScanForSourceGeneratedMonoScriptInfo (17ms)
			ResolveRequiredComponents (7ms)
	FinalizeReload (580ms)
		ReleaseScriptCaches (0ms)
		RebuildScriptCaches (0ms)
		SetupLoadedEditorAssemblies (458ms)
			LogAssemblyErrors (0ms)
			InitializePlatformSupportModulesInManaged (4ms)
			SetLoadedEditorAssemblies (3ms)
			RefreshPlugins (0ms)
			BeforeProcessingInitializeOnLoad (50ms)
			ProcessInitializeOnLoadAttributes (328ms)
			ProcessInitializeOnLoadMethodAttributes (68ms)
			AfterProcessingInitializeOnLoad (4ms)
			EditorAssembliesLoaded (0ms)
		ExecutionOrderSort2 (0ms)
		AwakeInstancesAfterBackupRestoration (4ms)
Launched and connected shader compiler UnityShaderCompiler.exe after 0.10 seconds
Refreshing native plugins compatible for Editor in 3.53 ms, found 3 plugins.
Preloading 0 native plugins for Editor in 0.00 ms.
Unloading 5755 Unused Serialized files (Serialized files now loaded: 0)
Unloading 116 unused Assets / (2.1 MB). Loaded Objects now: 6226.
Memory consumption went from 313.8 MB to 311.8 MB.
Total: 7.072800 ms (FindLiveObjects: 0.857800 ms CreateObjectMapping: 0.254600 ms MarkObjects: 4.956400 ms  DeleteObjects: 1.002700 ms)

AssetImportParameters requested are different than current active one (requested -> active):
  custom:container-demuxer-ogg: 62fdf1f143b41e24485cea50d1cbac27 -> 
  custom:scripting/monoscript/fileName/GradientSettingsManagerEditor.cs: 116698278040305cffb96911637764fa -> 
  custom:scripting/monoscript/fileName/SavedParameter.cs: 187cd2f4bbd1a95bf6c1c986a9e9fbba -> 64c84aac357c271c72f4da5f39dfec25
  custom:video-codec-MediaFoundation-h265: 746d11721c4dcdbdad8f713fa42b33f4 -> 
  custom:scripting/monoscript/fileName/EditorGUIhelper.cs: 78c17dc1925f84f8ed3ad0921833c0ab -> 
  custom:video-decoder-ogg-theora: a1e56fd34408186e4bbccfd4996cb3dc -> 
  custom:framework-win-MediaFoundation: 216162199b28c13a410421893ffa2e32 -> 
  custom:scripting/monoscript/fileName/DemoController.cs: a79f4f45e8149e940e84a16f32e29b4a -> 
  custom:scripting/monoscript/fileName/URPSetupHelper.cs: ebb8a28c7cb86005d4f6fbb486eb8d83 -> 
  custom:scripting/monoscript/fileName/OutlineObjectFeature.cs: afe2f04d96fc93cb59268c5b5f2e89bc -> 
  custom:scripting/monoscript/fileName/SpringBone.cs: 8e3da59ff24cb1e8bf1d444f3bafdc2e -> 989f2d558f1c00c3b0c7133fbe676485
  custom:scripting/monoscript/fileName/SceneHintController.cs: db19d3561f7ed8ed0bbb62502f1f3915 -> 
  custom:scripting/monoscript/fileName/ToggleExDrawer.cs: a4d1a8a7c0bb3856058954cb0911b475 -> 
  custom:scripting/monoscript/fileName/OtoonUpdateHelper.cs: 7a8171eda1bc5cbc4d2c89512292b3a1 -> 
  custom:container-demuxer-webm: 4f35f7cbe854078d1ac9338744f61a02 -> 
  custom:scripting/monoscript/fileName/PingPongMove.cs: 0e24ae84950c9113785adbd455530eb8 -> 
  custom:scripting/monoscript/fileName/AssetSingleton.cs: 90647cc400823b41df847a6cbfc29026 -> 
  custom:scripting/monoscript/fileName/OtoonCustomLitShader.cs: eefad59de9719bd9b239824b7e47d61b -> 
  custom:scripting/monoscript/fileName/GradientSettingsManager.cs: d70e5205145434c16626b195b906c798 -> 
  custom:scripting/monoscript/fileName/OtoonTooltip.cs: d4b0b437cd6931f37cece8c289fdfbe0 -> 
  custom:container-muxer-webm: aa71ff27fc2769a1b78a27578f13a17b -> 
  custom:scripting/monoscript/fileName/LegacyGradientDataTransferWizard.cs: 6dfc4e78b3dea0ce2cd1c30ad93a5cd1 -> 
  custom:video-decoder-webm-vp8: 9c59270c3fd7afecdb556c50c9e8de78 -> 
  custom:AudioImporter_EditorPlatform: d09bf68614088b80899f8185d706f6e7 -> 
  custom:scripting/monoscript/fileName/SpringBoneEditor.cs: 796735a53373d7de659c328e7404f332 -> 
  custom:scripting/monoscript/fileName/ZoomAndPan.cs: 896feb85106dd05686c532910f5b1237 -> 
  custom:scripting/monoscript/fileName/CameraController.cs: 38c2d66cd322ab1ad81cbae9930ea256 -> 1daac0040b3fce2177f6ca4f90eb8c5b
  custom:scripting/monoscript/fileName/DitherByCameraDistance.cs: f043f811fa43956d8a25967f78a9b40a -> 
  custom:scripting/monoscript/fileName/StandardBaseShaderGUI.cs: 339f4ae2080f1a75833bc08ffe519326 -> 
  custom:video-encoder-webm-vp8: eb34c28f22e8b96e1ab97ce403110664 -> 
  custom:scripting/monoscript/fileName/MinMaxDrawer.cs: 11d10197a1aa144ccbfa8fb5bf49c6a4 -> 
  custom:scripting/monoscript/fileName/OtoonShaderGraph.cs: 9a910048254f5b28ec71a068e5fe2902 -> 
  custom:audio-decoder-ogg-vorbis: bf7c407c2cedff20999df2af8eb42d56 -> 
  custom:scripting/monoscript/fileName/SplitDrawer.cs: d7cd316641c58894cc604699aa79c896 -> 
  custom:scripting/monoscript/fileName/OtoonLitShader.cs: aaf762dbd66474d70d181696b5568147 -> 
  custom:scripting/monoscript/fileName/ShowcaseDemoController.cs: 99a7c951c377ca9b274c68d374811cdc -> 
  custom:scripting/monoscript/fileName/SpherizeNormalCenterObject.cs: ede6eca3bd471f339510f213ac5103b4 -> 
  custom:audio-encoder-webm-vorbis: bf7c407c2cedff20999df2af8eb42d56 -> 
  custom:scripting/monoscript/fileName/Rotator.cs: 036d432b43c398bf9a4be23c5a95e694 -> 
  custom:scripting/monoscript/fileName/GradientExDrawer.cs: 1f18f9fb036cf16b9dece8fd02e5a346 -> 
========================================================================
Received Import Request.
  Time since last request: 71221.373508 seconds.
  path: Assets/Character/Arissa/Idle Passive.fbx
  artifactKey: Guid(350328eb97dd0d24f8545dbcc718422f) Importer(815301076,1909f56bfc062723c751e8b465ee728b)
Start importing Assets/Character/Arissa/Idle Passive.fbx using Guid(350328eb97dd0d24f8545dbcc718422f) Importer(815301076,1909f56bfc062723c751e8b465ee728b)  -> (artifact id: 'dcfb3a2e956a0af68eff6cd47d17ad76') in 0.019977 seconds
Number of updated asset objects reloaded before import = 0
Number of asset objects unloaded after import = 171
========================================================================
Received Import Request.
  Time since last request: 46.906763 seconds.
  path: Assets/Character/Arissa/Idle Passive.fbx
  artifactKey: Guid(350328eb97dd0d24f8545dbcc718422f) Importer(815301076,1909f56bfc062723c751e8b465ee728b)
Start importing Assets/Character/Arissa/Idle Passive.fbx using Guid(350328eb97dd0d24f8545dbcc718422f) Importer(815301076,1909f56bfc062723c751e8b465ee728b)  -> (artifact id: '4d73ef1a637bb002b3d52d07b195405c') in 0.004845 seconds
Number of updated asset objects reloaded before import = 0
Number of asset objects unloaded after import = 170
========================================================================
Received Import Request.
  Time since last request: 0.047665 seconds.
  path: Assets/Character/Arissa/Arissa_MAT.mat
  artifactKey: Guid(a07478cd24a95a644b11b89b6d44f04d) Importer(815301076,1909f56bfc062723c751e8b465ee728b)
Start importing Assets/Character/Arissa/Arissa_MAT.mat using Guid(a07478cd24a95a644b11b89b6d44f04d) Importer(815301076,1909f56bfc062723c751e8b465ee728b)  -> (artifact id: '12c29f91f31ad3c9e14374ce2adb4767') in 0.000787 seconds
Number of updated asset objects reloaded before import = 0
Number of asset objects unloaded after import = 1
========================================================================
Received Import Request.
  Time since last request: 3.458953 seconds.
  path: Assets/Character/Arissa/Idle Passive.fbx
  artifactKey: Guid(350328eb97dd0d24f8545dbcc718422f) Importer(815301076,1909f56bfc062723c751e8b465ee728b)
Start importing Assets/Character/Arissa/Idle Passive.fbx using Guid(350328eb97dd0d24f8545dbcc718422f) Importer(815301076,1909f56bfc062723c751e8b465ee728b)  -> (artifact id: 'b325e7a0cad8ac4d465d881e821ae503') in 0.003271 seconds
Number of updated asset objects reloaded before import = 0
Number of asset objects unloaded after import = 170
========================================================================
Received Import Request.
  Time since last request: 25.894852 seconds.
  path: Assets/Character/Arissa/Arissa_NM_normal.png
  artifactKey: Guid(84ca1b13623f1a6428f4c6664ebda6f5) Importer(815301076,1909f56bfc062723c751e8b465ee728b)
Start importing Assets/Character/Arissa/Arissa_NM_normal.png using Guid(84ca1b13623f1a6428f4c6664ebda6f5) Importer(815301076,1909f56bfc062723c751e8b465ee728b)  -> (artifact id: 'efb2274e026a1dfde8137c075afa1fff') in 0.001491 seconds
Number of updated asset objects reloaded before import = 0
Number of asset objects unloaded after import = 1
========================================================================
Received Import Request.
  Time since last request: 50.965591 seconds.
  path: Assets/Character/Arissa/Arissa_MAT.mat
  artifactKey: Guid(a07478cd24a95a644b11b89b6d44f04d) Importer(815301076,1909f56bfc062723c751e8b465ee728b)
Start importing Assets/Character/Arissa/Arissa_MAT.mat using Guid(a07478cd24a95a644b11b89b6d44f04d) Importer(815301076,1909f56bfc062723c751e8b465ee728b)  -> (artifact id: 'f740157559a5bfcb2e951db65040db31') in 0.000857 seconds
Number of updated asset objects reloaded before import = 0
Number of asset objects unloaded after import = 1
========================================================================
Received Import Request.
  Time since last request: 19.213592 seconds.
  path: Assets/Character/Shadow.controller
  artifactKey: Guid(ef38faf3bed20c845acc765c41a74e1b) Importer(815301076,1909f56bfc062723c751e8b465ee728b)
Start importing Assets/Character/Shadow.controller using Guid(ef38faf3bed20c845acc765c41a74e1b) Importer(815301076,1909f56bfc062723c751e8b465ee728b)  -> (artifact id: '99ff97d9079208ed7e5d109b47c52a85') in 0.027374 seconds
Number of updated asset objects reloaded before import = 0
Number of asset objects unloaded after import = 14
========================================================================
Received Import Request.
  Time since last request: 2.047598 seconds.
  path: Assets/Character/Arissa/Shadow.controller
  artifactKey: Guid(4798a026a9f12174b909788059b11581) Importer(815301076,1909f56bfc062723c751e8b465ee728b)
Start importing Assets/Character/Arissa/Shadow.controller using Guid(4798a026a9f12174b909788059b11581) Importer(815301076,1909f56bfc062723c751e8b465ee728b)  -> (artifact id: 'ed215342852c0056c1643428a3cb7591') in 0.014607 seconds
Number of updated asset objects reloaded before import = 0
Number of asset objects unloaded after import = 14
========================================================================
Received Import Request.
  Time since last request: 4.553686 seconds.
  path: Assets/Character/Arissa/Arisa.controller
  artifactKey: Guid(4798a026a9f12174b909788059b11581) Importer(815301076,1909f56bfc062723c751e8b465ee728b)
Start importing Assets/Character/Arissa/Arisa.controller using Guid(4798a026a9f12174b909788059b11581) Importer(815301076,1909f56bfc062723c751e8b465ee728b)  -> (artifact id: 'f77e61114e1eb5fc1874daf91e7769f1') in 0.016178 seconds
Number of updated asset objects reloaded before import = 0
Number of asset objects unloaded after import = 14
========================================================================
Received Import Request.
  Time since last request: 3.706949 seconds.
  path: Assets/Character/Arissa/Arissa.controller
  artifactKey: Guid(4798a026a9f12174b909788059b11581) Importer(815301076,1909f56bfc062723c751e8b465ee728b)
Start importing Assets/Character/Arissa/Arissa.controller using Guid(4798a026a9f12174b909788059b11581) Importer(815301076,1909f56bfc062723c751e8b465ee728b)  -> (artifact id: 'c7bc6870d870038fe8fac236a1958f09') in 0.013754 seconds
Number of updated asset objects reloaded before import = 0
Number of asset objects unloaded after import = 14
========================================================================
Received Import Request.
  Time since last request: 25.188632 seconds.
  path: Assets/Character/Arissa/mixamo.com.anim
  artifactKey: Guid(30e658c170566454884933b49bd2588c) Importer(815301076,1909f56bfc062723c751e8b465ee728b)
Start importing Assets/Character/Arissa/mixamo.com.anim using Guid(30e658c170566454884933b49bd2588c) Importer(815301076,1909f56bfc062723c751e8b465ee728b)  -> (artifact id: '2397147964b01da311b99c1602294418') in 0.017676 seconds
Number of updated asset objects reloaded before import = 0
Number of asset objects unloaded after import = 1
========================================================================
Received Import Request.
  Time since last request: 4.564229 seconds.
  path: Assets/Character/Arissa/Idle Passive.anim
  artifactKey: Guid(30e658c170566454884933b49bd2588c) Importer(815301076,1909f56bfc062723c751e8b465ee728b)
Start importing Assets/Character/Arissa/Idle Passive.anim using Guid(30e658c170566454884933b49bd2588c) Importer(815301076,1909f56bfc062723c751e8b465ee728b)  -> (artifact id: 'd6c180b01f049f67894348f0b2dbbc63') in 0.016518 seconds
Number of updated asset objects reloaded before import = 0
Number of asset objects unloaded after import = 1
========================================================================
Received Import Request.
  Time since last request: 4.852215 seconds.
  path: Assets/Character/Arissa/Animations
  artifactKey: Guid(646b46dfd5550ca47af636bee17aeb08) Importer(815301076,1909f56bfc062723c751e8b465ee728b)
Start importing Assets/Character/Arissa/Animations using Guid(646b46dfd5550ca47af636bee17aeb08) Importer(815301076,1909f56bfc062723c751e8b465ee728b)  -> (artifact id: '3e0c9061af392b5028f99e33714447f9') in 0.000370 seconds
Number of updated asset objects reloaded before import = 0
Number of asset objects unloaded after import = 0
========================================================================
Received Import Request.
  Time since last request: 6.701642 seconds.
  path: Assets/Character/Arissa/Arissa.controller
  artifactKey: Guid(4798a026a9f12174b909788059b11581) Importer(815301076,1909f56bfc062723c751e8b465ee728b)
Start importing Assets/Character/Arissa/Arissa.controller using Guid(4798a026a9f12174b909788059b11581) Importer(815301076,1909f56bfc062723c751e8b465ee728b)  -> (artifact id: 'b9396fc5a46f205e03a6a401571f093e') in 0.011194 seconds
Number of updated asset objects reloaded before import = 0
Number of asset objects unloaded after import = 14
========================================================================
Received Import Request.
  Time since last request: 21.497032 seconds.
  path: Assets/Character/Arissa/mixamo.com.anim
  artifactKey: Guid(87e2a268fdffdc34baf5eb60b83c3f40) Importer(815301076,1909f56bfc062723c751e8b465ee728b)
Start importing Assets/Character/Arissa/mixamo.com.anim using Guid(87e2a268fdffdc34baf5eb60b83c3f40) Importer(815301076,1909f56bfc062723c751e8b465ee728b)  -> (artifact id: '45a4580ce2a90f689151f8079b91aa6c') in 0.004334 seconds
Number of updated asset objects reloaded before import = 0
Number of asset objects unloaded after import = 1
========================================================================
Received Import Request.
  Time since last request: 8.282554 seconds.
  path: Assets/Character/Arissa/Walk Passive.anim
  artifactKey: Guid(87e2a268fdffdc34baf5eb60b83c3f40) Importer(815301076,1909f56bfc062723c751e8b465ee728b)
Start importing Assets/Character/Arissa/Walk Passive.anim using Guid(87e2a268fdffdc34baf5eb60b83c3f40) Importer(815301076,1909f56bfc062723c751e8b465ee728b)  -> (artifact id: '9f9ad726f4028520ec15c9fd524b7816') in 0.004171 seconds
Number of updated asset objects reloaded before import = 0
Number of asset objects unloaded after import = 1
========================================================================
Received Import Request.
  Time since last request: 5.756403 seconds.
  path: Assets/Character/Arissa/mixamo.com.anim
  artifactKey: Guid(cbb1c6c3740a83c4b93a775f8aae7b60) Importer(815301076,1909f56bfc062723c751e8b465ee728b)
Start importing Assets/Character/Arissa/mixamo.com.anim using Guid(cbb1c6c3740a83c4b93a775f8aae7b60) Importer(815301076,1909f56bfc062723c751e8b465ee728b)  -> (artifact id: '355ba91143ce18204a63dfadf583b462') in 0.002798 seconds
Number of updated asset objects reloaded before import = 0
Number of asset objects unloaded after import = 1
========================================================================
Received Import Request.
  Time since last request: 6.715662 seconds.
  path: Assets/Character/Arissa/Walk Combat.anim
  artifactKey: Guid(cbb1c6c3740a83c4b93a775f8aae7b60) Importer(815301076,1909f56bfc062723c751e8b465ee728b)
Start importing Assets/Character/Arissa/Walk Combat.anim using Guid(cbb1c6c3740a83c4b93a775f8aae7b60) Importer(815301076,1909f56bfc062723c751e8b465ee728b)  -> (artifact id: 'b308f5ec2ec21f01334b0388134fbdf5') in 0.002917 seconds
Number of updated asset objects reloaded before import = 0
Number of asset objects unloaded after import = 1
========================================================================
Received Import Request.
  Time since last request: 6.944845 seconds.
  path: Assets/Character/Arissa/mixamo.com.anim
  artifactKey: Guid(a3544de037d12d94c9762b292e9cea4f) Importer(815301076,1909f56bfc062723c751e8b465ee728b)
Start importing Assets/Character/Arissa/mixamo.com.anim using Guid(a3544de037d12d94c9762b292e9cea4f) Importer(815301076,1909f56bfc062723c751e8b465ee728b)  -> (artifact id: '87898e1d3dbc0caa70bdfe57e1d767ab') in 0.003491 seconds
Number of updated asset objects reloaded before import = 0
Number of asset objects unloaded after import = 1
========================================================================
Received Import Request.
  Time since last request: 6.093614 seconds.
  path: Assets/Character/Arissa/Stop Walking.anim
  artifactKey: Guid(a3544de037d12d94c9762b292e9cea4f) Importer(815301076,1909f56bfc062723c751e8b465ee728b)
Start importing Assets/Character/Arissa/Stop Walking.anim using Guid(a3544de037d12d94c9762b292e9cea4f) Importer(815301076,1909f56bfc062723c751e8b465ee728b)  -> (artifact id: 'bdbc540d868994c4fb5facc541b0730e') in 0.003554 seconds
Number of updated asset objects reloaded before import = 0
Number of asset objects unloaded after import = 1
========================================================================
Received Import Request.
  Time since last request: 10.416369 seconds.
  path: Assets/Character/Arissa/mixamo.com.anim
  artifactKey: Guid(6afd06031c14cfd41bd954a8423b44cd) Importer(815301076,1909f56bfc062723c751e8b465ee728b)
Start importing Assets/Character/Arissa/mixamo.com.anim using Guid(6afd06031c14cfd41bd954a8423b44cd) Importer(815301076,1909f56bfc062723c751e8b465ee728b)  -> (artifact id: '2e369981b531291cd0599f0cd89e459b') in 0.003480 seconds
Number of updated asset objects reloaded before import = 0
Number of asset objects unloaded after import = 1
========================================================================
Received Import Request.
  Time since last request: 4.914800 seconds.
  path: Assets/Character/Arissa/Run Passive.anim
  artifactKey: Guid(6afd06031c14cfd41bd954a8423b44cd) Importer(815301076,1909f56bfc062723c751e8b465ee728b)
Start importing Assets/Character/Arissa/Run Passive.anim using Guid(6afd06031c14cfd41bd954a8423b44cd) Importer(815301076,1909f56bfc062723c751e8b465ee728b)  -> (artifact id: '1291909e4e392cd717e6edd95e53b442') in 0.004440 seconds
Number of updated asset objects reloaded before import = 0
Number of asset objects unloaded after import = 1
========================================================================
Received Import Request.
  Time since last request: 6.529367 seconds.
  path: Assets/Character/Arissa/mixamo.com.anim
  artifactKey: Guid(5b8c681fdab759e45827ab3d890e2f40) Importer(815301076,1909f56bfc062723c751e8b465ee728b)
Start importing Assets/Character/Arissa/mixamo.com.anim using Guid(5b8c681fdab759e45827ab3d890e2f40) Importer(815301076,1909f56bfc062723c751e8b465ee728b)  -> (artifact id: '8649722b267fc7e754f24d4991777e2a') in 0.003340 seconds
Number of updated asset objects reloaded before import = 0
Number of asset objects unloaded after import = 1
========================================================================
Received Import Request.
  Time since last request: 6.718579 seconds.
  path: Assets/Character/Arissa/Run Jump Passive.anim
  artifactKey: Guid(5b8c681fdab759e45827ab3d890e2f40) Importer(815301076,1909f56bfc062723c751e8b465ee728b)
Start importing Assets/Character/Arissa/Run Jump Passive.anim using Guid(5b8c681fdab759e45827ab3d890e2f40) Importer(815301076,1909f56bfc062723c751e8b465ee728b)  -> (artifact id: '0f16aff8509f067968837b7a7f96a178') in 0.003343 seconds
Number of updated asset objects reloaded before import = 0
Number of asset objects unloaded after import = 1
========================================================================
Received Import Request.
  Time since last request: 10.215663 seconds.
  path: Assets/Character/Arissa/mixamo.com.anim
  artifactKey: Guid(a026cdd09bb044a4c8e29f19d5854d41) Importer(815301076,1909f56bfc062723c751e8b465ee728b)
Start importing Assets/Character/Arissa/mixamo.com.anim using Guid(a026cdd09bb044a4c8e29f19d5854d41) Importer(815301076,1909f56bfc062723c751e8b465ee728b)  -> (artifact id: '52e9f62bfe68cfed35a3652173964784') in 0.002819 seconds
Number of updated asset objects reloaded before import = 0
Number of asset objects unloaded after import = 1
========================================================================
Received Import Request.
  Time since last request: 5.422676 seconds.
  path: Assets/Character/Arissa/Run Combat.anim
  artifactKey: Guid(a026cdd09bb044a4c8e29f19d5854d41) Importer(815301076,1909f56bfc062723c751e8b465ee728b)
Start importing Assets/Character/Arissa/Run Combat.anim using Guid(a026cdd09bb044a4c8e29f19d5854d41) Importer(815301076,1909f56bfc062723c751e8b465ee728b)  -> (artifact id: '18295aae0fbd8dd94fc3a042517e2266') in 0.002752 seconds
Number of updated asset objects reloaded before import = 0
Number of asset objects unloaded after import = 1
